2023-11-08 10:55:50,745 - mmcls - INFO - Environment info:
------------------------------------------------------------
sys.platform: linux
Python: 3.8.17 | packaged by conda-forge | (default, Jun 16 2023, 07:06:00) [GCC 11.4.0]
CUDA available: True
GPU 0: NVIDIA GeForce RTX 3090
CUDA_HOME: /usr/local/cuda-11.6
NVCC: Build cuda_11.6.r11.6/compiler.31057947_0
GCC: gcc (GCC) 7.3.0
PyTorch: 1.8.0+cu111
PyTorch compiling details: PyTorch built with:
  - GCC 7.3
  - C++ Version: 201402
  - Intel(R) Math Kernel Library Version 2020.0.0 Product Build 20191122 for Intel(R) 64 architecture applications
  - Intel(R) MKL-DNN v1.7.0 (Git Hash 7aed236906b1f7a05c0917e5257a1af05e9ff683)
  - OpenMP 201511 (a.k.a. OpenMP 4.5)
  - NNPACK is enabled
  - CPU capability usage: AVX2
  - CUDA Runtime 11.1
  - NVCC architecture flags: -gencode;arch=compute_37,code=sm_37;-gencode;arch=compute_50,code=sm_50;-gencode;arch=compute_60,code=sm_60;-gencode;arch=compute_70,code=sm_70;-gencode;arch=compute_75,code=sm_75;-gencode;arch=compute_80,code=sm_80;-gencode;arch=compute_86,code=sm_86
  - CuDNN 8.0.5
  - Magma 2.5.2
  - Build settings: BLAS_INFO=mkl, BUILD_TYPE=Release, CUDA_VERSION=11.1, CUDNN_VERSION=8.0.5, CXX_COMPILER=/opt/rh/devtoolset-7/root/usr/bin/c++, CXX_FLAGS= -Wno-deprecated -fvisibility-inlines-hidden -DUSE_PTHREADPOOL -fopenmp -DNDEBUG -DUSE_KINETO -DUSE_FBGEMM -DUSE_QNNPACK -DUSE_PYTORCH_QNNPACK -DUSE_XNNPACK -O2 -fPIC -Wno-narrowing -Wall -Wextra -Werror=return-type -Wno-missing-field-initializers -Wno-type-limits -Wno-array-bounds -Wno-unknown-pragmas -Wno-sign-compare -Wno-unused-parameter -Wno-unused-variable -Wno-unused-function -Wno-unused-result -Wno-unused-local-typedefs -Wno-strict-overflow -Wno-strict-aliasing -Wno-error=deprecated-declarations -Wno-stringop-overflow -Wno-psabi -Wno-error=pedantic -Wno-error=redundant-decls -Wno-error=old-style-cast -fdiagnostics-color=always -faligned-new -Wno-unused-but-set-variable -Wno-maybe-uninitialized -fno-math-errno -fno-trapping-math -Werror=format -Wno-stringop-overflow, LAPACK_INFO=mkl, PERF_WITH_AVX=1, PERF_WITH_AVX2=1, PERF_WITH_AVX512=1, TORCH_VERSION=1.8.0, USE_CUDA=ON, USE_CUDNN=ON, USE_EXCEPTION_PTR=1, USE_GFLAGS=OFF, USE_GLOG=OFF, USE_MKL=ON, USE_MKLDNN=ON, USE_MPI=OFF, USE_NCCL=ON, USE_NNPACK=ON, USE_OPENMP=ON, 

TorchVision: 0.9.0+cu111
OpenCV: 4.8.0
MMCV: 1.4.2
MMCV Compiler: n/a
MMCV CUDA Compiler: n/a
MMClassification: 0.24.0+
------------------------------------------------------------

2023-11-08 10:55:50,745 - mmcls - INFO - Distributed training: False
2023-11-08 10:55:51,737 - mmcls - INFO - Config:
model = dict(
    type='ImageClassifier',
    backbone=dict(
        type='SwinTransformer',
        arch='tiny',
        init_cfg=dict(
            type='Pretrained',
            checkpoint=
            '/data4/lj/Classification/1.7/work_dirs/swin_tiny/Experience3/Test_Cluster/best_accuracy_top-1_epoch_36.pth',
            prefix='backbone'),
        img_size=224,
        drop_path_rate=0.2),
    neck=dict(type='GlobalAveragePooling'),
    head=dict(
        type='LinearClsHead',
        num_classes=44,
        in_channels=768,
        init_cfg=None,
        loss=dict(
            type='LabelSmoothLoss', label_smooth_val=0.1, mode='original'),
        cal_acc=False),
    init_cfg=[
        dict(type='TruncNormal', layer='Linear', std=0.02, bias=0.0),
        dict(type='Constant', layer='LayerNorm', val=1.0, bias=0.0)
    ],
    train_cfg=dict(augments=[
        dict(type='BatchMixup', alpha=0.8, num_classes=44, prob=0.5),
        dict(type='BatchCutMix', alpha=1.0, num_classes=44, prob=0.5)
    ]))
rand_increasing_policies = [
    dict(type='AutoContrast'),
    dict(type='Equalize'),
    dict(type='Invert'),
    dict(type='Rotate', magnitude_key='angle', magnitude_range=(0, 90)),
    dict(type='Posterize', magnitude_key='bits', magnitude_range=(4, 0)),
    dict(type='Solarize', magnitude_key='thr', magnitude_range=(256, 0)),
    dict(
        type='SolarizeAdd',
        magnitude_key='magnitude',
        magnitude_range=(0, 110)),
    dict(
        type='ColorTransform',
        magnitude_key='magnitude',
        magnitude_range=(0, 0.9)),
    dict(type='Contrast', magnitude_key='magnitude', magnitude_range=(0, 0.9)),
    dict(
        type='Brightness', magnitude_key='magnitude',
        magnitude_range=(0, 0.9)),
    dict(
        type='Sharpness', magnitude_key='magnitude', magnitude_range=(0, 0.9)),
    dict(
        type='Shear',
        magnitude_key='magnitude',
        magnitude_range=(0, 0.3),
        direction='horizontal'),
    dict(
        type='Shear',
        magnitude_key='magnitude',
        magnitude_range=(0, 0.3),
        direction='vertical'),
    dict(
        type='Translate',
        magnitude_key='magnitude',
        magnitude_range=(0, 0.45),
        direction='horizontal'),
    dict(
        type='Translate',
        magnitude_key='magnitude',
        magnitude_range=(0, 0.45),
        direction='vertical')
]
dataset_type = 'CustomDataset'
img_norm_cfg = dict(
    mean=[123.675, 116.28, 103.53], std=[58.395, 57.12, 57.375], to_rgb=True)
data = dict(
    samples_per_gpu=60,
    workers_per_gpu=4,
    train=dict(
        type='CustomDataset',
        data_prefix=
        '/data4/lj/Dataset/JML/Experiment_negative/train_withoutNegativeOther',
        pipeline=[
            dict(type='LoadImageFromFile'),
            dict(type='Jie_Pad', pad_size_h=224, pad_size_w=224),
            dict(type='RandomFlip', flip_prob=0.5, direction='horizontal'),
            dict(
                type='RandAugment',
                policies=[
                    dict(type='AutoContrast'),
                    dict(type='Equalize'),
                    dict(type='Invert'),
                    dict(
                        type='Rotate',
                        magnitude_key='angle',
                        magnitude_range=(0, 180)),
                    dict(
                        type='Posterize',
                        magnitude_key='bits',
                        magnitude_range=(4, 0)),
                    dict(
                        type='Solarize',
                        magnitude_key='thr',
                        magnitude_range=(256, 0)),
                    dict(
                        type='SolarizeAdd',
                        magnitude_key='magnitude',
                        magnitude_range=(0, 110)),
                    dict(
                        type='ColorTransform',
                        magnitude_key='magnitude',
                        magnitude_range=(0, 0.9)),
                    dict(
                        type='Contrast',
                        magnitude_key='magnitude',
                        magnitude_range=(0, 0.9)),
                    dict(
                        type='Brightness',
                        magnitude_key='magnitude',
                        magnitude_range=(0, 0.9)),
                    dict(
                        type='Sharpness',
                        magnitude_key='magnitude',
                        magnitude_range=(0, 0.9)),
                    dict(
                        type='Shear',
                        magnitude_key='magnitude',
                        magnitude_range=(0, 0.7),
                        direction='horizontal'),
                    dict(
                        type='Shear',
                        magnitude_key='magnitude',
                        magnitude_range=(0, 0.7),
                        direction='vertical'),
                    dict(
                        type='Translate',
                        magnitude_key='magnitude',
                        magnitude_range=(0, 0.45),
                        direction='horizontal'),
                    dict(
                        type='Translate',
                        magnitude_key='magnitude',
                        magnitude_range=(0, 0.45),
                        direction='vertical')
                ],
                num_policies=2,
                total_level=10,
                magnitude_level=9,
                magnitude_std=0.5,
                hparams=dict(pad_val=[104, 116, 124],
                             interpolation='bicubic')),
            dict(
                type='RandomErasing',
                erase_prob=0.25,
                mode='rand',
                min_area_ratio=0.02,
                max_area_ratio=0.3333333333333333,
                fill_color=[103.53, 116.28, 123.675],
                fill_std=[57.375, 57.12, 58.395]),
            dict(
                type='Normalize',
                mean=[123.675, 116.28, 103.53],
                std=[58.395, 57.12, 57.375],
                to_rgb=True),
            dict(type='ImageToTensor', keys=['img']),
            dict(type='ToTensor', keys=['gt_label']),
            dict(type='Collect', keys=['img', 'gt_label'])
        ]),
    val=dict(
        type='CustomDataset',
        data_prefix=
        '/data4/lj/Dataset/JML/Experiment_negative/test_withoutNegativeOther',
        pipeline=[
            dict(type='LoadImageFromFile'),
            dict(type='Jie_Pad', pad_size_h=224, pad_size_w=224),
            dict(
                type='Normalize',
                mean=[123.675, 116.28, 103.53],
                std=[58.395, 57.12, 57.375],
                to_rgb=True),
            dict(type='ImageToTensor', keys=['img']),
            dict(type='Collect', keys=['img'])
        ]),
    test=dict(
        type='CustomDataset',
        data_prefix=
        '/data4/lj/Dataset/JML/Experiment_negative/test_withoutNegativeOther',
        pipeline=[
            dict(type='LoadImageFromFile'),
            dict(type='Jie_Pad', pad_size_h=224, pad_size_w=224),
            dict(
                type='Normalize',
                mean=[123.675, 116.28, 103.53],
                std=[58.395, 57.12, 57.375],
                to_rgb=True),
            dict(type='ImageToTensor', keys=['img']),
            dict(type='Collect', keys=['img'])
        ]))
evaluation = dict(interval=10, metric='accuracy')
paramwise_cfg = dict(
    norm_decay_mult=0.0,
    bias_decay_mult=0.0,
    custom_keys=dict({
        '.absolute_pos_embed': dict(decay_mult=0.0),
        '.relative_position_bias_table': dict(decay_mult=0.0)
    }))
optimizer = dict(
    type='AdamW',
    lr=0.001,
    weight_decay=0.05,
    eps=1e-08,
    betas=(0.9, 0.999),
    paramwise_cfg=dict(
        norm_decay_mult=0.0,
        bias_decay_mult=0.0,
        custom_keys=dict({
            '.absolute_pos_embed': dict(decay_mult=0.0),
            '.relative_position_bias_table': dict(decay_mult=0.0)
        })))
optimizer_config = dict(grad_clip=dict(max_norm=5.0))
lr_config = dict(
    policy='CosineAnnealing',
    by_epoch=False,
    min_lr_ratio=0.01,
    warmup='linear',
    warmup_ratio=0.001,
    warmup_iters=20,
    warmup_by_epoch=True)
runner = dict(type='EpochBasedRunner', max_epochs=200)
checkpoint_config = dict(interval=50, save_optimizer=True)
log_config = dict(interval=100, hooks=[dict(type='TextLoggerHook')])
dist_params = dict(backend='nccl')
log_level = 'INFO'
load_from = None
resume_from = None
workflow = [('train', 1)]
work_dir = 'work_dirs/swin_tiny/Experiment_negative/withoutNegativeOther'
gpu_ids = [0]

2023-11-08 10:55:51,738 - mmcls - INFO - Set random seed to 1156205263, deterministic: False
2023-11-08 10:55:51,993 - mmcls - INFO - initialize ImageClassifier with init_cfg [{'type': 'TruncNormal', 'layer': 'Linear', 'std': 0.02, 'bias': 0.0}, {'type': 'Constant', 'layer': 'LayerNorm', 'val': 1.0, 'bias': 0.0}]
2023-11-08 10:55:52,323 - mmcls - INFO - initialize SwinTransformer with init_cfg {'type': 'Pretrained', 'checkpoint': '/data4/lj/Classification/1.7/work_dirs/swin_tiny/Experience3/Test_Cluster/best_accuracy_top-1_epoch_36.pth', 'prefix': 'backbone'}
2023-11-08 10:56:52,185 - mmcls - INFO - Resize the relative_position_bias_table from torch.Size([49, 3]) to torch.Size([169, 3])
2023-11-08 10:56:52,187 - mmcls - INFO - Resize the relative_position_bias_table from torch.Size([49, 3]) to torch.Size([169, 3])
2023-11-08 10:56:52,189 - mmcls - INFO - Resize the relative_position_bias_table from torch.Size([49, 6]) to torch.Size([169, 6])
2023-11-08 10:56:52,191 - mmcls - INFO - Resize the relative_position_bias_table from torch.Size([49, 6]) to torch.Size([169, 6])
2023-11-08 10:56:52,195 - mmcls - INFO - Resize the relative_position_bias_table from torch.Size([49, 12]) to torch.Size([169, 12])
2023-11-08 10:56:52,199 - mmcls - INFO - Resize the relative_position_bias_table from torch.Size([49, 12]) to torch.Size([169, 12])
2023-11-08 10:56:52,203 - mmcls - INFO - Resize the relative_position_bias_table from torch.Size([49, 12]) to torch.Size([169, 12])
2023-11-08 10:56:52,207 - mmcls - INFO - Resize the relative_position_bias_table from torch.Size([49, 12]) to torch.Size([169, 12])
2023-11-08 10:56:52,211 - mmcls - INFO - Resize the relative_position_bias_table from torch.Size([49, 12]) to torch.Size([169, 12])
2023-11-08 10:56:52,215 - mmcls - INFO - Resize the relative_position_bias_table from torch.Size([49, 12]) to torch.Size([169, 12])
2023-11-08 10:56:52,222 - mmcls - INFO - Resize the relative_position_bias_table from torch.Size([49, 24]) to torch.Size([169, 24])
2023-11-08 10:56:52,228 - mmcls - INFO - Resize the relative_position_bias_table from torch.Size([49, 24]) to torch.Size([169, 24])
Name of parameter - Initialization information

backbone.patch_embed.projection.weight - torch.Size([96, 3, 4, 4]): 
PretrainedInit: load from /data4/lj/Classification/1.7/work_dirs/swin_tiny/Experience3/Test_Cluster/best_accuracy_top-1_epoch_36.pth 

backbone.patch_embed.projection.bias - torch.Size([96]): 
PretrainedInit: load from /data4/lj/Classification/1.7/work_dirs/swin_tiny/Experience3/Test_Cluster/best_accuracy_top-1_epoch_36.pth 

backbone.patch_embed.norm.weight - torch.Size([96]): 
PretrainedInit: load from /data4/lj/Classification/1.7/work_dirs/swin_tiny/Experience3/Test_Cluster/best_accuracy_top-1_epoch_36.pth 

backbone.patch_embed.norm.bias - torch.Size([96]): 
PretrainedInit: load from /data4/lj/Classification/1.7/work_dirs/swin_tiny/Experience3/Test_Cluster/best_accuracy_top-1_epoch_36.pth 

backbone.stages.0.blocks.0.norm1.weight - torch.Size([96]): 
PretrainedInit: load from /data4/lj/Classification/1.7/work_dirs/swin_tiny/Experience3/Test_Cluster/best_accuracy_top-1_epoch_36.pth 

backbone.stages.0.blocks.0.norm1.bias - torch.Size([96]): 
PretrainedInit: load from /data4/lj/Classification/1.7/work_dirs/swin_tiny/Experience3/Test_Cluster/best_accuracy_top-1_epoch_36.pth 

backbone.stages.0.blocks.0.attn.w_msa.relative_position_bias_table - torch.Size([169, 3]): 
PretrainedInit: load from /data4/lj/Classification/1.7/work_dirs/swin_tiny/Experience3/Test_Cluster/best_accuracy_top-1_epoch_36.pth 

backbone.stages.0.blocks.0.attn.w_msa.qkv.weight - torch.Size([288, 96]): 
PretrainedInit: load from /data4/lj/Classification/1.7/work_dirs/swin_tiny/Experience3/Test_Cluster/best_accuracy_top-1_epoch_36.pth 

backbone.stages.0.blocks.0.attn.w_msa.qkv.bias - torch.Size([288]): 
PretrainedInit: load from /data4/lj/Classification/1.7/work_dirs/swin_tiny/Experience3/Test_Cluster/best_accuracy_top-1_epoch_36.pth 

backbone.stages.0.blocks.0.attn.w_msa.proj.weight - torch.Size([96, 96]): 
PretrainedInit: load from /data4/lj/Classification/1.7/work_dirs/swin_tiny/Experience3/Test_Cluster/best_accuracy_top-1_epoch_36.pth 

backbone.stages.0.blocks.0.attn.w_msa.proj.bias - torch.Size([96]): 
PretrainedInit: load from /data4/lj/Classification/1.7/work_dirs/swin_tiny/Experience3/Test_Cluster/best_accuracy_top-1_epoch_36.pth 

backbone.stages.0.blocks.0.norm2.weight - torch.Size([96]): 
PretrainedInit: load from /data4/lj/Classification/1.7/work_dirs/swin_tiny/Experience3/Test_Cluster/best_accuracy_top-1_epoch_36.pth 

backbone.stages.0.blocks.0.norm2.bias - torch.Size([96]): 
PretrainedInit: load from /data4/lj/Classification/1.7/work_dirs/swin_tiny/Experience3/Test_Cluster/best_accuracy_top-1_epoch_36.pth 

backbone.stages.0.blocks.0.ffn.layers.0.0.weight - torch.Size([384, 96]): 
PretrainedInit: load from /data4/lj/Classification/1.7/work_dirs/swin_tiny/Experience3/Test_Cluster/best_accuracy_top-1_epoch_36.pth 

backbone.stages.0.blocks.0.ffn.layers.0.0.bias - torch.Size([384]): 
PretrainedInit: load from /data4/lj/Classification/1.7/work_dirs/swin_tiny/Experience3/Test_Cluster/best_accuracy_top-1_epoch_36.pth 

backbone.stages.0.blocks.0.ffn.layers.1.weight - torch.Size([96, 384]): 
PretrainedInit: load from /data4/lj/Classification/1.7/work_dirs/swin_tiny/Experience3/Test_Cluster/best_accuracy_top-1_epoch_36.pth 

backbone.stages.0.blocks.0.ffn.layers.1.bias - torch.Size([96]): 
PretrainedInit: load from /data4/lj/Classification/1.7/work_dirs/swin_tiny/Experience3/Test_Cluster/best_accuracy_top-1_epoch_36.pth 

backbone.stages.0.blocks.1.norm1.weight - torch.Size([96]): 
PretrainedInit: load from /data4/lj/Classification/1.7/work_dirs/swin_tiny/Experience3/Test_Cluster/best_accuracy_top-1_epoch_36.pth 

backbone.stages.0.blocks.1.norm1.bias - torch.Size([96]): 
PretrainedInit: load from /data4/lj/Classification/1.7/work_dirs/swin_tiny/Experience3/Test_Cluster/best_accuracy_top-1_epoch_36.pth 

backbone.stages.0.blocks.1.attn.w_msa.relative_position_bias_table - torch.Size([169, 3]): 
PretrainedInit: load from /data4/lj/Classification/1.7/work_dirs/swin_tiny/Experience3/Test_Cluster/best_accuracy_top-1_epoch_36.pth 

backbone.stages.0.blocks.1.attn.w_msa.qkv.weight - torch.Size([288, 96]): 
PretrainedInit: load from /data4/lj/Classification/1.7/work_dirs/swin_tiny/Experience3/Test_Cluster/best_accuracy_top-1_epoch_36.pth 

backbone.stages.0.blocks.1.attn.w_msa.qkv.bias - torch.Size([288]): 
PretrainedInit: load from /data4/lj/Classification/1.7/work_dirs/swin_tiny/Experience3/Test_Cluster/best_accuracy_top-1_epoch_36.pth 

backbone.stages.0.blocks.1.attn.w_msa.proj.weight - torch.Size([96, 96]): 
PretrainedInit: load from /data4/lj/Classification/1.7/work_dirs/swin_tiny/Experience3/Test_Cluster/best_accuracy_top-1_epoch_36.pth 

backbone.stages.0.blocks.1.attn.w_msa.proj.bias - torch.Size([96]): 
PretrainedInit: load from /data4/lj/Classification/1.7/work_dirs/swin_tiny/Experience3/Test_Cluster/best_accuracy_top-1_epoch_36.pth 

backbone.stages.0.blocks.1.norm2.weight - torch.Size([96]): 
PretrainedInit: load from /data4/lj/Classification/1.7/work_dirs/swin_tiny/Experience3/Test_Cluster/best_accuracy_top-1_epoch_36.pth 

backbone.stages.0.blocks.1.norm2.bias - torch.Size([96]): 
PretrainedInit: load from /data4/lj/Classification/1.7/work_dirs/swin_tiny/Experience3/Test_Cluster/best_accuracy_top-1_epoch_36.pth 

backbone.stages.0.blocks.1.ffn.layers.0.0.weight - torch.Size([384, 96]): 
PretrainedInit: load from /data4/lj/Classification/1.7/work_dirs/swin_tiny/Experience3/Test_Cluster/best_accuracy_top-1_epoch_36.pth 

backbone.stages.0.blocks.1.ffn.layers.0.0.bias - torch.Size([384]): 
PretrainedInit: load from /data4/lj/Classification/1.7/work_dirs/swin_tiny/Experience3/Test_Cluster/best_accuracy_top-1_epoch_36.pth 

backbone.stages.0.blocks.1.ffn.layers.1.weight - torch.Size([96, 384]): 
PretrainedInit: load from /data4/lj/Classification/1.7/work_dirs/swin_tiny/Experience3/Test_Cluster/best_accuracy_top-1_epoch_36.pth 

backbone.stages.0.blocks.1.ffn.layers.1.bias - torch.Size([96]): 
PretrainedInit: load from /data4/lj/Classification/1.7/work_dirs/swin_tiny/Experience3/Test_Cluster/best_accuracy_top-1_epoch_36.pth 

backbone.stages.0.downsample.norm.weight - torch.Size([384]): 
PretrainedInit: load from /data4/lj/Classification/1.7/work_dirs/swin_tiny/Experience3/Test_Cluster/best_accuracy_top-1_epoch_36.pth 

backbone.stages.0.downsample.norm.bias - torch.Size([384]): 
PretrainedInit: load from /data4/lj/Classification/1.7/work_dirs/swin_tiny/Experience3/Test_Cluster/best_accuracy_top-1_epoch_36.pth 

backbone.stages.0.downsample.reduction.weight - torch.Size([192, 384]): 
PretrainedInit: load from /data4/lj/Classification/1.7/work_dirs/swin_tiny/Experience3/Test_Cluster/best_accuracy_top-1_epoch_36.pth 

backbone.stages.1.blocks.0.norm1.weight - torch.Size([192]): 
PretrainedInit: load from /data4/lj/Classification/1.7/work_dirs/swin_tiny/Experience3/Test_Cluster/best_accuracy_top-1_epoch_36.pth 

backbone.stages.1.blocks.0.norm1.bias - torch.Size([192]): 
PretrainedInit: load from /data4/lj/Classification/1.7/work_dirs/swin_tiny/Experience3/Test_Cluster/best_accuracy_top-1_epoch_36.pth 

backbone.stages.1.blocks.0.attn.w_msa.relative_position_bias_table - torch.Size([169, 6]): 
PretrainedInit: load from /data4/lj/Classification/1.7/work_dirs/swin_tiny/Experience3/Test_Cluster/best_accuracy_top-1_epoch_36.pth 

backbone.stages.1.blocks.0.attn.w_msa.qkv.weight - torch.Size([576, 192]): 
PretrainedInit: load from /data4/lj/Classification/1.7/work_dirs/swin_tiny/Experience3/Test_Cluster/best_accuracy_top-1_epoch_36.pth 

backbone.stages.1.blocks.0.attn.w_msa.qkv.bias - torch.Size([576]): 
PretrainedInit: load from /data4/lj/Classification/1.7/work_dirs/swin_tiny/Experience3/Test_Cluster/best_accuracy_top-1_epoch_36.pth 

backbone.stages.1.blocks.0.attn.w_msa.proj.weight - torch.Size([192, 192]): 
PretrainedInit: load from /data4/lj/Classification/1.7/work_dirs/swin_tiny/Experience3/Test_Cluster/best_accuracy_top-1_epoch_36.pth 

backbone.stages.1.blocks.0.attn.w_msa.proj.bias - torch.Size([192]): 
PretrainedInit: load from /data4/lj/Classification/1.7/work_dirs/swin_tiny/Experience3/Test_Cluster/best_accuracy_top-1_epoch_36.pth 

backbone.stages.1.blocks.0.norm2.weight - torch.Size([192]): 
PretrainedInit: load from /data4/lj/Classification/1.7/work_dirs/swin_tiny/Experience3/Test_Cluster/best_accuracy_top-1_epoch_36.pth 

backbone.stages.1.blocks.0.norm2.bias - torch.Size([192]): 
PretrainedInit: load from /data4/lj/Classification/1.7/work_dirs/swin_tiny/Experience3/Test_Cluster/best_accuracy_top-1_epoch_36.pth 

backbone.stages.1.blocks.0.ffn.layers.0.0.weight - torch.Size([768, 192]): 
PretrainedInit: load from /data4/lj/Classification/1.7/work_dirs/swin_tiny/Experience3/Test_Cluster/best_accuracy_top-1_epoch_36.pth 

backbone.stages.1.blocks.0.ffn.layers.0.0.bias - torch.Size([768]): 
PretrainedInit: load from /data4/lj/Classification/1.7/work_dirs/swin_tiny/Experience3/Test_Cluster/best_accuracy_top-1_epoch_36.pth 

backbone.stages.1.blocks.0.ffn.layers.1.weight - torch.Size([192, 768]): 
PretrainedInit: load from /data4/lj/Classification/1.7/work_dirs/swin_tiny/Experience3/Test_Cluster/best_accuracy_top-1_epoch_36.pth 

backbone.stages.1.blocks.0.ffn.layers.1.bias - torch.Size([192]): 
PretrainedInit: load from /data4/lj/Classification/1.7/work_dirs/swin_tiny/Experience3/Test_Cluster/best_accuracy_top-1_epoch_36.pth 

backbone.stages.1.blocks.1.norm1.weight - torch.Size([192]): 
PretrainedInit: load from /data4/lj/Classification/1.7/work_dirs/swin_tiny/Experience3/Test_Cluster/best_accuracy_top-1_epoch_36.pth 

backbone.stages.1.blocks.1.norm1.bias - torch.Size([192]): 
PretrainedInit: load from /data4/lj/Classification/1.7/work_dirs/swin_tiny/Experience3/Test_Cluster/best_accuracy_top-1_epoch_36.pth 

backbone.stages.1.blocks.1.attn.w_msa.relative_position_bias_table - torch.Size([169, 6]): 
PretrainedInit: load from /data4/lj/Classification/1.7/work_dirs/swin_tiny/Experience3/Test_Cluster/best_accuracy_top-1_epoch_36.pth 

backbone.stages.1.blocks.1.attn.w_msa.qkv.weight - torch.Size([576, 192]): 
PretrainedInit: load from /data4/lj/Classification/1.7/work_dirs/swin_tiny/Experience3/Test_Cluster/best_accuracy_top-1_epoch_36.pth 

backbone.stages.1.blocks.1.attn.w_msa.qkv.bias - torch.Size([576]): 
PretrainedInit: load from /data4/lj/Classification/1.7/work_dirs/swin_tiny/Experience3/Test_Cluster/best_accuracy_top-1_epoch_36.pth 

backbone.stages.1.blocks.1.attn.w_msa.proj.weight - torch.Size([192, 192]): 
PretrainedInit: load from /data4/lj/Classification/1.7/work_dirs/swin_tiny/Experience3/Test_Cluster/best_accuracy_top-1_epoch_36.pth 

backbone.stages.1.blocks.1.attn.w_msa.proj.bias - torch.Size([192]): 
PretrainedInit: load from /data4/lj/Classification/1.7/work_dirs/swin_tiny/Experience3/Test_Cluster/best_accuracy_top-1_epoch_36.pth 

backbone.stages.1.blocks.1.norm2.weight - torch.Size([192]): 
PretrainedInit: load from /data4/lj/Classification/1.7/work_dirs/swin_tiny/Experience3/Test_Cluster/best_accuracy_top-1_epoch_36.pth 

backbone.stages.1.blocks.1.norm2.bias - torch.Size([192]): 
PretrainedInit: load from /data4/lj/Classification/1.7/work_dirs/swin_tiny/Experience3/Test_Cluster/best_accuracy_top-1_epoch_36.pth 

backbone.stages.1.blocks.1.ffn.layers.0.0.weight - torch.Size([768, 192]): 
PretrainedInit: load from /data4/lj/Classification/1.7/work_dirs/swin_tiny/Experience3/Test_Cluster/best_accuracy_top-1_epoch_36.pth 

backbone.stages.1.blocks.1.ffn.layers.0.0.bias - torch.Size([768]): 
PretrainedInit: load from /data4/lj/Classification/1.7/work_dirs/swin_tiny/Experience3/Test_Cluster/best_accuracy_top-1_epoch_36.pth 

backbone.stages.1.blocks.1.ffn.layers.1.weight - torch.Size([192, 768]): 
PretrainedInit: load from /data4/lj/Classification/1.7/work_dirs/swin_tiny/Experience3/Test_Cluster/best_accuracy_top-1_epoch_36.pth 

backbone.stages.1.blocks.1.ffn.layers.1.bias - torch.Size([192]): 
PretrainedInit: load from /data4/lj/Classification/1.7/work_dirs/swin_tiny/Experience3/Test_Cluster/best_accuracy_top-1_epoch_36.pth 

backbone.stages.1.downsample.norm.weight - torch.Size([768]): 
PretrainedInit: load from /data4/lj/Classification/1.7/work_dirs/swin_tiny/Experience3/Test_Cluster/best_accuracy_top-1_epoch_36.pth 

backbone.stages.1.downsample.norm.bias - torch.Size([768]): 
PretrainedInit: load from /data4/lj/Classification/1.7/work_dirs/swin_tiny/Experience3/Test_Cluster/best_accuracy_top-1_epoch_36.pth 

backbone.stages.1.downsample.reduction.weight - torch.Size([384, 768]): 
PretrainedInit: load from /data4/lj/Classification/1.7/work_dirs/swin_tiny/Experience3/Test_Cluster/best_accuracy_top-1_epoch_36.pth 

backbone.stages.2.blocks.0.norm1.weight - torch.Size([384]): 
PretrainedInit: load from /data4/lj/Classification/1.7/work_dirs/swin_tiny/Experience3/Test_Cluster/best_accuracy_top-1_epoch_36.pth 

backbone.stages.2.blocks.0.norm1.bias - torch.Size([384]): 
PretrainedInit: load from /data4/lj/Classification/1.7/work_dirs/swin_tiny/Experience3/Test_Cluster/best_accuracy_top-1_epoch_36.pth 

backbone.stages.2.blocks.0.attn.w_msa.relative_position_bias_table - torch.Size([169, 12]): 
PretrainedInit: load from /data4/lj/Classification/1.7/work_dirs/swin_tiny/Experience3/Test_Cluster/best_accuracy_top-1_epoch_36.pth 

backbone.stages.2.blocks.0.attn.w_msa.qkv.weight - torch.Size([1152, 384]): 
PretrainedInit: load from /data4/lj/Classification/1.7/work_dirs/swin_tiny/Experience3/Test_Cluster/best_accuracy_top-1_epoch_36.pth 

backbone.stages.2.blocks.0.attn.w_msa.qkv.bias - torch.Size([1152]): 
PretrainedInit: load from /data4/lj/Classification/1.7/work_dirs/swin_tiny/Experience3/Test_Cluster/best_accuracy_top-1_epoch_36.pth 

backbone.stages.2.blocks.0.attn.w_msa.proj.weight - torch.Size([384, 384]): 
PretrainedInit: load from /data4/lj/Classification/1.7/work_dirs/swin_tiny/Experience3/Test_Cluster/best_accuracy_top-1_epoch_36.pth 

backbone.stages.2.blocks.0.attn.w_msa.proj.bias - torch.Size([384]): 
PretrainedInit: load from /data4/lj/Classification/1.7/work_dirs/swin_tiny/Experience3/Test_Cluster/best_accuracy_top-1_epoch_36.pth 

backbone.stages.2.blocks.0.norm2.weight - torch.Size([384]): 
PretrainedInit: load from /data4/lj/Classification/1.7/work_dirs/swin_tiny/Experience3/Test_Cluster/best_accuracy_top-1_epoch_36.pth 

backbone.stages.2.blocks.0.norm2.bias - torch.Size([384]): 
PretrainedInit: load from /data4/lj/Classification/1.7/work_dirs/swin_tiny/Experience3/Test_Cluster/best_accuracy_top-1_epoch_36.pth 

backbone.stages.2.blocks.0.ffn.layers.0.0.weight - torch.Size([1536, 384]): 
PretrainedInit: load from /data4/lj/Classification/1.7/work_dirs/swin_tiny/Experience3/Test_Cluster/best_accuracy_top-1_epoch_36.pth 

backbone.stages.2.blocks.0.ffn.layers.0.0.bias - torch.Size([1536]): 
PretrainedInit: load from /data4/lj/Classification/1.7/work_dirs/swin_tiny/Experience3/Test_Cluster/best_accuracy_top-1_epoch_36.pth 

backbone.stages.2.blocks.0.ffn.layers.1.weight - torch.Size([384, 1536]): 
PretrainedInit: load from /data4/lj/Classification/1.7/work_dirs/swin_tiny/Experience3/Test_Cluster/best_accuracy_top-1_epoch_36.pth 

backbone.stages.2.blocks.0.ffn.layers.1.bias - torch.Size([384]): 
PretrainedInit: load from /data4/lj/Classification/1.7/work_dirs/swin_tiny/Experience3/Test_Cluster/best_accuracy_top-1_epoch_36.pth 

backbone.stages.2.blocks.1.norm1.weight - torch.Size([384]): 
PretrainedInit: load from /data4/lj/Classification/1.7/work_dirs/swin_tiny/Experience3/Test_Cluster/best_accuracy_top-1_epoch_36.pth 

backbone.stages.2.blocks.1.norm1.bias - torch.Size([384]): 
PretrainedInit: load from /data4/lj/Classification/1.7/work_dirs/swin_tiny/Experience3/Test_Cluster/best_accuracy_top-1_epoch_36.pth 

backbone.stages.2.blocks.1.attn.w_msa.relative_position_bias_table - torch.Size([169, 12]): 
PretrainedInit: load from /data4/lj/Classification/1.7/work_dirs/swin_tiny/Experience3/Test_Cluster/best_accuracy_top-1_epoch_36.pth 

backbone.stages.2.blocks.1.attn.w_msa.qkv.weight - torch.Size([1152, 384]): 
PretrainedInit: load from /data4/lj/Classification/1.7/work_dirs/swin_tiny/Experience3/Test_Cluster/best_accuracy_top-1_epoch_36.pth 

backbone.stages.2.blocks.1.attn.w_msa.qkv.bias - torch.Size([1152]): 
PretrainedInit: load from /data4/lj/Classification/1.7/work_dirs/swin_tiny/Experience3/Test_Cluster/best_accuracy_top-1_epoch_36.pth 

backbone.stages.2.blocks.1.attn.w_msa.proj.weight - torch.Size([384, 384]): 
PretrainedInit: load from /data4/lj/Classification/1.7/work_dirs/swin_tiny/Experience3/Test_Cluster/best_accuracy_top-1_epoch_36.pth 

backbone.stages.2.blocks.1.attn.w_msa.proj.bias - torch.Size([384]): 
PretrainedInit: load from /data4/lj/Classification/1.7/work_dirs/swin_tiny/Experience3/Test_Cluster/best_accuracy_top-1_epoch_36.pth 

backbone.stages.2.blocks.1.norm2.weight - torch.Size([384]): 
PretrainedInit: load from /data4/lj/Classification/1.7/work_dirs/swin_tiny/Experience3/Test_Cluster/best_accuracy_top-1_epoch_36.pth 

backbone.stages.2.blocks.1.norm2.bias - torch.Size([384]): 
PretrainedInit: load from /data4/lj/Classification/1.7/work_dirs/swin_tiny/Experience3/Test_Cluster/best_accuracy_top-1_epoch_36.pth 

backbone.stages.2.blocks.1.ffn.layers.0.0.weight - torch.Size([1536, 384]): 
PretrainedInit: load from /data4/lj/Classification/1.7/work_dirs/swin_tiny/Experience3/Test_Cluster/best_accuracy_top-1_epoch_36.pth 

backbone.stages.2.blocks.1.ffn.layers.0.0.bias - torch.Size([1536]): 
PretrainedInit: load from /data4/lj/Classification/1.7/work_dirs/swin_tiny/Experience3/Test_Cluster/best_accuracy_top-1_epoch_36.pth 

backbone.stages.2.blocks.1.ffn.layers.1.weight - torch.Size([384, 1536]): 
PretrainedInit: load from /data4/lj/Classification/1.7/work_dirs/swin_tiny/Experience3/Test_Cluster/best_accuracy_top-1_epoch_36.pth 

backbone.stages.2.blocks.1.ffn.layers.1.bias - torch.Size([384]): 
PretrainedInit: load from /data4/lj/Classification/1.7/work_dirs/swin_tiny/Experience3/Test_Cluster/best_accuracy_top-1_epoch_36.pth 

backbone.stages.2.blocks.2.norm1.weight - torch.Size([384]): 
PretrainedInit: load from /data4/lj/Classification/1.7/work_dirs/swin_tiny/Experience3/Test_Cluster/best_accuracy_top-1_epoch_36.pth 

backbone.stages.2.blocks.2.norm1.bias - torch.Size([384]): 
PretrainedInit: load from /data4/lj/Classification/1.7/work_dirs/swin_tiny/Experience3/Test_Cluster/best_accuracy_top-1_epoch_36.pth 

backbone.stages.2.blocks.2.attn.w_msa.relative_position_bias_table - torch.Size([169, 12]): 
PretrainedInit: load from /data4/lj/Classification/1.7/work_dirs/swin_tiny/Experience3/Test_Cluster/best_accuracy_top-1_epoch_36.pth 

backbone.stages.2.blocks.2.attn.w_msa.qkv.weight - torch.Size([1152, 384]): 
PretrainedInit: load from /data4/lj/Classification/1.7/work_dirs/swin_tiny/Experience3/Test_Cluster/best_accuracy_top-1_epoch_36.pth 

backbone.stages.2.blocks.2.attn.w_msa.qkv.bias - torch.Size([1152]): 
PretrainedInit: load from /data4/lj/Classification/1.7/work_dirs/swin_tiny/Experience3/Test_Cluster/best_accuracy_top-1_epoch_36.pth 

backbone.stages.2.blocks.2.attn.w_msa.proj.weight - torch.Size([384, 384]): 
PretrainedInit: load from /data4/lj/Classification/1.7/work_dirs/swin_tiny/Experience3/Test_Cluster/best_accuracy_top-1_epoch_36.pth 

backbone.stages.2.blocks.2.attn.w_msa.proj.bias - torch.Size([384]): 
PretrainedInit: load from /data4/lj/Classification/1.7/work_dirs/swin_tiny/Experience3/Test_Cluster/best_accuracy_top-1_epoch_36.pth 

backbone.stages.2.blocks.2.norm2.weight - torch.Size([384]): 
PretrainedInit: load from /data4/lj/Classification/1.7/work_dirs/swin_tiny/Experience3/Test_Cluster/best_accuracy_top-1_epoch_36.pth 

backbone.stages.2.blocks.2.norm2.bias - torch.Size([384]): 
PretrainedInit: load from /data4/lj/Classification/1.7/work_dirs/swin_tiny/Experience3/Test_Cluster/best_accuracy_top-1_epoch_36.pth 

backbone.stages.2.blocks.2.ffn.layers.0.0.weight - torch.Size([1536, 384]): 
PretrainedInit: load from /data4/lj/Classification/1.7/work_dirs/swin_tiny/Experience3/Test_Cluster/best_accuracy_top-1_epoch_36.pth 

backbone.stages.2.blocks.2.ffn.layers.0.0.bias - torch.Size([1536]): 
PretrainedInit: load from /data4/lj/Classification/1.7/work_dirs/swin_tiny/Experience3/Test_Cluster/best_accuracy_top-1_epoch_36.pth 

backbone.stages.2.blocks.2.ffn.layers.1.weight - torch.Size([384, 1536]): 
PretrainedInit: load from /data4/lj/Classification/1.7/work_dirs/swin_tiny/Experience3/Test_Cluster/best_accuracy_top-1_epoch_36.pth 

backbone.stages.2.blocks.2.ffn.layers.1.bias - torch.Size([384]): 
PretrainedInit: load from /data4/lj/Classification/1.7/work_dirs/swin_tiny/Experience3/Test_Cluster/best_accuracy_top-1_epoch_36.pth 

backbone.stages.2.blocks.3.norm1.weight - torch.Size([384]): 
PretrainedInit: load from /data4/lj/Classification/1.7/work_dirs/swin_tiny/Experience3/Test_Cluster/best_accuracy_top-1_epoch_36.pth 

backbone.stages.2.blocks.3.norm1.bias - torch.Size([384]): 
PretrainedInit: load from /data4/lj/Classification/1.7/work_dirs/swin_tiny/Experience3/Test_Cluster/best_accuracy_top-1_epoch_36.pth 

backbone.stages.2.blocks.3.attn.w_msa.relative_position_bias_table - torch.Size([169, 12]): 
PretrainedInit: load from /data4/lj/Classification/1.7/work_dirs/swin_tiny/Experience3/Test_Cluster/best_accuracy_top-1_epoch_36.pth 

backbone.stages.2.blocks.3.attn.w_msa.qkv.weight - torch.Size([1152, 384]): 
PretrainedInit: load from /data4/lj/Classification/1.7/work_dirs/swin_tiny/Experience3/Test_Cluster/best_accuracy_top-1_epoch_36.pth 

backbone.stages.2.blocks.3.attn.w_msa.qkv.bias - torch.Size([1152]): 
PretrainedInit: load from /data4/lj/Classification/1.7/work_dirs/swin_tiny/Experience3/Test_Cluster/best_accuracy_top-1_epoch_36.pth 

backbone.stages.2.blocks.3.attn.w_msa.proj.weight - torch.Size([384, 384]): 
PretrainedInit: load from /data4/lj/Classification/1.7/work_dirs/swin_tiny/Experience3/Test_Cluster/best_accuracy_top-1_epoch_36.pth 

backbone.stages.2.blocks.3.attn.w_msa.proj.bias - torch.Size([384]): 
PretrainedInit: load from /data4/lj/Classification/1.7/work_dirs/swin_tiny/Experience3/Test_Cluster/best_accuracy_top-1_epoch_36.pth 

backbone.stages.2.blocks.3.norm2.weight - torch.Size([384]): 
PretrainedInit: load from /data4/lj/Classification/1.7/work_dirs/swin_tiny/Experience3/Test_Cluster/best_accuracy_top-1_epoch_36.pth 

backbone.stages.2.blocks.3.norm2.bias - torch.Size([384]): 
PretrainedInit: load from /data4/lj/Classification/1.7/work_dirs/swin_tiny/Experience3/Test_Cluster/best_accuracy_top-1_epoch_36.pth 

backbone.stages.2.blocks.3.ffn.layers.0.0.weight - torch.Size([1536, 384]): 
PretrainedInit: load from /data4/lj/Classification/1.7/work_dirs/swin_tiny/Experience3/Test_Cluster/best_accuracy_top-1_epoch_36.pth 

backbone.stages.2.blocks.3.ffn.layers.0.0.bias - torch.Size([1536]): 
PretrainedInit: load from /data4/lj/Classification/1.7/work_dirs/swin_tiny/Experience3/Test_Cluster/best_accuracy_top-1_epoch_36.pth 

backbone.stages.2.blocks.3.ffn.layers.1.weight - torch.Size([384, 1536]): 
PretrainedInit: load from /data4/lj/Classification/1.7/work_dirs/swin_tiny/Experience3/Test_Cluster/best_accuracy_top-1_epoch_36.pth 

backbone.stages.2.blocks.3.ffn.layers.1.bias - torch.Size([384]): 
PretrainedInit: load from /data4/lj/Classification/1.7/work_dirs/swin_tiny/Experience3/Test_Cluster/best_accuracy_top-1_epoch_36.pth 

backbone.stages.2.blocks.4.norm1.weight - torch.Size([384]): 
PretrainedInit: load from /data4/lj/Classification/1.7/work_dirs/swin_tiny/Experience3/Test_Cluster/best_accuracy_top-1_epoch_36.pth 

backbone.stages.2.blocks.4.norm1.bias - torch.Size([384]): 
PretrainedInit: load from /data4/lj/Classification/1.7/work_dirs/swin_tiny/Experience3/Test_Cluster/best_accuracy_top-1_epoch_36.pth 

backbone.stages.2.blocks.4.attn.w_msa.relative_position_bias_table - torch.Size([169, 12]): 
PretrainedInit: load from /data4/lj/Classification/1.7/work_dirs/swin_tiny/Experience3/Test_Cluster/best_accuracy_top-1_epoch_36.pth 

backbone.stages.2.blocks.4.attn.w_msa.qkv.weight - torch.Size([1152, 384]): 
PretrainedInit: load from /data4/lj/Classification/1.7/work_dirs/swin_tiny/Experience3/Test_Cluster/best_accuracy_top-1_epoch_36.pth 

backbone.stages.2.blocks.4.attn.w_msa.qkv.bias - torch.Size([1152]): 
PretrainedInit: load from /data4/lj/Classification/1.7/work_dirs/swin_tiny/Experience3/Test_Cluster/best_accuracy_top-1_epoch_36.pth 

backbone.stages.2.blocks.4.attn.w_msa.proj.weight - torch.Size([384, 384]): 
PretrainedInit: load from /data4/lj/Classification/1.7/work_dirs/swin_tiny/Experience3/Test_Cluster/best_accuracy_top-1_epoch_36.pth 

backbone.stages.2.blocks.4.attn.w_msa.proj.bias - torch.Size([384]): 
PretrainedInit: load from /data4/lj/Classification/1.7/work_dirs/swin_tiny/Experience3/Test_Cluster/best_accuracy_top-1_epoch_36.pth 

backbone.stages.2.blocks.4.norm2.weight - torch.Size([384]): 
PretrainedInit: load from /data4/lj/Classification/1.7/work_dirs/swin_tiny/Experience3/Test_Cluster/best_accuracy_top-1_epoch_36.pth 

backbone.stages.2.blocks.4.norm2.bias - torch.Size([384]): 
PretrainedInit: load from /data4/lj/Classification/1.7/work_dirs/swin_tiny/Experience3/Test_Cluster/best_accuracy_top-1_epoch_36.pth 

backbone.stages.2.blocks.4.ffn.layers.0.0.weight - torch.Size([1536, 384]): 
PretrainedInit: load from /data4/lj/Classification/1.7/work_dirs/swin_tiny/Experience3/Test_Cluster/best_accuracy_top-1_epoch_36.pth 

backbone.stages.2.blocks.4.ffn.layers.0.0.bias - torch.Size([1536]): 
PretrainedInit: load from /data4/lj/Classification/1.7/work_dirs/swin_tiny/Experience3/Test_Cluster/best_accuracy_top-1_epoch_36.pth 

backbone.stages.2.blocks.4.ffn.layers.1.weight - torch.Size([384, 1536]): 
PretrainedInit: load from /data4/lj/Classification/1.7/work_dirs/swin_tiny/Experience3/Test_Cluster/best_accuracy_top-1_epoch_36.pth 

backbone.stages.2.blocks.4.ffn.layers.1.bias - torch.Size([384]): 
PretrainedInit: load from /data4/lj/Classification/1.7/work_dirs/swin_tiny/Experience3/Test_Cluster/best_accuracy_top-1_epoch_36.pth 

backbone.stages.2.blocks.5.norm1.weight - torch.Size([384]): 
PretrainedInit: load from /data4/lj/Classification/1.7/work_dirs/swin_tiny/Experience3/Test_Cluster/best_accuracy_top-1_epoch_36.pth 

backbone.stages.2.blocks.5.norm1.bias - torch.Size([384]): 
PretrainedInit: load from /data4/lj/Classification/1.7/work_dirs/swin_tiny/Experience3/Test_Cluster/best_accuracy_top-1_epoch_36.pth 

backbone.stages.2.blocks.5.attn.w_msa.relative_position_bias_table - torch.Size([169, 12]): 
PretrainedInit: load from /data4/lj/Classification/1.7/work_dirs/swin_tiny/Experience3/Test_Cluster/best_accuracy_top-1_epoch_36.pth 

backbone.stages.2.blocks.5.attn.w_msa.qkv.weight - torch.Size([1152, 384]): 
PretrainedInit: load from /data4/lj/Classification/1.7/work_dirs/swin_tiny/Experience3/Test_Cluster/best_accuracy_top-1_epoch_36.pth 

backbone.stages.2.blocks.5.attn.w_msa.qkv.bias - torch.Size([1152]): 
PretrainedInit: load from /data4/lj/Classification/1.7/work_dirs/swin_tiny/Experience3/Test_Cluster/best_accuracy_top-1_epoch_36.pth 

backbone.stages.2.blocks.5.attn.w_msa.proj.weight - torch.Size([384, 384]): 
PretrainedInit: load from /data4/lj/Classification/1.7/work_dirs/swin_tiny/Experience3/Test_Cluster/best_accuracy_top-1_epoch_36.pth 

backbone.stages.2.blocks.5.attn.w_msa.proj.bias - torch.Size([384]): 
PretrainedInit: load from /data4/lj/Classification/1.7/work_dirs/swin_tiny/Experience3/Test_Cluster/best_accuracy_top-1_epoch_36.pth 

backbone.stages.2.blocks.5.norm2.weight - torch.Size([384]): 
PretrainedInit: load from /data4/lj/Classification/1.7/work_dirs/swin_tiny/Experience3/Test_Cluster/best_accuracy_top-1_epoch_36.pth 

backbone.stages.2.blocks.5.norm2.bias - torch.Size([384]): 
PretrainedInit: load from /data4/lj/Classification/1.7/work_dirs/swin_tiny/Experience3/Test_Cluster/best_accuracy_top-1_epoch_36.pth 

backbone.stages.2.blocks.5.ffn.layers.0.0.weight - torch.Size([1536, 384]): 
PretrainedInit: load from /data4/lj/Classification/1.7/work_dirs/swin_tiny/Experience3/Test_Cluster/best_accuracy_top-1_epoch_36.pth 

backbone.stages.2.blocks.5.ffn.layers.0.0.bias - torch.Size([1536]): 
PretrainedInit: load from /data4/lj/Classification/1.7/work_dirs/swin_tiny/Experience3/Test_Cluster/best_accuracy_top-1_epoch_36.pth 

backbone.stages.2.blocks.5.ffn.layers.1.weight - torch.Size([384, 1536]): 
PretrainedInit: load from /data4/lj/Classification/1.7/work_dirs/swin_tiny/Experience3/Test_Cluster/best_accuracy_top-1_epoch_36.pth 

backbone.stages.2.blocks.5.ffn.layers.1.bias - torch.Size([384]): 
PretrainedInit: load from /data4/lj/Classification/1.7/work_dirs/swin_tiny/Experience3/Test_Cluster/best_accuracy_top-1_epoch_36.pth 

backbone.stages.2.downsample.norm.weight - torch.Size([1536]): 
PretrainedInit: load from /data4/lj/Classification/1.7/work_dirs/swin_tiny/Experience3/Test_Cluster/best_accuracy_top-1_epoch_36.pth 

backbone.stages.2.downsample.norm.bias - torch.Size([1536]): 
PretrainedInit: load from /data4/lj/Classification/1.7/work_dirs/swin_tiny/Experience3/Test_Cluster/best_accuracy_top-1_epoch_36.pth 

backbone.stages.2.downsample.reduction.weight - torch.Size([768, 1536]): 
PretrainedInit: load from /data4/lj/Classification/1.7/work_dirs/swin_tiny/Experience3/Test_Cluster/best_accuracy_top-1_epoch_36.pth 

backbone.stages.3.blocks.0.norm1.weight - torch.Size([768]): 
PretrainedInit: load from /data4/lj/Classification/1.7/work_dirs/swin_tiny/Experience3/Test_Cluster/best_accuracy_top-1_epoch_36.pth 

backbone.stages.3.blocks.0.norm1.bias - torch.Size([768]): 
PretrainedInit: load from /data4/lj/Classification/1.7/work_dirs/swin_tiny/Experience3/Test_Cluster/best_accuracy_top-1_epoch_36.pth 

backbone.stages.3.blocks.0.attn.w_msa.relative_position_bias_table - torch.Size([169, 24]): 
PretrainedInit: load from /data4/lj/Classification/1.7/work_dirs/swin_tiny/Experience3/Test_Cluster/best_accuracy_top-1_epoch_36.pth 

backbone.stages.3.blocks.0.attn.w_msa.qkv.weight - torch.Size([2304, 768]): 
PretrainedInit: load from /data4/lj/Classification/1.7/work_dirs/swin_tiny/Experience3/Test_Cluster/best_accuracy_top-1_epoch_36.pth 

backbone.stages.3.blocks.0.attn.w_msa.qkv.bias - torch.Size([2304]): 
PretrainedInit: load from /data4/lj/Classification/1.7/work_dirs/swin_tiny/Experience3/Test_Cluster/best_accuracy_top-1_epoch_36.pth 

backbone.stages.3.blocks.0.attn.w_msa.proj.weight - torch.Size([768, 768]): 
PretrainedInit: load from /data4/lj/Classification/1.7/work_dirs/swin_tiny/Experience3/Test_Cluster/best_accuracy_top-1_epoch_36.pth 

backbone.stages.3.blocks.0.attn.w_msa.proj.bias - torch.Size([768]): 
PretrainedInit: load from /data4/lj/Classification/1.7/work_dirs/swin_tiny/Experience3/Test_Cluster/best_accuracy_top-1_epoch_36.pth 

backbone.stages.3.blocks.0.norm2.weight - torch.Size([768]): 
PretrainedInit: load from /data4/lj/Classification/1.7/work_dirs/swin_tiny/Experience3/Test_Cluster/best_accuracy_top-1_epoch_36.pth 

backbone.stages.3.blocks.0.norm2.bias - torch.Size([768]): 
PretrainedInit: load from /data4/lj/Classification/1.7/work_dirs/swin_tiny/Experience3/Test_Cluster/best_accuracy_top-1_epoch_36.pth 

backbone.stages.3.blocks.0.ffn.layers.0.0.weight - torch.Size([3072, 768]): 
PretrainedInit: load from /data4/lj/Classification/1.7/work_dirs/swin_tiny/Experience3/Test_Cluster/best_accuracy_top-1_epoch_36.pth 

backbone.stages.3.blocks.0.ffn.layers.0.0.bias - torch.Size([3072]): 
PretrainedInit: load from /data4/lj/Classification/1.7/work_dirs/swin_tiny/Experience3/Test_Cluster/best_accuracy_top-1_epoch_36.pth 

backbone.stages.3.blocks.0.ffn.layers.1.weight - torch.Size([768, 3072]): 
PretrainedInit: load from /data4/lj/Classification/1.7/work_dirs/swin_tiny/Experience3/Test_Cluster/best_accuracy_top-1_epoch_36.pth 

backbone.stages.3.blocks.0.ffn.layers.1.bias - torch.Size([768]): 
PretrainedInit: load from /data4/lj/Classification/1.7/work_dirs/swin_tiny/Experience3/Test_Cluster/best_accuracy_top-1_epoch_36.pth 

backbone.stages.3.blocks.1.norm1.weight - torch.Size([768]): 
PretrainedInit: load from /data4/lj/Classification/1.7/work_dirs/swin_tiny/Experience3/Test_Cluster/best_accuracy_top-1_epoch_36.pth 

backbone.stages.3.blocks.1.norm1.bias - torch.Size([768]): 
PretrainedInit: load from /data4/lj/Classification/1.7/work_dirs/swin_tiny/Experience3/Test_Cluster/best_accuracy_top-1_epoch_36.pth 

backbone.stages.3.blocks.1.attn.w_msa.relative_position_bias_table - torch.Size([169, 24]): 
PretrainedInit: load from /data4/lj/Classification/1.7/work_dirs/swin_tiny/Experience3/Test_Cluster/best_accuracy_top-1_epoch_36.pth 

backbone.stages.3.blocks.1.attn.w_msa.qkv.weight - torch.Size([2304, 768]): 
PretrainedInit: load from /data4/lj/Classification/1.7/work_dirs/swin_tiny/Experience3/Test_Cluster/best_accuracy_top-1_epoch_36.pth 

backbone.stages.3.blocks.1.attn.w_msa.qkv.bias - torch.Size([2304]): 
PretrainedInit: load from /data4/lj/Classification/1.7/work_dirs/swin_tiny/Experience3/Test_Cluster/best_accuracy_top-1_epoch_36.pth 

backbone.stages.3.blocks.1.attn.w_msa.proj.weight - torch.Size([768, 768]): 
PretrainedInit: load from /data4/lj/Classification/1.7/work_dirs/swin_tiny/Experience3/Test_Cluster/best_accuracy_top-1_epoch_36.pth 

backbone.stages.3.blocks.1.attn.w_msa.proj.bias - torch.Size([768]): 
PretrainedInit: load from /data4/lj/Classification/1.7/work_dirs/swin_tiny/Experience3/Test_Cluster/best_accuracy_top-1_epoch_36.pth 

backbone.stages.3.blocks.1.norm2.weight - torch.Size([768]): 
PretrainedInit: load from /data4/lj/Classification/1.7/work_dirs/swin_tiny/Experience3/Test_Cluster/best_accuracy_top-1_epoch_36.pth 

backbone.stages.3.blocks.1.norm2.bias - torch.Size([768]): 
PretrainedInit: load from /data4/lj/Classification/1.7/work_dirs/swin_tiny/Experience3/Test_Cluster/best_accuracy_top-1_epoch_36.pth 

backbone.stages.3.blocks.1.ffn.layers.0.0.weight - torch.Size([3072, 768]): 
PretrainedInit: load from /data4/lj/Classification/1.7/work_dirs/swin_tiny/Experience3/Test_Cluster/best_accuracy_top-1_epoch_36.pth 

backbone.stages.3.blocks.1.ffn.layers.0.0.bias - torch.Size([3072]): 
PretrainedInit: load from /data4/lj/Classification/1.7/work_dirs/swin_tiny/Experience3/Test_Cluster/best_accuracy_top-1_epoch_36.pth 

backbone.stages.3.blocks.1.ffn.layers.1.weight - torch.Size([768, 3072]): 
PretrainedInit: load from /data4/lj/Classification/1.7/work_dirs/swin_tiny/Experience3/Test_Cluster/best_accuracy_top-1_epoch_36.pth 

backbone.stages.3.blocks.1.ffn.layers.1.bias - torch.Size([768]): 
PretrainedInit: load from /data4/lj/Classification/1.7/work_dirs/swin_tiny/Experience3/Test_Cluster/best_accuracy_top-1_epoch_36.pth 

backbone.norm3.weight - torch.Size([768]): 
PretrainedInit: load from /data4/lj/Classification/1.7/work_dirs/swin_tiny/Experience3/Test_Cluster/best_accuracy_top-1_epoch_36.pth 

backbone.norm3.bias - torch.Size([768]): 
PretrainedInit: load from /data4/lj/Classification/1.7/work_dirs/swin_tiny/Experience3/Test_Cluster/best_accuracy_top-1_epoch_36.pth 

head.fc.weight - torch.Size([44, 768]): 
TruncNormalInit: a=-2, b=2, mean=0, std=0.02, bias=0.0 

head.fc.bias - torch.Size([44]): 
TruncNormalInit: a=-2, b=2, mean=0, std=0.02, bias=0.0 
2023-11-08 10:56:54,154 - mmcls - INFO - Start running, host: root@8F-02-37u-AItest29, work_dir: /data4/lj/Classification/1.7/work_dirs/swin_tiny/Experiment_negative/withoutNegativeOther
2023-11-08 10:56:54,155 - mmcls - INFO - Hooks will be executed in the following order:
before_run:
(VERY_HIGH   ) CosineAnnealingLrUpdaterHook       
(NORMAL      ) CheckpointHook                     
(LOW         ) EvalHook                           
(VERY_LOW    ) TextLoggerHook                     
 -------------------- 
before_train_epoch:
(VERY_HIGH   ) CosineAnnealingLrUpdaterHook       
(LOW         ) IterTimerHook                      
(LOW         ) EvalHook                           
(VERY_LOW    ) TextLoggerHook                     
 -------------------- 
before_train_iter:
(VERY_HIGH   ) CosineAnnealingLrUpdaterHook       
(LOW         ) IterTimerHook                      
(LOW         ) EvalHook                           
 -------------------- 
after_train_iter:
(ABOVE_NORMAL) OptimizerHook                      
(NORMAL      ) CheckpointHook                     
(LOW         ) IterTimerHook                      
(LOW         ) EvalHook                           
(VERY_LOW    ) TextLoggerHook                     
 -------------------- 
after_train_epoch:
(NORMAL      ) CheckpointHook                     
(LOW         ) EvalHook                           
(VERY_LOW    ) TextLoggerHook                     
 -------------------- 
before_val_epoch:
(LOW         ) IterTimerHook                      
(VERY_LOW    ) TextLoggerHook                     
 -------------------- 
before_val_iter:
(LOW         ) IterTimerHook                      
 -------------------- 
after_val_iter:
(LOW         ) IterTimerHook                      
 -------------------- 
after_val_epoch:
(VERY_LOW    ) TextLoggerHook                     
 -------------------- 
after_run:
(VERY_LOW    ) TextLoggerHook                     
 -------------------- 
2023-11-08 10:56:54,156 - mmcls - INFO - workflow: [('train', 1)], max: 200 epochs
2023-11-08 10:56:54,156 - mmcls - INFO - Checkpoints will be saved to /data4/lj/Classification/1.7/work_dirs/swin_tiny/Experiment_negative/withoutNegativeOther by HardDiskBackend.
2023-11-08 10:57:24,152 - mmcls - INFO - Epoch [1][100/261]	lr: 1.995e-05, eta: 4:20:25, time: 0.300, data_time: 0.029, memory: 7111, loss: 3.7829, grad_norm: 1.3623
2023-11-08 10:57:51,666 - mmcls - INFO - Epoch [1][200/261]	lr: 3.908e-05, eta: 4:09:10, time: 0.275, data_time: 0.017, memory: 7111, loss: 3.6114, grad_norm: 2.1766
2023-11-08 10:58:38,587 - mmcls - INFO - Epoch [2][100/261]	lr: 6.989e-05, eta: 3:26:32, time: 0.288, data_time: 0.028, memory: 7111, loss: 2.7896, grad_norm: 3.5647
2023-11-08 10:59:04,889 - mmcls - INFO - Epoch [2][200/261]	lr: 8.902e-05, eta: 3:30:37, time: 0.263, data_time: 0.001, memory: 7111, loss: 2.4978, grad_norm: 3.5890
2023-11-08 10:59:50,229 - mmcls - INFO - Epoch [3][100/261]	lr: 1.198e-04, eta: 3:15:58, time: 0.292, data_time: 0.028, memory: 7111, loss: 2.3038, grad_norm: 3.2757
2023-11-08 11:00:16,886 - mmcls - INFO - Epoch [3][200/261]	lr: 1.389e-04, eta: 3:20:11, time: 0.267, data_time: 0.001, memory: 7111, loss: 2.2576, grad_norm: 3.2574
2023-11-08 11:01:02,159 - mmcls - INFO - Epoch [4][100/261]	lr: 1.697e-04, eta: 3:11:28, time: 0.292, data_time: 0.028, memory: 7111, loss: 2.2270, grad_norm: 3.1119
2023-11-08 11:01:28,829 - mmcls - INFO - Epoch [4][200/261]	lr: 1.888e-04, eta: 3:14:48, time: 0.267, data_time: 0.001, memory: 7111, loss: 2.1946, grad_norm: 2.8503
2023-11-08 11:02:14,580 - mmcls - INFO - Epoch [5][100/261]	lr: 2.195e-04, eta: 3:08:49, time: 0.295, data_time: 0.028, memory: 7111, loss: 2.2074, grad_norm: 2.8746
2023-11-08 11:02:41,180 - mmcls - INFO - Epoch [5][200/261]	lr: 2.386e-04, eta: 3:11:28, time: 0.266, data_time: 0.001, memory: 7111, loss: 2.2121, grad_norm: 2.7556
