2023-11-10 15:01:06,779 - mmcls - INFO - Environment info:
------------------------------------------------------------
sys.platform: linux
Python: 3.8.17 | packaged by conda-forge | (default, Jun 16 2023, 07:06:00) [GCC 11.4.0]
CUDA available: True
GPU 0,1: NVIDIA GeForce RTX 3090
CUDA_HOME: /usr/local/cuda-11.6
NVCC: Build cuda_11.6.r11.6/compiler.31057947_0
GCC: gcc (GCC) 7.3.0
PyTorch: 1.8.0+cu111
PyTorch compiling details: PyTorch built with:
  - GCC 7.3
  - C++ Version: 201402
  - Intel(R) Math Kernel Library Version 2020.0.0 Product Build 20191122 for Intel(R) 64 architecture applications
  - Intel(R) MKL-DNN v1.7.0 (Git Hash 7aed236906b1f7a05c0917e5257a1af05e9ff683)
  - OpenMP 201511 (a.k.a. OpenMP 4.5)
  - NNPACK is enabled
  - CPU capability usage: AVX2
  - CUDA Runtime 11.1
  - NVCC architecture flags: -gencode;arch=compute_37,code=sm_37;-gencode;arch=compute_50,code=sm_50;-gencode;arch=compute_60,code=sm_60;-gencode;arch=compute_70,code=sm_70;-gencode;arch=compute_75,code=sm_75;-gencode;arch=compute_80,code=sm_80;-gencode;arch=compute_86,code=sm_86
  - CuDNN 8.0.5
  - Magma 2.5.2
  - Build settings: BLAS_INFO=mkl, BUILD_TYPE=Release, CUDA_VERSION=11.1, CUDNN_VERSION=8.0.5, CXX_COMPILER=/opt/rh/devtoolset-7/root/usr/bin/c++, CXX_FLAGS= -Wno-deprecated -fvisibility-inlines-hidden -DUSE_PTHREADPOOL -fopenmp -DNDEBUG -DUSE_KINETO -DUSE_FBGEMM -DUSE_QNNPACK -DUSE_PYTORCH_QNNPACK -DUSE_XNNPACK -O2 -fPIC -Wno-narrowing -Wall -Wextra -Werror=return-type -Wno-missing-field-initializers -Wno-type-limits -Wno-array-bounds -Wno-unknown-pragmas -Wno-sign-compare -Wno-unused-parameter -Wno-unused-variable -Wno-unused-function -Wno-unused-result -Wno-unused-local-typedefs -Wno-strict-overflow -Wno-strict-aliasing -Wno-error=deprecated-declarations -Wno-stringop-overflow -Wno-psabi -Wno-error=pedantic -Wno-error=redundant-decls -Wno-error=old-style-cast -fdiagnostics-color=always -faligned-new -Wno-unused-but-set-variable -Wno-maybe-uninitialized -fno-math-errno -fno-trapping-math -Werror=format -Wno-stringop-overflow, LAPACK_INFO=mkl, PERF_WITH_AVX=1, PERF_WITH_AVX2=1, PERF_WITH_AVX512=1, TORCH_VERSION=1.8.0, USE_CUDA=ON, USE_CUDNN=ON, USE_EXCEPTION_PTR=1, USE_GFLAGS=OFF, USE_GLOG=OFF, USE_MKL=ON, USE_MKLDNN=ON, USE_MPI=OFF, USE_NCCL=ON, USE_NNPACK=ON, USE_OPENMP=ON, 

TorchVision: 0.9.0+cu111
OpenCV: 4.8.0
MMCV: 1.4.2
MMCV Compiler: n/a
MMCV CUDA Compiler: n/a
MMClassification: 0.24.0+
------------------------------------------------------------

2023-11-10 15:01:06,780 - mmcls - INFO - Distributed training: True
2023-11-10 15:01:07,267 - mmcls - INFO - Config:
train_data_root = '/data4/lj/forgery_Detect/Forgery_train_20231106'
test_data_root = '/data4/lj/forgery_Detect/Forgery_test_20231106'
work_dir = 'work_dirs/swin_tiny/Forgery_Detect'
num_classes = 2
batch_size = 25
max_epochs = 200
interval_save = 50
model = dict(
    type='ImageClassifier',
    backbone=dict(
        type='SwinTransformer',
        arch='tiny',
        init_cfg=dict(
            type='Pretrained',
            checkpoint=
            'pretrain_model/swin_tiny_224_b16x64_300e_imagenet_20210616_090925-66df6be6.pth',
            prefix='backbone'),
        img_size=224,
        drop_path_rate=0.2),
    neck=dict(type='GlobalAveragePooling'),
    head=dict(
        type='LinearClsHead',
        num_classes=2,
        in_channels=768,
        init_cfg=None,
        loss=dict(type='FocalLoss', gamma=2.0, alpha=0.25, reduction='mean'),
        cal_acc=False),
    init_cfg=[
        dict(type='TruncNormal', layer='Linear', std=0.02, bias=0.0),
        dict(type='Constant', layer='LayerNorm', val=1.0, bias=0.0)
    ])
dataset_type = 'CustomDataset'
img_norm_cfg = dict(
    mean=[123.675, 116.28, 103.53], std=[58.395, 57.12, 57.375], to_rgb=True)
train_pipeline = [
    dict(type='LoadImageFromFile'),
    dict(type='Rotate', angle=8.0, interpolation='bicubic'),
    dict(
        type='Rotate',
        angle=90.0,
        interpolation='bicubic',
        prob=0.1,
        random_negative_prob=0.5),
    dict(
        type='Rotate',
        angle=180.0,
        interpolation='bicubic',
        prob=0.1,
        random_negative_prob=0.5),
    dict(type='Resize', size=384),
    dict(
        type='Normalize',
        mean=[123.675, 116.28, 103.53],
        std=[58.395, 57.12, 57.375],
        to_rgb=True),
    dict(type='ImageToTensor', keys=['img']),
    dict(type='ToTensor', keys=['gt_label']),
    dict(type='Collect', keys=['img', 'gt_label'])
]
test_pipeline = [
    dict(type='LoadImageFromFile'),
    dict(type='Resize', size=384),
    dict(
        type='Normalize',
        mean=[123.675, 116.28, 103.53],
        std=[58.395, 57.12, 57.375],
        to_rgb=True),
    dict(type='ImageToTensor', keys=['img']),
    dict(type='Collect', keys=['img'])
]
data = dict(
    samples_per_gpu=25,
    workers_per_gpu=4,
    train=dict(
        type='CustomDataset',
        data_prefix='/data4/lj/forgery_Detect/Forgery_train_20231106',
        pipeline=[
            dict(type='LoadImageFromFile'),
            dict(type='Rotate', angle=8.0, interpolation='bicubic'),
            dict(
                type='Rotate',
                angle=90.0,
                interpolation='bicubic',
                prob=0.1,
                random_negative_prob=0.5),
            dict(
                type='Rotate',
                angle=180.0,
                interpolation='bicubic',
                prob=0.1,
                random_negative_prob=0.5),
            dict(type='Resize', size=384),
            dict(
                type='Normalize',
                mean=[123.675, 116.28, 103.53],
                std=[58.395, 57.12, 57.375],
                to_rgb=True),
            dict(type='ImageToTensor', keys=['img']),
            dict(type='ToTensor', keys=['gt_label']),
            dict(type='Collect', keys=['img', 'gt_label'])
        ]),
    val=dict(
        type='CustomDataset',
        data_prefix='/data4/lj/forgery_Detect/Forgery_test_20231106',
        pipeline=[
            dict(type='LoadImageFromFile'),
            dict(type='Resize', size=512),
            dict(
                type='Normalize',
                mean=[123.675, 116.28, 103.53],
                std=[58.395, 57.12, 57.375],
                to_rgb=True),
            dict(type='ImageToTensor', keys=['img']),
            dict(type='Collect', keys=['img'])
        ]),
    test=dict(
        type='CustomDataset',
        data_prefix='/data4/lj/forgery_Detect/Forgery_test_20231106',
        pipeline=[
            dict(type='LoadImageFromFile'),
            dict(type='Resize', size=512),
            dict(
                type='Normalize',
                mean=[123.675, 116.28, 103.53],
                std=[58.395, 57.12, 57.375],
                to_rgb=True),
            dict(type='ImageToTensor', keys=['img']),
            dict(type='Collect', keys=['img'])
        ]))
evaluation = dict(interval=10, metric='accuracy')
paramwise_cfg = dict(
    norm_decay_mult=0.0,
    bias_decay_mult=0.0,
    custom_keys=dict({
        '.absolute_pos_embed': dict(decay_mult=0.0),
        '.relative_position_bias_table': dict(decay_mult=0.0)
    }))
optimizer = dict(
    type='AdamW',
    lr=0.001,
    weight_decay=0.05,
    eps=1e-08,
    betas=(0.9, 0.999),
    paramwise_cfg=dict(
        norm_decay_mult=0.0,
        bias_decay_mult=0.0,
        custom_keys=dict({
            '.absolute_pos_embed': dict(decay_mult=0.0),
            '.relative_position_bias_table': dict(decay_mult=0.0)
        })))
optimizer_config = dict(grad_clip=dict(max_norm=5.0))
lr_config = dict(
    policy='CosineAnnealing',
    by_epoch=False,
    min_lr_ratio=0.01,
    warmup='linear',
    warmup_ratio=0.001,
    warmup_iters=20,
    warmup_by_epoch=True)
runner = dict(type='EpochBasedRunner', max_epochs=200)
checkpoint_config = dict(interval=50, save_optimizer=True)
log_config = dict(interval=50, hooks=[dict(type='TextLoggerHook')])
dist_params = dict(backend='nccl')
log_level = 'INFO'
load_from = None
resume_from = None
workflow = [('train', 1)]
gpu_ids = range(0, 2)

2023-11-10 15:01:12,761 - mmcls - INFO - Set random seed to 667948047, deterministic: False
2023-11-10 15:01:13,087 - mmcls - INFO - initialize ImageClassifier with init_cfg [{'type': 'TruncNormal', 'layer': 'Linear', 'std': 0.02, 'bias': 0.0}, {'type': 'Constant', 'layer': 'LayerNorm', 'val': 1.0, 'bias': 0.0}]
2023-11-10 15:01:13,430 - mmcls - INFO - initialize SwinTransformer with init_cfg {'type': 'Pretrained', 'checkpoint': 'pretrain_model/swin_tiny_224_b16x64_300e_imagenet_20210616_090925-66df6be6.pth', 'prefix': 'backbone'}
Name of parameter - Initialization information

backbone.patch_embed.projection.weight - torch.Size([96, 3, 4, 4]): 
PretrainedInit: load from pretrain_model/swin_tiny_224_b16x64_300e_imagenet_20210616_090925-66df6be6.pth 

backbone.patch_embed.projection.bias - torch.Size([96]): 
PretrainedInit: load from pretrain_model/swin_tiny_224_b16x64_300e_imagenet_20210616_090925-66df6be6.pth 

backbone.patch_embed.norm.weight - torch.Size([96]): 
PretrainedInit: load from pretrain_model/swin_tiny_224_b16x64_300e_imagenet_20210616_090925-66df6be6.pth 

backbone.patch_embed.norm.bias - torch.Size([96]): 
PretrainedInit: load from pretrain_model/swin_tiny_224_b16x64_300e_imagenet_20210616_090925-66df6be6.pth 

backbone.stages.0.blocks.0.norm1.weight - torch.Size([96]): 
PretrainedInit: load from pretrain_model/swin_tiny_224_b16x64_300e_imagenet_20210616_090925-66df6be6.pth 

backbone.stages.0.blocks.0.norm1.bias - torch.Size([96]): 
PretrainedInit: load from pretrain_model/swin_tiny_224_b16x64_300e_imagenet_20210616_090925-66df6be6.pth 

backbone.stages.0.blocks.0.attn.w_msa.relative_position_bias_table - torch.Size([169, 3]): 
PretrainedInit: load from pretrain_model/swin_tiny_224_b16x64_300e_imagenet_20210616_090925-66df6be6.pth 

backbone.stages.0.blocks.0.attn.w_msa.qkv.weight - torch.Size([288, 96]): 
PretrainedInit: load from pretrain_model/swin_tiny_224_b16x64_300e_imagenet_20210616_090925-66df6be6.pth 

backbone.stages.0.blocks.0.attn.w_msa.qkv.bias - torch.Size([288]): 
PretrainedInit: load from pretrain_model/swin_tiny_224_b16x64_300e_imagenet_20210616_090925-66df6be6.pth 

backbone.stages.0.blocks.0.attn.w_msa.proj.weight - torch.Size([96, 96]): 
PretrainedInit: load from pretrain_model/swin_tiny_224_b16x64_300e_imagenet_20210616_090925-66df6be6.pth 

backbone.stages.0.blocks.0.attn.w_msa.proj.bias - torch.Size([96]): 
PretrainedInit: load from pretrain_model/swin_tiny_224_b16x64_300e_imagenet_20210616_090925-66df6be6.pth 

backbone.stages.0.blocks.0.norm2.weight - torch.Size([96]): 
PretrainedInit: load from pretrain_model/swin_tiny_224_b16x64_300e_imagenet_20210616_090925-66df6be6.pth 

backbone.stages.0.blocks.0.norm2.bias - torch.Size([96]): 
PretrainedInit: load from pretrain_model/swin_tiny_224_b16x64_300e_imagenet_20210616_090925-66df6be6.pth 

backbone.stages.0.blocks.0.ffn.layers.0.0.weight - torch.Size([384, 96]): 
PretrainedInit: load from pretrain_model/swin_tiny_224_b16x64_300e_imagenet_20210616_090925-66df6be6.pth 

backbone.stages.0.blocks.0.ffn.layers.0.0.bias - torch.Size([384]): 
PretrainedInit: load from pretrain_model/swin_tiny_224_b16x64_300e_imagenet_20210616_090925-66df6be6.pth 

backbone.stages.0.blocks.0.ffn.layers.1.weight - torch.Size([96, 384]): 
PretrainedInit: load from pretrain_model/swin_tiny_224_b16x64_300e_imagenet_20210616_090925-66df6be6.pth 

backbone.stages.0.blocks.0.ffn.layers.1.bias - torch.Size([96]): 
PretrainedInit: load from pretrain_model/swin_tiny_224_b16x64_300e_imagenet_20210616_090925-66df6be6.pth 

backbone.stages.0.blocks.1.norm1.weight - torch.Size([96]): 
PretrainedInit: load from pretrain_model/swin_tiny_224_b16x64_300e_imagenet_20210616_090925-66df6be6.pth 

backbone.stages.0.blocks.1.norm1.bias - torch.Size([96]): 
PretrainedInit: load from pretrain_model/swin_tiny_224_b16x64_300e_imagenet_20210616_090925-66df6be6.pth 

backbone.stages.0.blocks.1.attn.w_msa.relative_position_bias_table - torch.Size([169, 3]): 
PretrainedInit: load from pretrain_model/swin_tiny_224_b16x64_300e_imagenet_20210616_090925-66df6be6.pth 

backbone.stages.0.blocks.1.attn.w_msa.qkv.weight - torch.Size([288, 96]): 
PretrainedInit: load from pretrain_model/swin_tiny_224_b16x64_300e_imagenet_20210616_090925-66df6be6.pth 

backbone.stages.0.blocks.1.attn.w_msa.qkv.bias - torch.Size([288]): 
PretrainedInit: load from pretrain_model/swin_tiny_224_b16x64_300e_imagenet_20210616_090925-66df6be6.pth 

backbone.stages.0.blocks.1.attn.w_msa.proj.weight - torch.Size([96, 96]): 
PretrainedInit: load from pretrain_model/swin_tiny_224_b16x64_300e_imagenet_20210616_090925-66df6be6.pth 

backbone.stages.0.blocks.1.attn.w_msa.proj.bias - torch.Size([96]): 
PretrainedInit: load from pretrain_model/swin_tiny_224_b16x64_300e_imagenet_20210616_090925-66df6be6.pth 

backbone.stages.0.blocks.1.norm2.weight - torch.Size([96]): 
PretrainedInit: load from pretrain_model/swin_tiny_224_b16x64_300e_imagenet_20210616_090925-66df6be6.pth 

backbone.stages.0.blocks.1.norm2.bias - torch.Size([96]): 
PretrainedInit: load from pretrain_model/swin_tiny_224_b16x64_300e_imagenet_20210616_090925-66df6be6.pth 

backbone.stages.0.blocks.1.ffn.layers.0.0.weight - torch.Size([384, 96]): 
PretrainedInit: load from pretrain_model/swin_tiny_224_b16x64_300e_imagenet_20210616_090925-66df6be6.pth 

backbone.stages.0.blocks.1.ffn.layers.0.0.bias - torch.Size([384]): 
PretrainedInit: load from pretrain_model/swin_tiny_224_b16x64_300e_imagenet_20210616_090925-66df6be6.pth 

backbone.stages.0.blocks.1.ffn.layers.1.weight - torch.Size([96, 384]): 
PretrainedInit: load from pretrain_model/swin_tiny_224_b16x64_300e_imagenet_20210616_090925-66df6be6.pth 

backbone.stages.0.blocks.1.ffn.layers.1.bias - torch.Size([96]): 
PretrainedInit: load from pretrain_model/swin_tiny_224_b16x64_300e_imagenet_20210616_090925-66df6be6.pth 

backbone.stages.0.downsample.norm.weight - torch.Size([384]): 
PretrainedInit: load from pretrain_model/swin_tiny_224_b16x64_300e_imagenet_20210616_090925-66df6be6.pth 

backbone.stages.0.downsample.norm.bias - torch.Size([384]): 
PretrainedInit: load from pretrain_model/swin_tiny_224_b16x64_300e_imagenet_20210616_090925-66df6be6.pth 

backbone.stages.0.downsample.reduction.weight - torch.Size([192, 384]): 
PretrainedInit: load from pretrain_model/swin_tiny_224_b16x64_300e_imagenet_20210616_090925-66df6be6.pth 

backbone.stages.1.blocks.0.norm1.weight - torch.Size([192]): 
PretrainedInit: load from pretrain_model/swin_tiny_224_b16x64_300e_imagenet_20210616_090925-66df6be6.pth 

backbone.stages.1.blocks.0.norm1.bias - torch.Size([192]): 
PretrainedInit: load from pretrain_model/swin_tiny_224_b16x64_300e_imagenet_20210616_090925-66df6be6.pth 

backbone.stages.1.blocks.0.attn.w_msa.relative_position_bias_table - torch.Size([169, 6]): 
PretrainedInit: load from pretrain_model/swin_tiny_224_b16x64_300e_imagenet_20210616_090925-66df6be6.pth 

backbone.stages.1.blocks.0.attn.w_msa.qkv.weight - torch.Size([576, 192]): 
PretrainedInit: load from pretrain_model/swin_tiny_224_b16x64_300e_imagenet_20210616_090925-66df6be6.pth 

backbone.stages.1.blocks.0.attn.w_msa.qkv.bias - torch.Size([576]): 
PretrainedInit: load from pretrain_model/swin_tiny_224_b16x64_300e_imagenet_20210616_090925-66df6be6.pth 

backbone.stages.1.blocks.0.attn.w_msa.proj.weight - torch.Size([192, 192]): 
PretrainedInit: load from pretrain_model/swin_tiny_224_b16x64_300e_imagenet_20210616_090925-66df6be6.pth 

backbone.stages.1.blocks.0.attn.w_msa.proj.bias - torch.Size([192]): 
PretrainedInit: load from pretrain_model/swin_tiny_224_b16x64_300e_imagenet_20210616_090925-66df6be6.pth 

backbone.stages.1.blocks.0.norm2.weight - torch.Size([192]): 
PretrainedInit: load from pretrain_model/swin_tiny_224_b16x64_300e_imagenet_20210616_090925-66df6be6.pth 

backbone.stages.1.blocks.0.norm2.bias - torch.Size([192]): 
PretrainedInit: load from pretrain_model/swin_tiny_224_b16x64_300e_imagenet_20210616_090925-66df6be6.pth 

backbone.stages.1.blocks.0.ffn.layers.0.0.weight - torch.Size([768, 192]): 
PretrainedInit: load from pretrain_model/swin_tiny_224_b16x64_300e_imagenet_20210616_090925-66df6be6.pth 

backbone.stages.1.blocks.0.ffn.layers.0.0.bias - torch.Size([768]): 
PretrainedInit: load from pretrain_model/swin_tiny_224_b16x64_300e_imagenet_20210616_090925-66df6be6.pth 

backbone.stages.1.blocks.0.ffn.layers.1.weight - torch.Size([192, 768]): 
PretrainedInit: load from pretrain_model/swin_tiny_224_b16x64_300e_imagenet_20210616_090925-66df6be6.pth 

backbone.stages.1.blocks.0.ffn.layers.1.bias - torch.Size([192]): 
PretrainedInit: load from pretrain_model/swin_tiny_224_b16x64_300e_imagenet_20210616_090925-66df6be6.pth 

backbone.stages.1.blocks.1.norm1.weight - torch.Size([192]): 
PretrainedInit: load from pretrain_model/swin_tiny_224_b16x64_300e_imagenet_20210616_090925-66df6be6.pth 

backbone.stages.1.blocks.1.norm1.bias - torch.Size([192]): 
PretrainedInit: load from pretrain_model/swin_tiny_224_b16x64_300e_imagenet_20210616_090925-66df6be6.pth 

backbone.stages.1.blocks.1.attn.w_msa.relative_position_bias_table - torch.Size([169, 6]): 
PretrainedInit: load from pretrain_model/swin_tiny_224_b16x64_300e_imagenet_20210616_090925-66df6be6.pth 

backbone.stages.1.blocks.1.attn.w_msa.qkv.weight - torch.Size([576, 192]): 
PretrainedInit: load from pretrain_model/swin_tiny_224_b16x64_300e_imagenet_20210616_090925-66df6be6.pth 

backbone.stages.1.blocks.1.attn.w_msa.qkv.bias - torch.Size([576]): 
PretrainedInit: load from pretrain_model/swin_tiny_224_b16x64_300e_imagenet_20210616_090925-66df6be6.pth 

backbone.stages.1.blocks.1.attn.w_msa.proj.weight - torch.Size([192, 192]): 
PretrainedInit: load from pretrain_model/swin_tiny_224_b16x64_300e_imagenet_20210616_090925-66df6be6.pth 

backbone.stages.1.blocks.1.attn.w_msa.proj.bias - torch.Size([192]): 
PretrainedInit: load from pretrain_model/swin_tiny_224_b16x64_300e_imagenet_20210616_090925-66df6be6.pth 

backbone.stages.1.blocks.1.norm2.weight - torch.Size([192]): 
PretrainedInit: load from pretrain_model/swin_tiny_224_b16x64_300e_imagenet_20210616_090925-66df6be6.pth 

backbone.stages.1.blocks.1.norm2.bias - torch.Size([192]): 
PretrainedInit: load from pretrain_model/swin_tiny_224_b16x64_300e_imagenet_20210616_090925-66df6be6.pth 

backbone.stages.1.blocks.1.ffn.layers.0.0.weight - torch.Size([768, 192]): 
PretrainedInit: load from pretrain_model/swin_tiny_224_b16x64_300e_imagenet_20210616_090925-66df6be6.pth 

backbone.stages.1.blocks.1.ffn.layers.0.0.bias - torch.Size([768]): 
PretrainedInit: load from pretrain_model/swin_tiny_224_b16x64_300e_imagenet_20210616_090925-66df6be6.pth 

backbone.stages.1.blocks.1.ffn.layers.1.weight - torch.Size([192, 768]): 
PretrainedInit: load from pretrain_model/swin_tiny_224_b16x64_300e_imagenet_20210616_090925-66df6be6.pth 

backbone.stages.1.blocks.1.ffn.layers.1.bias - torch.Size([192]): 
PretrainedInit: load from pretrain_model/swin_tiny_224_b16x64_300e_imagenet_20210616_090925-66df6be6.pth 

backbone.stages.1.downsample.norm.weight - torch.Size([768]): 
PretrainedInit: load from pretrain_model/swin_tiny_224_b16x64_300e_imagenet_20210616_090925-66df6be6.pth 

backbone.stages.1.downsample.norm.bias - torch.Size([768]): 
PretrainedInit: load from pretrain_model/swin_tiny_224_b16x64_300e_imagenet_20210616_090925-66df6be6.pth 

backbone.stages.1.downsample.reduction.weight - torch.Size([384, 768]): 
PretrainedInit: load from pretrain_model/swin_tiny_224_b16x64_300e_imagenet_20210616_090925-66df6be6.pth 

backbone.stages.2.blocks.0.norm1.weight - torch.Size([384]): 
PretrainedInit: load from pretrain_model/swin_tiny_224_b16x64_300e_imagenet_20210616_090925-66df6be6.pth 

backbone.stages.2.blocks.0.norm1.bias - torch.Size([384]): 
PretrainedInit: load from pretrain_model/swin_tiny_224_b16x64_300e_imagenet_20210616_090925-66df6be6.pth 

backbone.stages.2.blocks.0.attn.w_msa.relative_position_bias_table - torch.Size([169, 12]): 
PretrainedInit: load from pretrain_model/swin_tiny_224_b16x64_300e_imagenet_20210616_090925-66df6be6.pth 

backbone.stages.2.blocks.0.attn.w_msa.qkv.weight - torch.Size([1152, 384]): 
PretrainedInit: load from pretrain_model/swin_tiny_224_b16x64_300e_imagenet_20210616_090925-66df6be6.pth 

backbone.stages.2.blocks.0.attn.w_msa.qkv.bias - torch.Size([1152]): 
PretrainedInit: load from pretrain_model/swin_tiny_224_b16x64_300e_imagenet_20210616_090925-66df6be6.pth 

backbone.stages.2.blocks.0.attn.w_msa.proj.weight - torch.Size([384, 384]): 
PretrainedInit: load from pretrain_model/swin_tiny_224_b16x64_300e_imagenet_20210616_090925-66df6be6.pth 

backbone.stages.2.blocks.0.attn.w_msa.proj.bias - torch.Size([384]): 
PretrainedInit: load from pretrain_model/swin_tiny_224_b16x64_300e_imagenet_20210616_090925-66df6be6.pth 

backbone.stages.2.blocks.0.norm2.weight - torch.Size([384]): 
PretrainedInit: load from pretrain_model/swin_tiny_224_b16x64_300e_imagenet_20210616_090925-66df6be6.pth 

backbone.stages.2.blocks.0.norm2.bias - torch.Size([384]): 
PretrainedInit: load from pretrain_model/swin_tiny_224_b16x64_300e_imagenet_20210616_090925-66df6be6.pth 

backbone.stages.2.blocks.0.ffn.layers.0.0.weight - torch.Size([1536, 384]): 
PretrainedInit: load from pretrain_model/swin_tiny_224_b16x64_300e_imagenet_20210616_090925-66df6be6.pth 

backbone.stages.2.blocks.0.ffn.layers.0.0.bias - torch.Size([1536]): 
PretrainedInit: load from pretrain_model/swin_tiny_224_b16x64_300e_imagenet_20210616_090925-66df6be6.pth 

backbone.stages.2.blocks.0.ffn.layers.1.weight - torch.Size([384, 1536]): 
PretrainedInit: load from pretrain_model/swin_tiny_224_b16x64_300e_imagenet_20210616_090925-66df6be6.pth 

backbone.stages.2.blocks.0.ffn.layers.1.bias - torch.Size([384]): 
PretrainedInit: load from pretrain_model/swin_tiny_224_b16x64_300e_imagenet_20210616_090925-66df6be6.pth 

backbone.stages.2.blocks.1.norm1.weight - torch.Size([384]): 
PretrainedInit: load from pretrain_model/swin_tiny_224_b16x64_300e_imagenet_20210616_090925-66df6be6.pth 

backbone.stages.2.blocks.1.norm1.bias - torch.Size([384]): 
PretrainedInit: load from pretrain_model/swin_tiny_224_b16x64_300e_imagenet_20210616_090925-66df6be6.pth 

backbone.stages.2.blocks.1.attn.w_msa.relative_position_bias_table - torch.Size([169, 12]): 
PretrainedInit: load from pretrain_model/swin_tiny_224_b16x64_300e_imagenet_20210616_090925-66df6be6.pth 

backbone.stages.2.blocks.1.attn.w_msa.qkv.weight - torch.Size([1152, 384]): 
PretrainedInit: load from pretrain_model/swin_tiny_224_b16x64_300e_imagenet_20210616_090925-66df6be6.pth 

backbone.stages.2.blocks.1.attn.w_msa.qkv.bias - torch.Size([1152]): 
PretrainedInit: load from pretrain_model/swin_tiny_224_b16x64_300e_imagenet_20210616_090925-66df6be6.pth 

backbone.stages.2.blocks.1.attn.w_msa.proj.weight - torch.Size([384, 384]): 
PretrainedInit: load from pretrain_model/swin_tiny_224_b16x64_300e_imagenet_20210616_090925-66df6be6.pth 

backbone.stages.2.blocks.1.attn.w_msa.proj.bias - torch.Size([384]): 
PretrainedInit: load from pretrain_model/swin_tiny_224_b16x64_300e_imagenet_20210616_090925-66df6be6.pth 

backbone.stages.2.blocks.1.norm2.weight - torch.Size([384]): 
PretrainedInit: load from pretrain_model/swin_tiny_224_b16x64_300e_imagenet_20210616_090925-66df6be6.pth 

backbone.stages.2.blocks.1.norm2.bias - torch.Size([384]): 
PretrainedInit: load from pretrain_model/swin_tiny_224_b16x64_300e_imagenet_20210616_090925-66df6be6.pth 

backbone.stages.2.blocks.1.ffn.layers.0.0.weight - torch.Size([1536, 384]): 
PretrainedInit: load from pretrain_model/swin_tiny_224_b16x64_300e_imagenet_20210616_090925-66df6be6.pth 

backbone.stages.2.blocks.1.ffn.layers.0.0.bias - torch.Size([1536]): 
PretrainedInit: load from pretrain_model/swin_tiny_224_b16x64_300e_imagenet_20210616_090925-66df6be6.pth 

backbone.stages.2.blocks.1.ffn.layers.1.weight - torch.Size([384, 1536]): 
PretrainedInit: load from pretrain_model/swin_tiny_224_b16x64_300e_imagenet_20210616_090925-66df6be6.pth 

backbone.stages.2.blocks.1.ffn.layers.1.bias - torch.Size([384]): 
PretrainedInit: load from pretrain_model/swin_tiny_224_b16x64_300e_imagenet_20210616_090925-66df6be6.pth 

backbone.stages.2.blocks.2.norm1.weight - torch.Size([384]): 
PretrainedInit: load from pretrain_model/swin_tiny_224_b16x64_300e_imagenet_20210616_090925-66df6be6.pth 

backbone.stages.2.blocks.2.norm1.bias - torch.Size([384]): 
PretrainedInit: load from pretrain_model/swin_tiny_224_b16x64_300e_imagenet_20210616_090925-66df6be6.pth 

backbone.stages.2.blocks.2.attn.w_msa.relative_position_bias_table - torch.Size([169, 12]): 
PretrainedInit: load from pretrain_model/swin_tiny_224_b16x64_300e_imagenet_20210616_090925-66df6be6.pth 

backbone.stages.2.blocks.2.attn.w_msa.qkv.weight - torch.Size([1152, 384]): 
PretrainedInit: load from pretrain_model/swin_tiny_224_b16x64_300e_imagenet_20210616_090925-66df6be6.pth 

backbone.stages.2.blocks.2.attn.w_msa.qkv.bias - torch.Size([1152]): 
PretrainedInit: load from pretrain_model/swin_tiny_224_b16x64_300e_imagenet_20210616_090925-66df6be6.pth 

backbone.stages.2.blocks.2.attn.w_msa.proj.weight - torch.Size([384, 384]): 
PretrainedInit: load from pretrain_model/swin_tiny_224_b16x64_300e_imagenet_20210616_090925-66df6be6.pth 

backbone.stages.2.blocks.2.attn.w_msa.proj.bias - torch.Size([384]): 
PretrainedInit: load from pretrain_model/swin_tiny_224_b16x64_300e_imagenet_20210616_090925-66df6be6.pth 

backbone.stages.2.blocks.2.norm2.weight - torch.Size([384]): 
PretrainedInit: load from pretrain_model/swin_tiny_224_b16x64_300e_imagenet_20210616_090925-66df6be6.pth 

backbone.stages.2.blocks.2.norm2.bias - torch.Size([384]): 
PretrainedInit: load from pretrain_model/swin_tiny_224_b16x64_300e_imagenet_20210616_090925-66df6be6.pth 

backbone.stages.2.blocks.2.ffn.layers.0.0.weight - torch.Size([1536, 384]): 
PretrainedInit: load from pretrain_model/swin_tiny_224_b16x64_300e_imagenet_20210616_090925-66df6be6.pth 

backbone.stages.2.blocks.2.ffn.layers.0.0.bias - torch.Size([1536]): 
PretrainedInit: load from pretrain_model/swin_tiny_224_b16x64_300e_imagenet_20210616_090925-66df6be6.pth 

backbone.stages.2.blocks.2.ffn.layers.1.weight - torch.Size([384, 1536]): 
PretrainedInit: load from pretrain_model/swin_tiny_224_b16x64_300e_imagenet_20210616_090925-66df6be6.pth 

backbone.stages.2.blocks.2.ffn.layers.1.bias - torch.Size([384]): 
PretrainedInit: load from pretrain_model/swin_tiny_224_b16x64_300e_imagenet_20210616_090925-66df6be6.pth 

backbone.stages.2.blocks.3.norm1.weight - torch.Size([384]): 
PretrainedInit: load from pretrain_model/swin_tiny_224_b16x64_300e_imagenet_20210616_090925-66df6be6.pth 

backbone.stages.2.blocks.3.norm1.bias - torch.Size([384]): 
PretrainedInit: load from pretrain_model/swin_tiny_224_b16x64_300e_imagenet_20210616_090925-66df6be6.pth 

backbone.stages.2.blocks.3.attn.w_msa.relative_position_bias_table - torch.Size([169, 12]): 
PretrainedInit: load from pretrain_model/swin_tiny_224_b16x64_300e_imagenet_20210616_090925-66df6be6.pth 

backbone.stages.2.blocks.3.attn.w_msa.qkv.weight - torch.Size([1152, 384]): 
PretrainedInit: load from pretrain_model/swin_tiny_224_b16x64_300e_imagenet_20210616_090925-66df6be6.pth 

backbone.stages.2.blocks.3.attn.w_msa.qkv.bias - torch.Size([1152]): 
PretrainedInit: load from pretrain_model/swin_tiny_224_b16x64_300e_imagenet_20210616_090925-66df6be6.pth 

backbone.stages.2.blocks.3.attn.w_msa.proj.weight - torch.Size([384, 384]): 
PretrainedInit: load from pretrain_model/swin_tiny_224_b16x64_300e_imagenet_20210616_090925-66df6be6.pth 

backbone.stages.2.blocks.3.attn.w_msa.proj.bias - torch.Size([384]): 
PretrainedInit: load from pretrain_model/swin_tiny_224_b16x64_300e_imagenet_20210616_090925-66df6be6.pth 

backbone.stages.2.blocks.3.norm2.weight - torch.Size([384]): 
PretrainedInit: load from pretrain_model/swin_tiny_224_b16x64_300e_imagenet_20210616_090925-66df6be6.pth 

backbone.stages.2.blocks.3.norm2.bias - torch.Size([384]): 
PretrainedInit: load from pretrain_model/swin_tiny_224_b16x64_300e_imagenet_20210616_090925-66df6be6.pth 

backbone.stages.2.blocks.3.ffn.layers.0.0.weight - torch.Size([1536, 384]): 
PretrainedInit: load from pretrain_model/swin_tiny_224_b16x64_300e_imagenet_20210616_090925-66df6be6.pth 

backbone.stages.2.blocks.3.ffn.layers.0.0.bias - torch.Size([1536]): 
PretrainedInit: load from pretrain_model/swin_tiny_224_b16x64_300e_imagenet_20210616_090925-66df6be6.pth 

backbone.stages.2.blocks.3.ffn.layers.1.weight - torch.Size([384, 1536]): 
PretrainedInit: load from pretrain_model/swin_tiny_224_b16x64_300e_imagenet_20210616_090925-66df6be6.pth 

backbone.stages.2.blocks.3.ffn.layers.1.bias - torch.Size([384]): 
PretrainedInit: load from pretrain_model/swin_tiny_224_b16x64_300e_imagenet_20210616_090925-66df6be6.pth 

backbone.stages.2.blocks.4.norm1.weight - torch.Size([384]): 
PretrainedInit: load from pretrain_model/swin_tiny_224_b16x64_300e_imagenet_20210616_090925-66df6be6.pth 

backbone.stages.2.blocks.4.norm1.bias - torch.Size([384]): 
PretrainedInit: load from pretrain_model/swin_tiny_224_b16x64_300e_imagenet_20210616_090925-66df6be6.pth 

backbone.stages.2.blocks.4.attn.w_msa.relative_position_bias_table - torch.Size([169, 12]): 
PretrainedInit: load from pretrain_model/swin_tiny_224_b16x64_300e_imagenet_20210616_090925-66df6be6.pth 

backbone.stages.2.blocks.4.attn.w_msa.qkv.weight - torch.Size([1152, 384]): 
PretrainedInit: load from pretrain_model/swin_tiny_224_b16x64_300e_imagenet_20210616_090925-66df6be6.pth 

backbone.stages.2.blocks.4.attn.w_msa.qkv.bias - torch.Size([1152]): 
PretrainedInit: load from pretrain_model/swin_tiny_224_b16x64_300e_imagenet_20210616_090925-66df6be6.pth 

backbone.stages.2.blocks.4.attn.w_msa.proj.weight - torch.Size([384, 384]): 
PretrainedInit: load from pretrain_model/swin_tiny_224_b16x64_300e_imagenet_20210616_090925-66df6be6.pth 

backbone.stages.2.blocks.4.attn.w_msa.proj.bias - torch.Size([384]): 
PretrainedInit: load from pretrain_model/swin_tiny_224_b16x64_300e_imagenet_20210616_090925-66df6be6.pth 

backbone.stages.2.blocks.4.norm2.weight - torch.Size([384]): 
PretrainedInit: load from pretrain_model/swin_tiny_224_b16x64_300e_imagenet_20210616_090925-66df6be6.pth 

backbone.stages.2.blocks.4.norm2.bias - torch.Size([384]): 
PretrainedInit: load from pretrain_model/swin_tiny_224_b16x64_300e_imagenet_20210616_090925-66df6be6.pth 

backbone.stages.2.blocks.4.ffn.layers.0.0.weight - torch.Size([1536, 384]): 
PretrainedInit: load from pretrain_model/swin_tiny_224_b16x64_300e_imagenet_20210616_090925-66df6be6.pth 

backbone.stages.2.blocks.4.ffn.layers.0.0.bias - torch.Size([1536]): 
PretrainedInit: load from pretrain_model/swin_tiny_224_b16x64_300e_imagenet_20210616_090925-66df6be6.pth 

backbone.stages.2.blocks.4.ffn.layers.1.weight - torch.Size([384, 1536]): 
PretrainedInit: load from pretrain_model/swin_tiny_224_b16x64_300e_imagenet_20210616_090925-66df6be6.pth 

backbone.stages.2.blocks.4.ffn.layers.1.bias - torch.Size([384]): 
PretrainedInit: load from pretrain_model/swin_tiny_224_b16x64_300e_imagenet_20210616_090925-66df6be6.pth 

backbone.stages.2.blocks.5.norm1.weight - torch.Size([384]): 
PretrainedInit: load from pretrain_model/swin_tiny_224_b16x64_300e_imagenet_20210616_090925-66df6be6.pth 

backbone.stages.2.blocks.5.norm1.bias - torch.Size([384]): 
PretrainedInit: load from pretrain_model/swin_tiny_224_b16x64_300e_imagenet_20210616_090925-66df6be6.pth 

backbone.stages.2.blocks.5.attn.w_msa.relative_position_bias_table - torch.Size([169, 12]): 
PretrainedInit: load from pretrain_model/swin_tiny_224_b16x64_300e_imagenet_20210616_090925-66df6be6.pth 

backbone.stages.2.blocks.5.attn.w_msa.qkv.weight - torch.Size([1152, 384]): 
PretrainedInit: load from pretrain_model/swin_tiny_224_b16x64_300e_imagenet_20210616_090925-66df6be6.pth 

backbone.stages.2.blocks.5.attn.w_msa.qkv.bias - torch.Size([1152]): 
PretrainedInit: load from pretrain_model/swin_tiny_224_b16x64_300e_imagenet_20210616_090925-66df6be6.pth 

backbone.stages.2.blocks.5.attn.w_msa.proj.weight - torch.Size([384, 384]): 
PretrainedInit: load from pretrain_model/swin_tiny_224_b16x64_300e_imagenet_20210616_090925-66df6be6.pth 

backbone.stages.2.blocks.5.attn.w_msa.proj.bias - torch.Size([384]): 
PretrainedInit: load from pretrain_model/swin_tiny_224_b16x64_300e_imagenet_20210616_090925-66df6be6.pth 

backbone.stages.2.blocks.5.norm2.weight - torch.Size([384]): 
PretrainedInit: load from pretrain_model/swin_tiny_224_b16x64_300e_imagenet_20210616_090925-66df6be6.pth 

backbone.stages.2.blocks.5.norm2.bias - torch.Size([384]): 
PretrainedInit: load from pretrain_model/swin_tiny_224_b16x64_300e_imagenet_20210616_090925-66df6be6.pth 

backbone.stages.2.blocks.5.ffn.layers.0.0.weight - torch.Size([1536, 384]): 
PretrainedInit: load from pretrain_model/swin_tiny_224_b16x64_300e_imagenet_20210616_090925-66df6be6.pth 

backbone.stages.2.blocks.5.ffn.layers.0.0.bias - torch.Size([1536]): 
PretrainedInit: load from pretrain_model/swin_tiny_224_b16x64_300e_imagenet_20210616_090925-66df6be6.pth 

backbone.stages.2.blocks.5.ffn.layers.1.weight - torch.Size([384, 1536]): 
PretrainedInit: load from pretrain_model/swin_tiny_224_b16x64_300e_imagenet_20210616_090925-66df6be6.pth 

backbone.stages.2.blocks.5.ffn.layers.1.bias - torch.Size([384]): 
PretrainedInit: load from pretrain_model/swin_tiny_224_b16x64_300e_imagenet_20210616_090925-66df6be6.pth 

backbone.stages.2.downsample.norm.weight - torch.Size([1536]): 
PretrainedInit: load from pretrain_model/swin_tiny_224_b16x64_300e_imagenet_20210616_090925-66df6be6.pth 

backbone.stages.2.downsample.norm.bias - torch.Size([1536]): 
PretrainedInit: load from pretrain_model/swin_tiny_224_b16x64_300e_imagenet_20210616_090925-66df6be6.pth 

backbone.stages.2.downsample.reduction.weight - torch.Size([768, 1536]): 
PretrainedInit: load from pretrain_model/swin_tiny_224_b16x64_300e_imagenet_20210616_090925-66df6be6.pth 

backbone.stages.3.blocks.0.norm1.weight - torch.Size([768]): 
PretrainedInit: load from pretrain_model/swin_tiny_224_b16x64_300e_imagenet_20210616_090925-66df6be6.pth 

backbone.stages.3.blocks.0.norm1.bias - torch.Size([768]): 
PretrainedInit: load from pretrain_model/swin_tiny_224_b16x64_300e_imagenet_20210616_090925-66df6be6.pth 

backbone.stages.3.blocks.0.attn.w_msa.relative_position_bias_table - torch.Size([169, 24]): 
PretrainedInit: load from pretrain_model/swin_tiny_224_b16x64_300e_imagenet_20210616_090925-66df6be6.pth 

backbone.stages.3.blocks.0.attn.w_msa.qkv.weight - torch.Size([2304, 768]): 
PretrainedInit: load from pretrain_model/swin_tiny_224_b16x64_300e_imagenet_20210616_090925-66df6be6.pth 

backbone.stages.3.blocks.0.attn.w_msa.qkv.bias - torch.Size([2304]): 
PretrainedInit: load from pretrain_model/swin_tiny_224_b16x64_300e_imagenet_20210616_090925-66df6be6.pth 

backbone.stages.3.blocks.0.attn.w_msa.proj.weight - torch.Size([768, 768]): 
PretrainedInit: load from pretrain_model/swin_tiny_224_b16x64_300e_imagenet_20210616_090925-66df6be6.pth 

backbone.stages.3.blocks.0.attn.w_msa.proj.bias - torch.Size([768]): 
PretrainedInit: load from pretrain_model/swin_tiny_224_b16x64_300e_imagenet_20210616_090925-66df6be6.pth 

backbone.stages.3.blocks.0.norm2.weight - torch.Size([768]): 
PretrainedInit: load from pretrain_model/swin_tiny_224_b16x64_300e_imagenet_20210616_090925-66df6be6.pth 

backbone.stages.3.blocks.0.norm2.bias - torch.Size([768]): 
PretrainedInit: load from pretrain_model/swin_tiny_224_b16x64_300e_imagenet_20210616_090925-66df6be6.pth 

backbone.stages.3.blocks.0.ffn.layers.0.0.weight - torch.Size([3072, 768]): 
PretrainedInit: load from pretrain_model/swin_tiny_224_b16x64_300e_imagenet_20210616_090925-66df6be6.pth 

backbone.stages.3.blocks.0.ffn.layers.0.0.bias - torch.Size([3072]): 
PretrainedInit: load from pretrain_model/swin_tiny_224_b16x64_300e_imagenet_20210616_090925-66df6be6.pth 

backbone.stages.3.blocks.0.ffn.layers.1.weight - torch.Size([768, 3072]): 
PretrainedInit: load from pretrain_model/swin_tiny_224_b16x64_300e_imagenet_20210616_090925-66df6be6.pth 

backbone.stages.3.blocks.0.ffn.layers.1.bias - torch.Size([768]): 
PretrainedInit: load from pretrain_model/swin_tiny_224_b16x64_300e_imagenet_20210616_090925-66df6be6.pth 

backbone.stages.3.blocks.1.norm1.weight - torch.Size([768]): 
PretrainedInit: load from pretrain_model/swin_tiny_224_b16x64_300e_imagenet_20210616_090925-66df6be6.pth 

backbone.stages.3.blocks.1.norm1.bias - torch.Size([768]): 
PretrainedInit: load from pretrain_model/swin_tiny_224_b16x64_300e_imagenet_20210616_090925-66df6be6.pth 

backbone.stages.3.blocks.1.attn.w_msa.relative_position_bias_table - torch.Size([169, 24]): 
PretrainedInit: load from pretrain_model/swin_tiny_224_b16x64_300e_imagenet_20210616_090925-66df6be6.pth 

backbone.stages.3.blocks.1.attn.w_msa.qkv.weight - torch.Size([2304, 768]): 
PretrainedInit: load from pretrain_model/swin_tiny_224_b16x64_300e_imagenet_20210616_090925-66df6be6.pth 

backbone.stages.3.blocks.1.attn.w_msa.qkv.bias - torch.Size([2304]): 
PretrainedInit: load from pretrain_model/swin_tiny_224_b16x64_300e_imagenet_20210616_090925-66df6be6.pth 

backbone.stages.3.blocks.1.attn.w_msa.proj.weight - torch.Size([768, 768]): 
PretrainedInit: load from pretrain_model/swin_tiny_224_b16x64_300e_imagenet_20210616_090925-66df6be6.pth 

backbone.stages.3.blocks.1.attn.w_msa.proj.bias - torch.Size([768]): 
PretrainedInit: load from pretrain_model/swin_tiny_224_b16x64_300e_imagenet_20210616_090925-66df6be6.pth 

backbone.stages.3.blocks.1.norm2.weight - torch.Size([768]): 
PretrainedInit: load from pretrain_model/swin_tiny_224_b16x64_300e_imagenet_20210616_090925-66df6be6.pth 

backbone.stages.3.blocks.1.norm2.bias - torch.Size([768]): 
PretrainedInit: load from pretrain_model/swin_tiny_224_b16x64_300e_imagenet_20210616_090925-66df6be6.pth 

backbone.stages.3.blocks.1.ffn.layers.0.0.weight - torch.Size([3072, 768]): 
PretrainedInit: load from pretrain_model/swin_tiny_224_b16x64_300e_imagenet_20210616_090925-66df6be6.pth 

backbone.stages.3.blocks.1.ffn.layers.0.0.bias - torch.Size([3072]): 
PretrainedInit: load from pretrain_model/swin_tiny_224_b16x64_300e_imagenet_20210616_090925-66df6be6.pth 

backbone.stages.3.blocks.1.ffn.layers.1.weight - torch.Size([768, 3072]): 
PretrainedInit: load from pretrain_model/swin_tiny_224_b16x64_300e_imagenet_20210616_090925-66df6be6.pth 

backbone.stages.3.blocks.1.ffn.layers.1.bias - torch.Size([768]): 
PretrainedInit: load from pretrain_model/swin_tiny_224_b16x64_300e_imagenet_20210616_090925-66df6be6.pth 

backbone.norm3.weight - torch.Size([768]): 
PretrainedInit: load from pretrain_model/swin_tiny_224_b16x64_300e_imagenet_20210616_090925-66df6be6.pth 

backbone.norm3.bias - torch.Size([768]): 
PretrainedInit: load from pretrain_model/swin_tiny_224_b16x64_300e_imagenet_20210616_090925-66df6be6.pth 

head.fc.weight - torch.Size([2, 768]): 
TruncNormalInit: a=-2, b=2, mean=0, std=0.02, bias=0.0 

head.fc.bias - torch.Size([2]): 
TruncNormalInit: a=-2, b=2, mean=0, std=0.02, bias=0.0 
2023-11-10 15:01:15,454 - mmcls - INFO - Start running, host: root@8F-02-37u-AItest29, work_dir: /data4/lj/Classification/1.7/work_dirs/swin_tiny/Forgery_Detect
2023-11-10 15:01:15,454 - mmcls - INFO - Hooks will be executed in the following order:
before_run:
(VERY_HIGH   ) CosineAnnealingLrUpdaterHook       
(NORMAL      ) CheckpointHook                     
(LOW         ) DistEvalHook                       
(VERY_LOW    ) TextLoggerHook                     
 -------------------- 
before_train_epoch:
(VERY_HIGH   ) CosineAnnealingLrUpdaterHook       
(NORMAL      ) DistSamplerSeedHook                
(LOW         ) IterTimerHook                      
(LOW         ) DistEvalHook                       
(VERY_LOW    ) TextLoggerHook                     
 -------------------- 
before_train_iter:
(VERY_HIGH   ) CosineAnnealingLrUpdaterHook       
(LOW         ) IterTimerHook                      
(LOW         ) DistEvalHook                       
 -------------------- 
after_train_iter:
(ABOVE_NORMAL) DistOptimizerHook                  
(NORMAL      ) CheckpointHook                     
(LOW         ) IterTimerHook                      
(LOW         ) DistEvalHook                       
(VERY_LOW    ) TextLoggerHook                     
 -------------------- 
after_train_epoch:
(NORMAL      ) CheckpointHook                     
(LOW         ) DistEvalHook                       
(VERY_LOW    ) TextLoggerHook                     
 -------------------- 
before_val_epoch:
(NORMAL      ) DistSamplerSeedHook                
(LOW         ) IterTimerHook                      
(VERY_LOW    ) TextLoggerHook                     
 -------------------- 
before_val_iter:
(LOW         ) IterTimerHook                      
 -------------------- 
after_val_iter:
(LOW         ) IterTimerHook                      
 -------------------- 
after_val_epoch:
(VERY_LOW    ) TextLoggerHook                     
 -------------------- 
after_run:
(VERY_LOW    ) TextLoggerHook                     
 -------------------- 
2023-11-10 15:01:15,454 - mmcls - INFO - workflow: [('train', 1)], max: 200 epochs
2023-11-10 15:01:15,455 - mmcls - INFO - Checkpoints will be saved to /data4/lj/Classification/1.7/work_dirs/swin_tiny/Forgery_Detect by HardDiskBackend.
2023-11-10 15:01:49,675 - mmcls - INFO - Epoch [1][50/1645]	lr: 2.488e-06, eta: 2 days, 14:30:31, time: 0.684, data_time: 0.135, memory: 9204, loss: 0.1435
2023-11-10 15:02:18,391 - mmcls - INFO - Epoch [1][100/1645]	lr: 4.006e-06, eta: 2 days, 9:29:38, time: 0.575, data_time: 0.145, memory: 9204, loss: 0.0693
2023-11-10 15:02:45,971 - mmcls - INFO - Epoch [1][150/1645]	lr: 5.524e-06, eta: 2 days, 7:07:07, time: 0.552, data_time: 0.211, memory: 9204, loss: 0.0291
2023-11-10 15:03:12,295 - mmcls - INFO - Epoch [1][200/1645]	lr: 7.043e-06, eta: 2 days, 5:21:09, time: 0.526, data_time: 0.186, memory: 9204, loss: 0.0130
2023-11-10 15:03:41,335 - mmcls - INFO - Epoch [1][250/1645]	lr: 8.561e-06, eta: 2 days, 5:16:57, time: 0.581, data_time: 0.240, memory: 9204, loss: 0.0078
2023-11-10 15:04:08,879 - mmcls - INFO - Epoch [1][300/1645]	lr: 1.008e-05, eta: 2 days, 4:46:46, time: 0.551, data_time: 0.210, memory: 9204, loss: 0.0043
2023-11-10 15:04:36,887 - mmcls - INFO - Epoch [1][350/1645]	lr: 1.160e-05, eta: 2 days, 4:32:13, time: 0.560, data_time: 0.177, memory: 9204, loss: 0.0042
2023-11-10 15:05:04,954 - mmcls - INFO - Epoch [1][400/1645]	lr: 1.312e-05, eta: 2 days, 4:22:07, time: 0.561, data_time: 0.065, memory: 9204, loss: 0.0023
2023-11-10 15:05:34,229 - mmcls - INFO - Epoch [1][450/1645]	lr: 1.463e-05, eta: 2 days, 4:28:43, time: 0.585, data_time: 0.221, memory: 9204, loss: 0.0029
2023-11-10 15:06:00,979 - mmcls - INFO - Epoch [1][500/1645]	lr: 1.615e-05, eta: 2 days, 4:06:23, time: 0.535, data_time: 0.186, memory: 9204, loss: 0.0035
2023-11-10 15:06:27,587 - mmcls - INFO - Epoch [1][550/1645]	lr: 1.767e-05, eta: 2 days, 3:46:28, time: 0.532, data_time: 0.091, memory: 9204, loss: 0.0020
2023-11-10 15:06:56,598 - mmcls - INFO - Epoch [1][600/1645]	lr: 1.919e-05, eta: 2 days, 3:51:51, time: 0.580, data_time: 0.071, memory: 9204, loss: 0.0025
2023-11-10 15:07:25,605 - mmcls - INFO - Epoch [1][650/1645]	lr: 2.071e-05, eta: 2 days, 3:56:17, time: 0.580, data_time: 0.210, memory: 9204, loss: 0.0015
2023-11-10 15:07:52,552 - mmcls - INFO - Epoch [1][700/1645]	lr: 2.222e-05, eta: 2 days, 3:43:53, time: 0.539, data_time: 0.195, memory: 9204, loss: 0.0011
2023-11-10 15:08:20,366 - mmcls - INFO - Epoch [1][750/1645]	lr: 2.374e-05, eta: 2 days, 3:39:23, time: 0.556, data_time: 0.211, memory: 9204, loss: 0.0012
2023-11-10 15:08:48,455 - mmcls - INFO - Epoch [1][800/1645]	lr: 2.526e-05, eta: 2 days, 3:37:17, time: 0.562, data_time: 0.216, memory: 9204, loss: 0.0008
2023-11-10 15:09:16,224 - mmcls - INFO - Epoch [1][850/1645]	lr: 2.678e-05, eta: 2 days, 3:33:19, time: 0.555, data_time: 0.188, memory: 9204, loss: 0.0026
2023-11-10 15:09:44,978 - mmcls - INFO - Epoch [1][900/1645]	lr: 2.830e-05, eta: 2 days, 3:35:40, time: 0.575, data_time: 0.036, memory: 9204, loss: 0.0028
2023-11-10 15:10:12,882 - mmcls - INFO - Epoch [1][950/1645]	lr: 2.982e-05, eta: 2 days, 3:32:57, time: 0.558, data_time: 0.209, memory: 9204, loss: 0.0021
2023-11-10 15:10:41,646 - mmcls - INFO - Epoch [1][1000/1645]	lr: 3.133e-05, eta: 2 days, 3:35:04, time: 0.575, data_time: 0.085, memory: 9204, loss: 0.0008
2023-11-10 15:11:08,603 - mmcls - INFO - Epoch [1][1050/1645]	lr: 3.285e-05, eta: 2 days, 3:27:31, time: 0.539, data_time: 0.001, memory: 9204, loss: 0.0009
2023-11-10 15:11:37,000 - mmcls - INFO - Epoch [1][1100/1645]	lr: 3.437e-05, eta: 2 days, 3:27:52, time: 0.568, data_time: 0.001, memory: 9204, loss: 0.0008
2023-11-10 15:12:04,957 - mmcls - INFO - Epoch [1][1150/1645]	lr: 3.589e-05, eta: 2 days, 3:25:59, time: 0.559, data_time: 0.063, memory: 9204, loss: 0.0004
2023-11-10 15:12:33,601 - mmcls - INFO - Epoch [1][1200/1645]	lr: 3.741e-05, eta: 2 days, 3:27:20, time: 0.573, data_time: 0.089, memory: 9204, loss: 0.0015
2023-11-10 15:13:00,727 - mmcls - INFO - Epoch [1][1250/1645]	lr: 3.892e-05, eta: 2 days, 3:21:57, time: 0.543, data_time: 0.136, memory: 9204, loss: 0.0020
2023-11-10 15:13:28,915 - mmcls - INFO - Epoch [1][1300/1645]	lr: 4.044e-05, eta: 2 days, 3:21:19, time: 0.563, data_time: 0.071, memory: 9204, loss: 0.0011
2023-11-10 15:13:56,767 - mmcls - INFO - Epoch [1][1350/1645]	lr: 4.196e-05, eta: 2 days, 3:19:29, time: 0.557, data_time: 0.002, memory: 9204, loss: 0.0011
2023-11-10 15:14:24,235 - mmcls - INFO - Epoch [1][1400/1645]	lr: 4.348e-05, eta: 2 days, 3:16:09, time: 0.549, data_time: 0.001, memory: 9204, loss: 0.0008
2023-11-10 15:14:52,191 - mmcls - INFO - Epoch [1][1450/1645]	lr: 4.500e-05, eta: 2 days, 3:14:53, time: 0.559, data_time: 0.021, memory: 9204, loss: 0.0009
2023-11-10 15:15:23,091 - mmcls - INFO - Epoch [1][1500/1645]	lr: 4.651e-05, eta: 2 days, 3:24:22, time: 0.618, data_time: 0.001, memory: 9204, loss: 0.0025
2023-11-10 15:15:50,973 - mmcls - INFO - Epoch [1][1550/1645]	lr: 4.803e-05, eta: 2 days, 3:22:36, time: 0.558, data_time: 0.001, memory: 9204, loss: 0.0013
