2023-11-10 14:52:37,741 - mmcls - INFO - Environment info:
------------------------------------------------------------
sys.platform: linux
Python: 3.8.17 | packaged by conda-forge | (default, Jun 16 2023, 07:06:00) [GCC 11.4.0]
CUDA available: True
GPU 0,1,2,3,4,5,6,7: NVIDIA GeForce RTX 3090
CUDA_HOME: /usr/local/cuda-11.6
NVCC: Build cuda_11.6.r11.6/compiler.31057947_0
GCC: gcc (GCC) 7.3.0
PyTorch: 1.8.0+cu111
PyTorch compiling details: PyTorch built with:
  - GCC 7.3
  - C++ Version: 201402
  - Intel(R) Math Kernel Library Version 2020.0.0 Product Build 20191122 for Intel(R) 64 architecture applications
  - Intel(R) MKL-DNN v1.7.0 (Git Hash 7aed236906b1f7a05c0917e5257a1af05e9ff683)
  - OpenMP 201511 (a.k.a. OpenMP 4.5)
  - NNPACK is enabled
  - CPU capability usage: AVX2
  - CUDA Runtime 11.1
  - NVCC architecture flags: -gencode;arch=compute_37,code=sm_37;-gencode;arch=compute_50,code=sm_50;-gencode;arch=compute_60,code=sm_60;-gencode;arch=compute_70,code=sm_70;-gencode;arch=compute_75,code=sm_75;-gencode;arch=compute_80,code=sm_80;-gencode;arch=compute_86,code=sm_86
  - CuDNN 8.0.5
  - Magma 2.5.2
  - Build settings: BLAS_INFO=mkl, BUILD_TYPE=Release, CUDA_VERSION=11.1, CUDNN_VERSION=8.0.5, CXX_COMPILER=/opt/rh/devtoolset-7/root/usr/bin/c++, CXX_FLAGS= -Wno-deprecated -fvisibility-inlines-hidden -DUSE_PTHREADPOOL -fopenmp -DNDEBUG -DUSE_KINETO -DUSE_FBGEMM -DUSE_QNNPACK -DUSE_PYTORCH_QNNPACK -DUSE_XNNPACK -O2 -fPIC -Wno-narrowing -Wall -Wextra -Werror=return-type -Wno-missing-field-initializers -Wno-type-limits -Wno-array-bounds -Wno-unknown-pragmas -Wno-sign-compare -Wno-unused-parameter -Wno-unused-variable -Wno-unused-function -Wno-unused-result -Wno-unused-local-typedefs -Wno-strict-overflow -Wno-strict-aliasing -Wno-error=deprecated-declarations -Wno-stringop-overflow -Wno-psabi -Wno-error=pedantic -Wno-error=redundant-decls -Wno-error=old-style-cast -fdiagnostics-color=always -faligned-new -Wno-unused-but-set-variable -Wno-maybe-uninitialized -fno-math-errno -fno-trapping-math -Werror=format -Wno-stringop-overflow, LAPACK_INFO=mkl, PERF_WITH_AVX=1, PERF_WITH_AVX2=1, PERF_WITH_AVX512=1, TORCH_VERSION=1.8.0, USE_CUDA=ON, USE_CUDNN=ON, USE_EXCEPTION_PTR=1, USE_GFLAGS=OFF, USE_GLOG=OFF, USE_MKL=ON, USE_MKLDNN=ON, USE_MPI=OFF, USE_NCCL=ON, USE_NNPACK=ON, USE_OPENMP=ON, 

TorchVision: 0.9.0+cu111
OpenCV: 4.8.0
MMCV: 1.4.2
MMCV Compiler: n/a
MMCV CUDA Compiler: n/a
MMClassification: 0.24.0+
------------------------------------------------------------

2023-11-10 14:52:37,742 - mmcls - INFO - Distributed training: False
2023-11-10 14:52:38,277 - mmcls - INFO - Config:
train_data_root = '/data4/lj/forgery_Detect/Forgery_train_20231106'
test_data_root = '/data4/lj/forgery_Detect/Forgery_test_20231106'
work_dir = 'work_dirs/swin_tiny/Forgery_Detect'
num_classes = 2
batch_size = 80
max_epochs = 200
interval_save = 50
model = dict(
    type='ImageClassifier',
    backbone=dict(
        type='SwinTransformer',
        arch='tiny',
        init_cfg=dict(
            type='Pretrained',
            checkpoint=
            'pretrain_model/swin_tiny_224_b16x64_300e_imagenet_20210616_090925-66df6be6.pth',
            prefix='backbone'),
        img_size=224,
        drop_path_rate=0.2),
    neck=dict(type='GlobalAveragePooling'),
    head=dict(
        type='LinearClsHead',
        num_classes=2,
        in_channels=768,
        init_cfg=None,
        loss=dict(type='FocalLoss', gamma=2.0, alpha=0.25, reduction='mean'),
        cal_acc=False),
    init_cfg=[
        dict(type='TruncNormal', layer='Linear', std=0.02, bias=0.0),
        dict(type='Constant', layer='LayerNorm', val=1.0, bias=0.0)
    ])
dataset_type = 'CustomDataset'
img_norm_cfg = dict(
    mean=[123.675, 116.28, 103.53], std=[58.395, 57.12, 57.375], to_rgb=True)
train_pipeline = [
    dict(type='LoadImageFromFile'),
    dict(type='Rotate', angle=8.0, interpolation='bicubic'),
    dict(
        type='Rotate',
        angle=90.0,
        interpolation='bicubic',
        prob=0.1,
        random_negative_prob=0.5),
    dict(
        type='Rotate',
        angle=180.0,
        interpolation='bicubic',
        prob=0.1,
        random_negative_prob=0.5),
    dict(type='Resize', size=384),
    dict(
        type='Normalize',
        mean=[123.675, 116.28, 103.53],
        std=[58.395, 57.12, 57.375],
        to_rgb=True),
    dict(type='ImageToTensor', keys=['img']),
    dict(type='ToTensor', keys=['gt_label']),
    dict(type='Collect', keys=['img', 'gt_label'])
]
test_pipeline = [
    dict(type='LoadImageFromFile'),
    dict(type='Resize', size=384),
    dict(
        type='Normalize',
        mean=[123.675, 116.28, 103.53],
        std=[58.395, 57.12, 57.375],
        to_rgb=True),
    dict(type='ImageToTensor', keys=['img']),
    dict(type='Collect', keys=['img'])
]
data = dict(
    samples_per_gpu=180,
    workers_per_gpu=4,
    train=dict(
        type='CustomDataset',
        data_prefix='/data4/lj/forgery_Detect/Forgery_train_20231106',
        pipeline=[
            dict(type='LoadImageFromFile'),
            dict(type='Rotate', angle=8.0, interpolation='bicubic'),
            dict(
                type='Rotate',
                angle=90.0,
                interpolation='bicubic',
                prob=0.1,
                random_negative_prob=0.5),
            dict(
                type='Rotate',
                angle=180.0,
                interpolation='bicubic',
                prob=0.1,
                random_negative_prob=0.5),
            dict(type='Resize', size=384),
            dict(
                type='Normalize',
                mean=[123.675, 116.28, 103.53],
                std=[58.395, 57.12, 57.375],
                to_rgb=True),
            dict(type='ImageToTensor', keys=['img']),
            dict(type='ToTensor', keys=['gt_label']),
            dict(type='Collect', keys=['img', 'gt_label'])
        ]),
    val=dict(
        type='CustomDataset',
        data_prefix='/data4/lj/forgery_Detect/Forgery_test_20231106',
        pipeline=[
            dict(type='LoadImageFromFile'),
            dict(type='Resize', size=384),
            dict(
                type='Normalize',
                mean=[123.675, 116.28, 103.53],
                std=[58.395, 57.12, 57.375],
                to_rgb=True),
            dict(type='ImageToTensor', keys=['img']),
            dict(type='Collect', keys=['img'])
        ]),
    test=dict(
        type='CustomDataset',
        data_prefix='/data4/lj/forgery_Detect/Forgery_test_20231106',
        pipeline=[
            dict(type='LoadImageFromFile'),
            dict(type='Resize', size=384),
            dict(
                type='Normalize',
                mean=[123.675, 116.28, 103.53],
                std=[58.395, 57.12, 57.375],
                to_rgb=True),
            dict(type='ImageToTensor', keys=['img']),
            dict(type='Collect', keys=['img'])
        ]))
evaluation = dict(interval=10, metric='accuracy')
paramwise_cfg = dict(
    norm_decay_mult=0.0,
    bias_decay_mult=0.0,
    custom_keys=dict({
        '.absolute_pos_embed': dict(decay_mult=0.0),
        '.relative_position_bias_table': dict(decay_mult=0.0)
    }))
optimizer = dict(
    type='AdamW',
    lr=0.001,
    weight_decay=0.05,
    eps=1e-08,
    betas=(0.9, 0.999),
    paramwise_cfg=dict(
        norm_decay_mult=0.0,
        bias_decay_mult=0.0,
        custom_keys=dict({
            '.absolute_pos_embed': dict(decay_mult=0.0),
            '.relative_position_bias_table': dict(decay_mult=0.0)
        })))
optimizer_config = dict(grad_clip=dict(max_norm=5.0))
lr_config = dict(
    policy='CosineAnnealing',
    by_epoch=False,
    min_lr_ratio=0.01,
    warmup='linear',
    warmup_ratio=0.001,
    warmup_iters=20,
    warmup_by_epoch=True)
runner = dict(type='EpochBasedRunner', max_epochs=200)
checkpoint_config = dict(interval=50, save_optimizer=True)
log_config = dict(interval=50, hooks=[dict(type='TextLoggerHook')])
dist_params = dict(backend='nccl')
log_level = 'INFO'
load_from = None
resume_from = None
workflow = [('train', 1)]
gpu_ids = [0]

2023-11-10 14:52:38,279 - mmcls - INFO - Set random seed to 1899651199, deterministic: False
2023-11-10 14:52:38,596 - mmcls - INFO - initialize ImageClassifier with init_cfg [{'type': 'TruncNormal', 'layer': 'Linear', 'std': 0.02, 'bias': 0.0}, {'type': 'Constant', 'layer': 'LayerNorm', 'val': 1.0, 'bias': 0.0}]
2023-11-10 14:52:38,864 - mmcls - INFO - initialize SwinTransformer with init_cfg {'type': 'Pretrained', 'checkpoint': 'pretrain_model/swin_tiny_224_b16x64_300e_imagenet_20210616_090925-66df6be6.pth', 'prefix': 'backbone'}
Name of parameter - Initialization information

backbone.patch_embed.projection.weight - torch.Size([96, 3, 4, 4]): 
PretrainedInit: load from pretrain_model/swin_tiny_224_b16x64_300e_imagenet_20210616_090925-66df6be6.pth 

backbone.patch_embed.projection.bias - torch.Size([96]): 
PretrainedInit: load from pretrain_model/swin_tiny_224_b16x64_300e_imagenet_20210616_090925-66df6be6.pth 

backbone.patch_embed.norm.weight - torch.Size([96]): 
PretrainedInit: load from pretrain_model/swin_tiny_224_b16x64_300e_imagenet_20210616_090925-66df6be6.pth 

backbone.patch_embed.norm.bias - torch.Size([96]): 
PretrainedInit: load from pretrain_model/swin_tiny_224_b16x64_300e_imagenet_20210616_090925-66df6be6.pth 

backbone.stages.0.blocks.0.norm1.weight - torch.Size([96]): 
PretrainedInit: load from pretrain_model/swin_tiny_224_b16x64_300e_imagenet_20210616_090925-66df6be6.pth 

backbone.stages.0.blocks.0.norm1.bias - torch.Size([96]): 
PretrainedInit: load from pretrain_model/swin_tiny_224_b16x64_300e_imagenet_20210616_090925-66df6be6.pth 

backbone.stages.0.blocks.0.attn.w_msa.relative_position_bias_table - torch.Size([169, 3]): 
PretrainedInit: load from pretrain_model/swin_tiny_224_b16x64_300e_imagenet_20210616_090925-66df6be6.pth 

backbone.stages.0.blocks.0.attn.w_msa.qkv.weight - torch.Size([288, 96]): 
PretrainedInit: load from pretrain_model/swin_tiny_224_b16x64_300e_imagenet_20210616_090925-66df6be6.pth 

backbone.stages.0.blocks.0.attn.w_msa.qkv.bias - torch.Size([288]): 
PretrainedInit: load from pretrain_model/swin_tiny_224_b16x64_300e_imagenet_20210616_090925-66df6be6.pth 

backbone.stages.0.blocks.0.attn.w_msa.proj.weight - torch.Size([96, 96]): 
PretrainedInit: load from pretrain_model/swin_tiny_224_b16x64_300e_imagenet_20210616_090925-66df6be6.pth 

backbone.stages.0.blocks.0.attn.w_msa.proj.bias - torch.Size([96]): 
PretrainedInit: load from pretrain_model/swin_tiny_224_b16x64_300e_imagenet_20210616_090925-66df6be6.pth 

backbone.stages.0.blocks.0.norm2.weight - torch.Size([96]): 
PretrainedInit: load from pretrain_model/swin_tiny_224_b16x64_300e_imagenet_20210616_090925-66df6be6.pth 

backbone.stages.0.blocks.0.norm2.bias - torch.Size([96]): 
PretrainedInit: load from pretrain_model/swin_tiny_224_b16x64_300e_imagenet_20210616_090925-66df6be6.pth 

backbone.stages.0.blocks.0.ffn.layers.0.0.weight - torch.Size([384, 96]): 
PretrainedInit: load from pretrain_model/swin_tiny_224_b16x64_300e_imagenet_20210616_090925-66df6be6.pth 

backbone.stages.0.blocks.0.ffn.layers.0.0.bias - torch.Size([384]): 
PretrainedInit: load from pretrain_model/swin_tiny_224_b16x64_300e_imagenet_20210616_090925-66df6be6.pth 

backbone.stages.0.blocks.0.ffn.layers.1.weight - torch.Size([96, 384]): 
PretrainedInit: load from pretrain_model/swin_tiny_224_b16x64_300e_imagenet_20210616_090925-66df6be6.pth 

backbone.stages.0.blocks.0.ffn.layers.1.bias - torch.Size([96]): 
PretrainedInit: load from pretrain_model/swin_tiny_224_b16x64_300e_imagenet_20210616_090925-66df6be6.pth 

backbone.stages.0.blocks.1.norm1.weight - torch.Size([96]): 
PretrainedInit: load from pretrain_model/swin_tiny_224_b16x64_300e_imagenet_20210616_090925-66df6be6.pth 

backbone.stages.0.blocks.1.norm1.bias - torch.Size([96]): 
PretrainedInit: load from pretrain_model/swin_tiny_224_b16x64_300e_imagenet_20210616_090925-66df6be6.pth 

backbone.stages.0.blocks.1.attn.w_msa.relative_position_bias_table - torch.Size([169, 3]): 
PretrainedInit: load from pretrain_model/swin_tiny_224_b16x64_300e_imagenet_20210616_090925-66df6be6.pth 

backbone.stages.0.blocks.1.attn.w_msa.qkv.weight - torch.Size([288, 96]): 
PretrainedInit: load from pretrain_model/swin_tiny_224_b16x64_300e_imagenet_20210616_090925-66df6be6.pth 

backbone.stages.0.blocks.1.attn.w_msa.qkv.bias - torch.Size([288]): 
PretrainedInit: load from pretrain_model/swin_tiny_224_b16x64_300e_imagenet_20210616_090925-66df6be6.pth 

backbone.stages.0.blocks.1.attn.w_msa.proj.weight - torch.Size([96, 96]): 
PretrainedInit: load from pretrain_model/swin_tiny_224_b16x64_300e_imagenet_20210616_090925-66df6be6.pth 

backbone.stages.0.blocks.1.attn.w_msa.proj.bias - torch.Size([96]): 
PretrainedInit: load from pretrain_model/swin_tiny_224_b16x64_300e_imagenet_20210616_090925-66df6be6.pth 

backbone.stages.0.blocks.1.norm2.weight - torch.Size([96]): 
PretrainedInit: load from pretrain_model/swin_tiny_224_b16x64_300e_imagenet_20210616_090925-66df6be6.pth 

backbone.stages.0.blocks.1.norm2.bias - torch.Size([96]): 
PretrainedInit: load from pretrain_model/swin_tiny_224_b16x64_300e_imagenet_20210616_090925-66df6be6.pth 

backbone.stages.0.blocks.1.ffn.layers.0.0.weight - torch.Size([384, 96]): 
PretrainedInit: load from pretrain_model/swin_tiny_224_b16x64_300e_imagenet_20210616_090925-66df6be6.pth 

backbone.stages.0.blocks.1.ffn.layers.0.0.bias - torch.Size([384]): 
PretrainedInit: load from pretrain_model/swin_tiny_224_b16x64_300e_imagenet_20210616_090925-66df6be6.pth 

backbone.stages.0.blocks.1.ffn.layers.1.weight - torch.Size([96, 384]): 
PretrainedInit: load from pretrain_model/swin_tiny_224_b16x64_300e_imagenet_20210616_090925-66df6be6.pth 

backbone.stages.0.blocks.1.ffn.layers.1.bias - torch.Size([96]): 
PretrainedInit: load from pretrain_model/swin_tiny_224_b16x64_300e_imagenet_20210616_090925-66df6be6.pth 

backbone.stages.0.downsample.norm.weight - torch.Size([384]): 
PretrainedInit: load from pretrain_model/swin_tiny_224_b16x64_300e_imagenet_20210616_090925-66df6be6.pth 

backbone.stages.0.downsample.norm.bias - torch.Size([384]): 
PretrainedInit: load from pretrain_model/swin_tiny_224_b16x64_300e_imagenet_20210616_090925-66df6be6.pth 

backbone.stages.0.downsample.reduction.weight - torch.Size([192, 384]): 
PretrainedInit: load from pretrain_model/swin_tiny_224_b16x64_300e_imagenet_20210616_090925-66df6be6.pth 

backbone.stages.1.blocks.0.norm1.weight - torch.Size([192]): 
PretrainedInit: load from pretrain_model/swin_tiny_224_b16x64_300e_imagenet_20210616_090925-66df6be6.pth 

backbone.stages.1.blocks.0.norm1.bias - torch.Size([192]): 
PretrainedInit: load from pretrain_model/swin_tiny_224_b16x64_300e_imagenet_20210616_090925-66df6be6.pth 

backbone.stages.1.blocks.0.attn.w_msa.relative_position_bias_table - torch.Size([169, 6]): 
PretrainedInit: load from pretrain_model/swin_tiny_224_b16x64_300e_imagenet_20210616_090925-66df6be6.pth 

backbone.stages.1.blocks.0.attn.w_msa.qkv.weight - torch.Size([576, 192]): 
PretrainedInit: load from pretrain_model/swin_tiny_224_b16x64_300e_imagenet_20210616_090925-66df6be6.pth 

backbone.stages.1.blocks.0.attn.w_msa.qkv.bias - torch.Size([576]): 
PretrainedInit: load from pretrain_model/swin_tiny_224_b16x64_300e_imagenet_20210616_090925-66df6be6.pth 

backbone.stages.1.blocks.0.attn.w_msa.proj.weight - torch.Size([192, 192]): 
PretrainedInit: load from pretrain_model/swin_tiny_224_b16x64_300e_imagenet_20210616_090925-66df6be6.pth 

backbone.stages.1.blocks.0.attn.w_msa.proj.bias - torch.Size([192]): 
PretrainedInit: load from pretrain_model/swin_tiny_224_b16x64_300e_imagenet_20210616_090925-66df6be6.pth 

backbone.stages.1.blocks.0.norm2.weight - torch.Size([192]): 
PretrainedInit: load from pretrain_model/swin_tiny_224_b16x64_300e_imagenet_20210616_090925-66df6be6.pth 

backbone.stages.1.blocks.0.norm2.bias - torch.Size([192]): 
PretrainedInit: load from pretrain_model/swin_tiny_224_b16x64_300e_imagenet_20210616_090925-66df6be6.pth 

backbone.stages.1.blocks.0.ffn.layers.0.0.weight - torch.Size([768, 192]): 
PretrainedInit: load from pretrain_model/swin_tiny_224_b16x64_300e_imagenet_20210616_090925-66df6be6.pth 

backbone.stages.1.blocks.0.ffn.layers.0.0.bias - torch.Size([768]): 
PretrainedInit: load from pretrain_model/swin_tiny_224_b16x64_300e_imagenet_20210616_090925-66df6be6.pth 

backbone.stages.1.blocks.0.ffn.layers.1.weight - torch.Size([192, 768]): 
PretrainedInit: load from pretrain_model/swin_tiny_224_b16x64_300e_imagenet_20210616_090925-66df6be6.pth 

backbone.stages.1.blocks.0.ffn.layers.1.bias - torch.Size([192]): 
PretrainedInit: load from pretrain_model/swin_tiny_224_b16x64_300e_imagenet_20210616_090925-66df6be6.pth 

backbone.stages.1.blocks.1.norm1.weight - torch.Size([192]): 
PretrainedInit: load from pretrain_model/swin_tiny_224_b16x64_300e_imagenet_20210616_090925-66df6be6.pth 

backbone.stages.1.blocks.1.norm1.bias - torch.Size([192]): 
PretrainedInit: load from pretrain_model/swin_tiny_224_b16x64_300e_imagenet_20210616_090925-66df6be6.pth 

backbone.stages.1.blocks.1.attn.w_msa.relative_position_bias_table - torch.Size([169, 6]): 
PretrainedInit: load from pretrain_model/swin_tiny_224_b16x64_300e_imagenet_20210616_090925-66df6be6.pth 

backbone.stages.1.blocks.1.attn.w_msa.qkv.weight - torch.Size([576, 192]): 
PretrainedInit: load from pretrain_model/swin_tiny_224_b16x64_300e_imagenet_20210616_090925-66df6be6.pth 

backbone.stages.1.blocks.1.attn.w_msa.qkv.bias - torch.Size([576]): 
PretrainedInit: load from pretrain_model/swin_tiny_224_b16x64_300e_imagenet_20210616_090925-66df6be6.pth 

backbone.stages.1.blocks.1.attn.w_msa.proj.weight - torch.Size([192, 192]): 
PretrainedInit: load from pretrain_model/swin_tiny_224_b16x64_300e_imagenet_20210616_090925-66df6be6.pth 

backbone.stages.1.blocks.1.attn.w_msa.proj.bias - torch.Size([192]): 
PretrainedInit: load from pretrain_model/swin_tiny_224_b16x64_300e_imagenet_20210616_090925-66df6be6.pth 

backbone.stages.1.blocks.1.norm2.weight - torch.Size([192]): 
PretrainedInit: load from pretrain_model/swin_tiny_224_b16x64_300e_imagenet_20210616_090925-66df6be6.pth 

backbone.stages.1.blocks.1.norm2.bias - torch.Size([192]): 
PretrainedInit: load from pretrain_model/swin_tiny_224_b16x64_300e_imagenet_20210616_090925-66df6be6.pth 

backbone.stages.1.blocks.1.ffn.layers.0.0.weight - torch.Size([768, 192]): 
PretrainedInit: load from pretrain_model/swin_tiny_224_b16x64_300e_imagenet_20210616_090925-66df6be6.pth 

backbone.stages.1.blocks.1.ffn.layers.0.0.bias - torch.Size([768]): 
PretrainedInit: load from pretrain_model/swin_tiny_224_b16x64_300e_imagenet_20210616_090925-66df6be6.pth 

backbone.stages.1.blocks.1.ffn.layers.1.weight - torch.Size([192, 768]): 
PretrainedInit: load from pretrain_model/swin_tiny_224_b16x64_300e_imagenet_20210616_090925-66df6be6.pth 

backbone.stages.1.blocks.1.ffn.layers.1.bias - torch.Size([192]): 
PretrainedInit: load from pretrain_model/swin_tiny_224_b16x64_300e_imagenet_20210616_090925-66df6be6.pth 

backbone.stages.1.downsample.norm.weight - torch.Size([768]): 
PretrainedInit: load from pretrain_model/swin_tiny_224_b16x64_300e_imagenet_20210616_090925-66df6be6.pth 

backbone.stages.1.downsample.norm.bias - torch.Size([768]): 
PretrainedInit: load from pretrain_model/swin_tiny_224_b16x64_300e_imagenet_20210616_090925-66df6be6.pth 

backbone.stages.1.downsample.reduction.weight - torch.Size([384, 768]): 
PretrainedInit: load from pretrain_model/swin_tiny_224_b16x64_300e_imagenet_20210616_090925-66df6be6.pth 

backbone.stages.2.blocks.0.norm1.weight - torch.Size([384]): 
PretrainedInit: load from pretrain_model/swin_tiny_224_b16x64_300e_imagenet_20210616_090925-66df6be6.pth 

backbone.stages.2.blocks.0.norm1.bias - torch.Size([384]): 
PretrainedInit: load from pretrain_model/swin_tiny_224_b16x64_300e_imagenet_20210616_090925-66df6be6.pth 

backbone.stages.2.blocks.0.attn.w_msa.relative_position_bias_table - torch.Size([169, 12]): 
PretrainedInit: load from pretrain_model/swin_tiny_224_b16x64_300e_imagenet_20210616_090925-66df6be6.pth 

backbone.stages.2.blocks.0.attn.w_msa.qkv.weight - torch.Size([1152, 384]): 
PretrainedInit: load from pretrain_model/swin_tiny_224_b16x64_300e_imagenet_20210616_090925-66df6be6.pth 

backbone.stages.2.blocks.0.attn.w_msa.qkv.bias - torch.Size([1152]): 
PretrainedInit: load from pretrain_model/swin_tiny_224_b16x64_300e_imagenet_20210616_090925-66df6be6.pth 

backbone.stages.2.blocks.0.attn.w_msa.proj.weight - torch.Size([384, 384]): 
PretrainedInit: load from pretrain_model/swin_tiny_224_b16x64_300e_imagenet_20210616_090925-66df6be6.pth 

backbone.stages.2.blocks.0.attn.w_msa.proj.bias - torch.Size([384]): 
PretrainedInit: load from pretrain_model/swin_tiny_224_b16x64_300e_imagenet_20210616_090925-66df6be6.pth 

backbone.stages.2.blocks.0.norm2.weight - torch.Size([384]): 
PretrainedInit: load from pretrain_model/swin_tiny_224_b16x64_300e_imagenet_20210616_090925-66df6be6.pth 

backbone.stages.2.blocks.0.norm2.bias - torch.Size([384]): 
PretrainedInit: load from pretrain_model/swin_tiny_224_b16x64_300e_imagenet_20210616_090925-66df6be6.pth 

backbone.stages.2.blocks.0.ffn.layers.0.0.weight - torch.Size([1536, 384]): 
PretrainedInit: load from pretrain_model/swin_tiny_224_b16x64_300e_imagenet_20210616_090925-66df6be6.pth 

backbone.stages.2.blocks.0.ffn.layers.0.0.bias - torch.Size([1536]): 
PretrainedInit: load from pretrain_model/swin_tiny_224_b16x64_300e_imagenet_20210616_090925-66df6be6.pth 

backbone.stages.2.blocks.0.ffn.layers.1.weight - torch.Size([384, 1536]): 
PretrainedInit: load from pretrain_model/swin_tiny_224_b16x64_300e_imagenet_20210616_090925-66df6be6.pth 

backbone.stages.2.blocks.0.ffn.layers.1.bias - torch.Size([384]): 
PretrainedInit: load from pretrain_model/swin_tiny_224_b16x64_300e_imagenet_20210616_090925-66df6be6.pth 

backbone.stages.2.blocks.1.norm1.weight - torch.Size([384]): 
PretrainedInit: load from pretrain_model/swin_tiny_224_b16x64_300e_imagenet_20210616_090925-66df6be6.pth 

backbone.stages.2.blocks.1.norm1.bias - torch.Size([384]): 
PretrainedInit: load from pretrain_model/swin_tiny_224_b16x64_300e_imagenet_20210616_090925-66df6be6.pth 

backbone.stages.2.blocks.1.attn.w_msa.relative_position_bias_table - torch.Size([169, 12]): 
PretrainedInit: load from pretrain_model/swin_tiny_224_b16x64_300e_imagenet_20210616_090925-66df6be6.pth 

backbone.stages.2.blocks.1.attn.w_msa.qkv.weight - torch.Size([1152, 384]): 
PretrainedInit: load from pretrain_model/swin_tiny_224_b16x64_300e_imagenet_20210616_090925-66df6be6.pth 

backbone.stages.2.blocks.1.attn.w_msa.qkv.bias - torch.Size([1152]): 
PretrainedInit: load from pretrain_model/swin_tiny_224_b16x64_300e_imagenet_20210616_090925-66df6be6.pth 

backbone.stages.2.blocks.1.attn.w_msa.proj.weight - torch.Size([384, 384]): 
PretrainedInit: load from pretrain_model/swin_tiny_224_b16x64_300e_imagenet_20210616_090925-66df6be6.pth 

backbone.stages.2.blocks.1.attn.w_msa.proj.bias - torch.Size([384]): 
PretrainedInit: load from pretrain_model/swin_tiny_224_b16x64_300e_imagenet_20210616_090925-66df6be6.pth 

backbone.stages.2.blocks.1.norm2.weight - torch.Size([384]): 
PretrainedInit: load from pretrain_model/swin_tiny_224_b16x64_300e_imagenet_20210616_090925-66df6be6.pth 

backbone.stages.2.blocks.1.norm2.bias - torch.Size([384]): 
PretrainedInit: load from pretrain_model/swin_tiny_224_b16x64_300e_imagenet_20210616_090925-66df6be6.pth 

backbone.stages.2.blocks.1.ffn.layers.0.0.weight - torch.Size([1536, 384]): 
PretrainedInit: load from pretrain_model/swin_tiny_224_b16x64_300e_imagenet_20210616_090925-66df6be6.pth 

backbone.stages.2.blocks.1.ffn.layers.0.0.bias - torch.Size([1536]): 
PretrainedInit: load from pretrain_model/swin_tiny_224_b16x64_300e_imagenet_20210616_090925-66df6be6.pth 

backbone.stages.2.blocks.1.ffn.layers.1.weight - torch.Size([384, 1536]): 
PretrainedInit: load from pretrain_model/swin_tiny_224_b16x64_300e_imagenet_20210616_090925-66df6be6.pth 

backbone.stages.2.blocks.1.ffn.layers.1.bias - torch.Size([384]): 
PretrainedInit: load from pretrain_model/swin_tiny_224_b16x64_300e_imagenet_20210616_090925-66df6be6.pth 

backbone.stages.2.blocks.2.norm1.weight - torch.Size([384]): 
PretrainedInit: load from pretrain_model/swin_tiny_224_b16x64_300e_imagenet_20210616_090925-66df6be6.pth 

backbone.stages.2.blocks.2.norm1.bias - torch.Size([384]): 
PretrainedInit: load from pretrain_model/swin_tiny_224_b16x64_300e_imagenet_20210616_090925-66df6be6.pth 

backbone.stages.2.blocks.2.attn.w_msa.relative_position_bias_table - torch.Size([169, 12]): 
PretrainedInit: load from pretrain_model/swin_tiny_224_b16x64_300e_imagenet_20210616_090925-66df6be6.pth 

backbone.stages.2.blocks.2.attn.w_msa.qkv.weight - torch.Size([1152, 384]): 
PretrainedInit: load from pretrain_model/swin_tiny_224_b16x64_300e_imagenet_20210616_090925-66df6be6.pth 

backbone.stages.2.blocks.2.attn.w_msa.qkv.bias - torch.Size([1152]): 
PretrainedInit: load from pretrain_model/swin_tiny_224_b16x64_300e_imagenet_20210616_090925-66df6be6.pth 

backbone.stages.2.blocks.2.attn.w_msa.proj.weight - torch.Size([384, 384]): 
PretrainedInit: load from pretrain_model/swin_tiny_224_b16x64_300e_imagenet_20210616_090925-66df6be6.pth 

backbone.stages.2.blocks.2.attn.w_msa.proj.bias - torch.Size([384]): 
PretrainedInit: load from pretrain_model/swin_tiny_224_b16x64_300e_imagenet_20210616_090925-66df6be6.pth 

backbone.stages.2.blocks.2.norm2.weight - torch.Size([384]): 
PretrainedInit: load from pretrain_model/swin_tiny_224_b16x64_300e_imagenet_20210616_090925-66df6be6.pth 

backbone.stages.2.blocks.2.norm2.bias - torch.Size([384]): 
PretrainedInit: load from pretrain_model/swin_tiny_224_b16x64_300e_imagenet_20210616_090925-66df6be6.pth 

backbone.stages.2.blocks.2.ffn.layers.0.0.weight - torch.Size([1536, 384]): 
PretrainedInit: load from pretrain_model/swin_tiny_224_b16x64_300e_imagenet_20210616_090925-66df6be6.pth 

backbone.stages.2.blocks.2.ffn.layers.0.0.bias - torch.Size([1536]): 
PretrainedInit: load from pretrain_model/swin_tiny_224_b16x64_300e_imagenet_20210616_090925-66df6be6.pth 

backbone.stages.2.blocks.2.ffn.layers.1.weight - torch.Size([384, 1536]): 
PretrainedInit: load from pretrain_model/swin_tiny_224_b16x64_300e_imagenet_20210616_090925-66df6be6.pth 

backbone.stages.2.blocks.2.ffn.layers.1.bias - torch.Size([384]): 
PretrainedInit: load from pretrain_model/swin_tiny_224_b16x64_300e_imagenet_20210616_090925-66df6be6.pth 

backbone.stages.2.blocks.3.norm1.weight - torch.Size([384]): 
PretrainedInit: load from pretrain_model/swin_tiny_224_b16x64_300e_imagenet_20210616_090925-66df6be6.pth 

backbone.stages.2.blocks.3.norm1.bias - torch.Size([384]): 
PretrainedInit: load from pretrain_model/swin_tiny_224_b16x64_300e_imagenet_20210616_090925-66df6be6.pth 

backbone.stages.2.blocks.3.attn.w_msa.relative_position_bias_table - torch.Size([169, 12]): 
PretrainedInit: load from pretrain_model/swin_tiny_224_b16x64_300e_imagenet_20210616_090925-66df6be6.pth 

backbone.stages.2.blocks.3.attn.w_msa.qkv.weight - torch.Size([1152, 384]): 
PretrainedInit: load from pretrain_model/swin_tiny_224_b16x64_300e_imagenet_20210616_090925-66df6be6.pth 

backbone.stages.2.blocks.3.attn.w_msa.qkv.bias - torch.Size([1152]): 
PretrainedInit: load from pretrain_model/swin_tiny_224_b16x64_300e_imagenet_20210616_090925-66df6be6.pth 

backbone.stages.2.blocks.3.attn.w_msa.proj.weight - torch.Size([384, 384]): 
PretrainedInit: load from pretrain_model/swin_tiny_224_b16x64_300e_imagenet_20210616_090925-66df6be6.pth 

backbone.stages.2.blocks.3.attn.w_msa.proj.bias - torch.Size([384]): 
PretrainedInit: load from pretrain_model/swin_tiny_224_b16x64_300e_imagenet_20210616_090925-66df6be6.pth 

backbone.stages.2.blocks.3.norm2.weight - torch.Size([384]): 
PretrainedInit: load from pretrain_model/swin_tiny_224_b16x64_300e_imagenet_20210616_090925-66df6be6.pth 

backbone.stages.2.blocks.3.norm2.bias - torch.Size([384]): 
PretrainedInit: load from pretrain_model/swin_tiny_224_b16x64_300e_imagenet_20210616_090925-66df6be6.pth 

backbone.stages.2.blocks.3.ffn.layers.0.0.weight - torch.Size([1536, 384]): 
PretrainedInit: load from pretrain_model/swin_tiny_224_b16x64_300e_imagenet_20210616_090925-66df6be6.pth 

backbone.stages.2.blocks.3.ffn.layers.0.0.bias - torch.Size([1536]): 
PretrainedInit: load from pretrain_model/swin_tiny_224_b16x64_300e_imagenet_20210616_090925-66df6be6.pth 

backbone.stages.2.blocks.3.ffn.layers.1.weight - torch.Size([384, 1536]): 
PretrainedInit: load from pretrain_model/swin_tiny_224_b16x64_300e_imagenet_20210616_090925-66df6be6.pth 

backbone.stages.2.blocks.3.ffn.layers.1.bias - torch.Size([384]): 
PretrainedInit: load from pretrain_model/swin_tiny_224_b16x64_300e_imagenet_20210616_090925-66df6be6.pth 

backbone.stages.2.blocks.4.norm1.weight - torch.Size([384]): 
PretrainedInit: load from pretrain_model/swin_tiny_224_b16x64_300e_imagenet_20210616_090925-66df6be6.pth 

backbone.stages.2.blocks.4.norm1.bias - torch.Size([384]): 
PretrainedInit: load from pretrain_model/swin_tiny_224_b16x64_300e_imagenet_20210616_090925-66df6be6.pth 

backbone.stages.2.blocks.4.attn.w_msa.relative_position_bias_table - torch.Size([169, 12]): 
PretrainedInit: load from pretrain_model/swin_tiny_224_b16x64_300e_imagenet_20210616_090925-66df6be6.pth 

backbone.stages.2.blocks.4.attn.w_msa.qkv.weight - torch.Size([1152, 384]): 
PretrainedInit: load from pretrain_model/swin_tiny_224_b16x64_300e_imagenet_20210616_090925-66df6be6.pth 

backbone.stages.2.blocks.4.attn.w_msa.qkv.bias - torch.Size([1152]): 
PretrainedInit: load from pretrain_model/swin_tiny_224_b16x64_300e_imagenet_20210616_090925-66df6be6.pth 

backbone.stages.2.blocks.4.attn.w_msa.proj.weight - torch.Size([384, 384]): 
PretrainedInit: load from pretrain_model/swin_tiny_224_b16x64_300e_imagenet_20210616_090925-66df6be6.pth 

backbone.stages.2.blocks.4.attn.w_msa.proj.bias - torch.Size([384]): 
PretrainedInit: load from pretrain_model/swin_tiny_224_b16x64_300e_imagenet_20210616_090925-66df6be6.pth 

backbone.stages.2.blocks.4.norm2.weight - torch.Size([384]): 
PretrainedInit: load from pretrain_model/swin_tiny_224_b16x64_300e_imagenet_20210616_090925-66df6be6.pth 

backbone.stages.2.blocks.4.norm2.bias - torch.Size([384]): 
PretrainedInit: load from pretrain_model/swin_tiny_224_b16x64_300e_imagenet_20210616_090925-66df6be6.pth 

backbone.stages.2.blocks.4.ffn.layers.0.0.weight - torch.Size([1536, 384]): 
PretrainedInit: load from pretrain_model/swin_tiny_224_b16x64_300e_imagenet_20210616_090925-66df6be6.pth 

backbone.stages.2.blocks.4.ffn.layers.0.0.bias - torch.Size([1536]): 
PretrainedInit: load from pretrain_model/swin_tiny_224_b16x64_300e_imagenet_20210616_090925-66df6be6.pth 

backbone.stages.2.blocks.4.ffn.layers.1.weight - torch.Size([384, 1536]): 
PretrainedInit: load from pretrain_model/swin_tiny_224_b16x64_300e_imagenet_20210616_090925-66df6be6.pth 

backbone.stages.2.blocks.4.ffn.layers.1.bias - torch.Size([384]): 
PretrainedInit: load from pretrain_model/swin_tiny_224_b16x64_300e_imagenet_20210616_090925-66df6be6.pth 

backbone.stages.2.blocks.5.norm1.weight - torch.Size([384]): 
PretrainedInit: load from pretrain_model/swin_tiny_224_b16x64_300e_imagenet_20210616_090925-66df6be6.pth 

backbone.stages.2.blocks.5.norm1.bias - torch.Size([384]): 
PretrainedInit: load from pretrain_model/swin_tiny_224_b16x64_300e_imagenet_20210616_090925-66df6be6.pth 

backbone.stages.2.blocks.5.attn.w_msa.relative_position_bias_table - torch.Size([169, 12]): 
PretrainedInit: load from pretrain_model/swin_tiny_224_b16x64_300e_imagenet_20210616_090925-66df6be6.pth 

backbone.stages.2.blocks.5.attn.w_msa.qkv.weight - torch.Size([1152, 384]): 
PretrainedInit: load from pretrain_model/swin_tiny_224_b16x64_300e_imagenet_20210616_090925-66df6be6.pth 

backbone.stages.2.blocks.5.attn.w_msa.qkv.bias - torch.Size([1152]): 
PretrainedInit: load from pretrain_model/swin_tiny_224_b16x64_300e_imagenet_20210616_090925-66df6be6.pth 

backbone.stages.2.blocks.5.attn.w_msa.proj.weight - torch.Size([384, 384]): 
PretrainedInit: load from pretrain_model/swin_tiny_224_b16x64_300e_imagenet_20210616_090925-66df6be6.pth 

backbone.stages.2.blocks.5.attn.w_msa.proj.bias - torch.Size([384]): 
PretrainedInit: load from pretrain_model/swin_tiny_224_b16x64_300e_imagenet_20210616_090925-66df6be6.pth 

backbone.stages.2.blocks.5.norm2.weight - torch.Size([384]): 
PretrainedInit: load from pretrain_model/swin_tiny_224_b16x64_300e_imagenet_20210616_090925-66df6be6.pth 

backbone.stages.2.blocks.5.norm2.bias - torch.Size([384]): 
PretrainedInit: load from pretrain_model/swin_tiny_224_b16x64_300e_imagenet_20210616_090925-66df6be6.pth 

backbone.stages.2.blocks.5.ffn.layers.0.0.weight - torch.Size([1536, 384]): 
PretrainedInit: load from pretrain_model/swin_tiny_224_b16x64_300e_imagenet_20210616_090925-66df6be6.pth 

backbone.stages.2.blocks.5.ffn.layers.0.0.bias - torch.Size([1536]): 
PretrainedInit: load from pretrain_model/swin_tiny_224_b16x64_300e_imagenet_20210616_090925-66df6be6.pth 

backbone.stages.2.blocks.5.ffn.layers.1.weight - torch.Size([384, 1536]): 
PretrainedInit: load from pretrain_model/swin_tiny_224_b16x64_300e_imagenet_20210616_090925-66df6be6.pth 

backbone.stages.2.blocks.5.ffn.layers.1.bias - torch.Size([384]): 
PretrainedInit: load from pretrain_model/swin_tiny_224_b16x64_300e_imagenet_20210616_090925-66df6be6.pth 

backbone.stages.2.downsample.norm.weight - torch.Size([1536]): 
PretrainedInit: load from pretrain_model/swin_tiny_224_b16x64_300e_imagenet_20210616_090925-66df6be6.pth 

backbone.stages.2.downsample.norm.bias - torch.Size([1536]): 
PretrainedInit: load from pretrain_model/swin_tiny_224_b16x64_300e_imagenet_20210616_090925-66df6be6.pth 

backbone.stages.2.downsample.reduction.weight - torch.Size([768, 1536]): 
PretrainedInit: load from pretrain_model/swin_tiny_224_b16x64_300e_imagenet_20210616_090925-66df6be6.pth 

backbone.stages.3.blocks.0.norm1.weight - torch.Size([768]): 
PretrainedInit: load from pretrain_model/swin_tiny_224_b16x64_300e_imagenet_20210616_090925-66df6be6.pth 

backbone.stages.3.blocks.0.norm1.bias - torch.Size([768]): 
PretrainedInit: load from pretrain_model/swin_tiny_224_b16x64_300e_imagenet_20210616_090925-66df6be6.pth 

backbone.stages.3.blocks.0.attn.w_msa.relative_position_bias_table - torch.Size([169, 24]): 
PretrainedInit: load from pretrain_model/swin_tiny_224_b16x64_300e_imagenet_20210616_090925-66df6be6.pth 

backbone.stages.3.blocks.0.attn.w_msa.qkv.weight - torch.Size([2304, 768]): 
PretrainedInit: load from pretrain_model/swin_tiny_224_b16x64_300e_imagenet_20210616_090925-66df6be6.pth 

backbone.stages.3.blocks.0.attn.w_msa.qkv.bias - torch.Size([2304]): 
PretrainedInit: load from pretrain_model/swin_tiny_224_b16x64_300e_imagenet_20210616_090925-66df6be6.pth 

backbone.stages.3.blocks.0.attn.w_msa.proj.weight - torch.Size([768, 768]): 
PretrainedInit: load from pretrain_model/swin_tiny_224_b16x64_300e_imagenet_20210616_090925-66df6be6.pth 

backbone.stages.3.blocks.0.attn.w_msa.proj.bias - torch.Size([768]): 
PretrainedInit: load from pretrain_model/swin_tiny_224_b16x64_300e_imagenet_20210616_090925-66df6be6.pth 

backbone.stages.3.blocks.0.norm2.weight - torch.Size([768]): 
PretrainedInit: load from pretrain_model/swin_tiny_224_b16x64_300e_imagenet_20210616_090925-66df6be6.pth 

backbone.stages.3.blocks.0.norm2.bias - torch.Size([768]): 
PretrainedInit: load from pretrain_model/swin_tiny_224_b16x64_300e_imagenet_20210616_090925-66df6be6.pth 

backbone.stages.3.blocks.0.ffn.layers.0.0.weight - torch.Size([3072, 768]): 
PretrainedInit: load from pretrain_model/swin_tiny_224_b16x64_300e_imagenet_20210616_090925-66df6be6.pth 

backbone.stages.3.blocks.0.ffn.layers.0.0.bias - torch.Size([3072]): 
PretrainedInit: load from pretrain_model/swin_tiny_224_b16x64_300e_imagenet_20210616_090925-66df6be6.pth 

backbone.stages.3.blocks.0.ffn.layers.1.weight - torch.Size([768, 3072]): 
PretrainedInit: load from pretrain_model/swin_tiny_224_b16x64_300e_imagenet_20210616_090925-66df6be6.pth 

backbone.stages.3.blocks.0.ffn.layers.1.bias - torch.Size([768]): 
PretrainedInit: load from pretrain_model/swin_tiny_224_b16x64_300e_imagenet_20210616_090925-66df6be6.pth 

backbone.stages.3.blocks.1.norm1.weight - torch.Size([768]): 
PretrainedInit: load from pretrain_model/swin_tiny_224_b16x64_300e_imagenet_20210616_090925-66df6be6.pth 

backbone.stages.3.blocks.1.norm1.bias - torch.Size([768]): 
PretrainedInit: load from pretrain_model/swin_tiny_224_b16x64_300e_imagenet_20210616_090925-66df6be6.pth 

backbone.stages.3.blocks.1.attn.w_msa.relative_position_bias_table - torch.Size([169, 24]): 
PretrainedInit: load from pretrain_model/swin_tiny_224_b16x64_300e_imagenet_20210616_090925-66df6be6.pth 

backbone.stages.3.blocks.1.attn.w_msa.qkv.weight - torch.Size([2304, 768]): 
PretrainedInit: load from pretrain_model/swin_tiny_224_b16x64_300e_imagenet_20210616_090925-66df6be6.pth 

backbone.stages.3.blocks.1.attn.w_msa.qkv.bias - torch.Size([2304]): 
PretrainedInit: load from pretrain_model/swin_tiny_224_b16x64_300e_imagenet_20210616_090925-66df6be6.pth 

backbone.stages.3.blocks.1.attn.w_msa.proj.weight - torch.Size([768, 768]): 
PretrainedInit: load from pretrain_model/swin_tiny_224_b16x64_300e_imagenet_20210616_090925-66df6be6.pth 

backbone.stages.3.blocks.1.attn.w_msa.proj.bias - torch.Size([768]): 
PretrainedInit: load from pretrain_model/swin_tiny_224_b16x64_300e_imagenet_20210616_090925-66df6be6.pth 

backbone.stages.3.blocks.1.norm2.weight - torch.Size([768]): 
PretrainedInit: load from pretrain_model/swin_tiny_224_b16x64_300e_imagenet_20210616_090925-66df6be6.pth 

backbone.stages.3.blocks.1.norm2.bias - torch.Size([768]): 
PretrainedInit: load from pretrain_model/swin_tiny_224_b16x64_300e_imagenet_20210616_090925-66df6be6.pth 

backbone.stages.3.blocks.1.ffn.layers.0.0.weight - torch.Size([3072, 768]): 
PretrainedInit: load from pretrain_model/swin_tiny_224_b16x64_300e_imagenet_20210616_090925-66df6be6.pth 

backbone.stages.3.blocks.1.ffn.layers.0.0.bias - torch.Size([3072]): 
PretrainedInit: load from pretrain_model/swin_tiny_224_b16x64_300e_imagenet_20210616_090925-66df6be6.pth 

backbone.stages.3.blocks.1.ffn.layers.1.weight - torch.Size([768, 3072]): 
PretrainedInit: load from pretrain_model/swin_tiny_224_b16x64_300e_imagenet_20210616_090925-66df6be6.pth 

backbone.stages.3.blocks.1.ffn.layers.1.bias - torch.Size([768]): 
PretrainedInit: load from pretrain_model/swin_tiny_224_b16x64_300e_imagenet_20210616_090925-66df6be6.pth 

backbone.norm3.weight - torch.Size([768]): 
PretrainedInit: load from pretrain_model/swin_tiny_224_b16x64_300e_imagenet_20210616_090925-66df6be6.pth 

backbone.norm3.bias - torch.Size([768]): 
PretrainedInit: load from pretrain_model/swin_tiny_224_b16x64_300e_imagenet_20210616_090925-66df6be6.pth 

head.fc.weight - torch.Size([2, 768]): 
TruncNormalInit: a=-2, b=2, mean=0, std=0.02, bias=0.0 

head.fc.bias - torch.Size([2]): 
TruncNormalInit: a=-2, b=2, mean=0, std=0.02, bias=0.0 
2023-11-10 14:52:46,445 - mmcls - INFO - Start running, host: root@8F-02-37u-AItest29, work_dir: /data4/lj/Classification/1.7/work_dirs/swin_tiny/Forgery_Detect
2023-11-10 14:52:46,445 - mmcls - INFO - Hooks will be executed in the following order:
before_run:
(VERY_HIGH   ) CosineAnnealingLrUpdaterHook       
(NORMAL      ) CheckpointHook                     
(LOW         ) EvalHook                           
(VERY_LOW    ) TextLoggerHook                     
 -------------------- 
before_train_epoch:
(VERY_HIGH   ) CosineAnnealingLrUpdaterHook       
(LOW         ) IterTimerHook                      
(LOW         ) EvalHook                           
(VERY_LOW    ) TextLoggerHook                     
 -------------------- 
before_train_iter:
(VERY_HIGH   ) CosineAnnealingLrUpdaterHook       
(LOW         ) IterTimerHook                      
(LOW         ) EvalHook                           
 -------------------- 
after_train_iter:
(ABOVE_NORMAL) OptimizerHook                      
(NORMAL      ) CheckpointHook                     
(LOW         ) IterTimerHook                      
(LOW         ) EvalHook                           
(VERY_LOW    ) TextLoggerHook                     
 -------------------- 
after_train_epoch:
(NORMAL      ) CheckpointHook                     
(LOW         ) EvalHook                           
(VERY_LOW    ) TextLoggerHook                     
 -------------------- 
before_val_epoch:
(LOW         ) IterTimerHook                      
(VERY_LOW    ) TextLoggerHook                     
 -------------------- 
before_val_iter:
(LOW         ) IterTimerHook                      
 -------------------- 
after_val_iter:
(LOW         ) IterTimerHook                      
 -------------------- 
after_val_epoch:
(VERY_LOW    ) TextLoggerHook                     
 -------------------- 
after_run:
(VERY_LOW    ) TextLoggerHook                     
 -------------------- 
2023-11-10 14:52:46,446 - mmcls - INFO - workflow: [('train', 1)], max: 200 epochs
2023-11-10 14:52:46,446 - mmcls - INFO - Checkpoints will be saved to /data4/lj/Classification/1.7/work_dirs/swin_tiny/Forgery_Detect by HardDiskBackend.
