2023-11-03 12:50:40,787 - mmcls - INFO - Environment info:
------------------------------------------------------------
sys.platform: linux
Python: 3.8.17 | packaged by conda-forge | (default, Jun 16 2023, 07:06:00) [GCC 11.4.0]
CUDA available: True
GPU 0: NVIDIA GeForce RTX 3090
CUDA_HOME: /usr/local/cuda-11.6
NVCC: Build cuda_11.6.r11.6/compiler.31057947_0
GCC: gcc (GCC) 7.3.0
PyTorch: 1.8.0+cu111
PyTorch compiling details: PyTorch built with:
  - GCC 7.3
  - C++ Version: 201402
  - Intel(R) Math Kernel Library Version 2020.0.0 Product Build 20191122 for Intel(R) 64 architecture applications
  - Intel(R) MKL-DNN v1.7.0 (Git Hash 7aed236906b1f7a05c0917e5257a1af05e9ff683)
  - OpenMP 201511 (a.k.a. OpenMP 4.5)
  - NNPACK is enabled
  - CPU capability usage: AVX2
  - CUDA Runtime 11.1
  - NVCC architecture flags: -gencode;arch=compute_37,code=sm_37;-gencode;arch=compute_50,code=sm_50;-gencode;arch=compute_60,code=sm_60;-gencode;arch=compute_70,code=sm_70;-gencode;arch=compute_75,code=sm_75;-gencode;arch=compute_80,code=sm_80;-gencode;arch=compute_86,code=sm_86
  - CuDNN 8.0.5
  - Magma 2.5.2
  - Build settings: BLAS_INFO=mkl, BUILD_TYPE=Release, CUDA_VERSION=11.1, CUDNN_VERSION=8.0.5, CXX_COMPILER=/opt/rh/devtoolset-7/root/usr/bin/c++, CXX_FLAGS= -Wno-deprecated -fvisibility-inlines-hidden -DUSE_PTHREADPOOL -fopenmp -DNDEBUG -DUSE_KINETO -DUSE_FBGEMM -DUSE_QNNPACK -DUSE_PYTORCH_QNNPACK -DUSE_XNNPACK -O2 -fPIC -Wno-narrowing -Wall -Wextra -Werror=return-type -Wno-missing-field-initializers -Wno-type-limits -Wno-array-bounds -Wno-unknown-pragmas -Wno-sign-compare -Wno-unused-parameter -Wno-unused-variable -Wno-unused-function -Wno-unused-result -Wno-unused-local-typedefs -Wno-strict-overflow -Wno-strict-aliasing -Wno-error=deprecated-declarations -Wno-stringop-overflow -Wno-psabi -Wno-error=pedantic -Wno-error=redundant-decls -Wno-error=old-style-cast -fdiagnostics-color=always -faligned-new -Wno-unused-but-set-variable -Wno-maybe-uninitialized -fno-math-errno -fno-trapping-math -Werror=format -Wno-stringop-overflow, LAPACK_INFO=mkl, PERF_WITH_AVX=1, PERF_WITH_AVX2=1, PERF_WITH_AVX512=1, TORCH_VERSION=1.8.0, USE_CUDA=ON, USE_CUDNN=ON, USE_EXCEPTION_PTR=1, USE_GFLAGS=OFF, USE_GLOG=OFF, USE_MKL=ON, USE_MKLDNN=ON, USE_MPI=OFF, USE_NCCL=ON, USE_NNPACK=ON, USE_OPENMP=ON, 

TorchVision: 0.9.0+cu111
OpenCV: 4.8.0
MMCV: 1.4.2
MMCV Compiler: n/a
MMCV CUDA Compiler: n/a
MMClassification: 0.24.0+
------------------------------------------------------------

2023-11-03 12:50:40,788 - mmcls - INFO - Distributed training: False
2023-11-03 12:50:41,416 - mmcls - INFO - Config:
model = dict(
    type='ImageClassifier',
    backbone=dict(
        type='SwinTransformer',
        arch='tiny',
        init_cfg=dict(
            type='Pretrained',
            checkpoint=
            'pretrain_model/swin_tiny_224_b16x64_300e_imagenet_20210616_090925-66df6be6.pth',
            prefix='backbone'),
        img_size=224,
        drop_path_rate=0.2),
    neck=dict(type='GlobalAveragePooling'),
    head=dict(
        type='LinearClsHead',
        num_classes=2,
        in_channels=768,
        init_cfg=None,
        loss=dict(type='FocalLoss', gamma=2.0, alpha=0.25, reduction='mean'),
        cal_acc=False),
    init_cfg=[
        dict(type='TruncNormal', layer='Linear', std=0.02, bias=0.0),
        dict(type='Constant', layer='LayerNorm', val=1.0, bias=0.0)
    ],
    train_cfg=dict(augments=[
        dict(type='BatchMixup', alpha=0.8, num_classes=2, prob=0.5),
        dict(type='BatchCutMix', alpha=1.0, num_classes=2, prob=0.5)
    ]))
rand_increasing_policies = [
    dict(type='AutoContrast'),
    dict(type='Equalize'),
    dict(type='Invert'),
    dict(type='Rotate', magnitude_key='angle', magnitude_range=(0, 90)),
    dict(type='Posterize', magnitude_key='bits', magnitude_range=(4, 0)),
    dict(type='Solarize', magnitude_key='thr', magnitude_range=(256, 0)),
    dict(
        type='SolarizeAdd',
        magnitude_key='magnitude',
        magnitude_range=(0, 110)),
    dict(
        type='ColorTransform',
        magnitude_key='magnitude',
        magnitude_range=(0, 0.9)),
    dict(type='Contrast', magnitude_key='magnitude', magnitude_range=(0, 0.9)),
    dict(
        type='Brightness', magnitude_key='magnitude',
        magnitude_range=(0, 0.9)),
    dict(
        type='Sharpness', magnitude_key='magnitude', magnitude_range=(0, 0.9)),
    dict(
        type='Shear',
        magnitude_key='magnitude',
        magnitude_range=(0, 0.3),
        direction='horizontal'),
    dict(
        type='Shear',
        magnitude_key='magnitude',
        magnitude_range=(0, 0.3),
        direction='vertical'),
    dict(
        type='Translate',
        magnitude_key='magnitude',
        magnitude_range=(0, 0.45),
        direction='horizontal'),
    dict(
        type='Translate',
        magnitude_key='magnitude',
        magnitude_range=(0, 0.45),
        direction='vertical')
]
dataset_type = 'CustomDataset'
img_norm_cfg = dict(
    mean=[123.675, 116.28, 103.53], std=[58.395, 57.12, 57.375], to_rgb=True)
train_pipeline = [
    dict(type='LoadImageFromFile'),
    dict(type='RandomFlip', flip_prob=0.5, direction='horizontal'),
    dict(
        type='RandAugment',
        policies=[
            dict(type='AutoContrast'),
            dict(type='Equalize'),
            dict(type='Invert'),
            dict(
                type='Rotate', magnitude_key='angle', magnitude_range=(0, 90)),
            dict(
                type='Posterize', magnitude_key='bits',
                magnitude_range=(4, 0)),
            dict(
                type='Solarize', magnitude_key='thr',
                magnitude_range=(256, 0)),
            dict(
                type='SolarizeAdd',
                magnitude_key='magnitude',
                magnitude_range=(0, 110)),
            dict(
                type='ColorTransform',
                magnitude_key='magnitude',
                magnitude_range=(0, 0.9)),
            dict(
                type='Contrast',
                magnitude_key='magnitude',
                magnitude_range=(0, 0.9)),
            dict(
                type='Brightness',
                magnitude_key='magnitude',
                magnitude_range=(0, 0.9)),
            dict(
                type='Sharpness',
                magnitude_key='magnitude',
                magnitude_range=(0, 0.9)),
            dict(
                type='Shear',
                magnitude_key='magnitude',
                magnitude_range=(0, 0.5),
                direction='horizontal'),
            dict(
                type='Shear',
                magnitude_key='magnitude',
                magnitude_range=(0, 0.5),
                direction='vertical'),
            dict(
                type='Translate',
                magnitude_key='magnitude',
                magnitude_range=(0, 0.45),
                direction='horizontal'),
            dict(
                type='Translate',
                magnitude_key='magnitude',
                magnitude_range=(0, 0.45),
                direction='vertical')
        ],
        num_policies=2,
        total_level=10,
        magnitude_level=9,
        magnitude_std=0.5,
        hparams=dict(pad_val=[104, 116, 124], interpolation='bicubic')),
    dict(
        type='RandomErasing',
        erase_prob=0.25,
        mode='rand',
        min_area_ratio=0.02,
        max_area_ratio=0.3333333333333333,
        fill_color=[103.53, 116.28, 123.675],
        fill_std=[57.375, 57.12, 58.395]),
    dict(
        type='Normalize',
        mean=[123.675, 116.28, 103.53],
        std=[58.395, 57.12, 57.375],
        to_rgb=True),
    dict(type='ImageToTensor', keys=['img']),
    dict(type='ToTensor', keys=['gt_label']),
    dict(type='Collect', keys=['img', 'gt_label'])
]
test_pipeline = [
    dict(type='LoadImageFromFile'),
    dict(
        type='Normalize',
        mean=[123.675, 116.28, 103.53],
        std=[58.395, 57.12, 57.375],
        to_rgb=True),
    dict(type='ImageToTensor', keys=['img']),
    dict(type='Collect', keys=['img'])
]
data = dict(
    samples_per_gpu=30,
    workers_per_gpu=4,
    train=dict(
        type='CustomDataset',
        data_prefix='/data4/lj/forgery_Detect/dataset/train',
        pipeline=[
            dict(type='LoadImageFromFile'),
            dict(type='Resize', size=512),
            dict(type='RandomFlip', flip_prob=0.5, direction='horizontal'),
            dict(
                type='RandAugment',
                policies=[
                    dict(type='AutoContrast'),
                    dict(type='Equalize'),
                    dict(type='Invert'),
                    dict(
                        type='Rotate',
                        magnitude_key='angle',
                        magnitude_range=(0, 180)),
                    dict(
                        type='Posterize',
                        magnitude_key='bits',
                        magnitude_range=(4, 0)),
                    dict(
                        type='Solarize',
                        magnitude_key='thr',
                        magnitude_range=(256, 0)),
                    dict(
                        type='SolarizeAdd',
                        magnitude_key='magnitude',
                        magnitude_range=(0, 110)),
                    dict(
                        type='ColorTransform',
                        magnitude_key='magnitude',
                        magnitude_range=(0, 0.9)),
                    dict(
                        type='Contrast',
                        magnitude_key='magnitude',
                        magnitude_range=(0, 0.9)),
                    dict(
                        type='Brightness',
                        magnitude_key='magnitude',
                        magnitude_range=(0, 0.9)),
                    dict(
                        type='Sharpness',
                        magnitude_key='magnitude',
                        magnitude_range=(0, 0.9)),
                    dict(
                        type='Shear',
                        magnitude_key='magnitude',
                        magnitude_range=(0, 0.7),
                        direction='horizontal'),
                    dict(
                        type='Shear',
                        magnitude_key='magnitude',
                        magnitude_range=(0, 0.7),
                        direction='vertical'),
                    dict(
                        type='Translate',
                        magnitude_key='magnitude',
                        magnitude_range=(0, 0.45),
                        direction='horizontal'),
                    dict(
                        type='Translate',
                        magnitude_key='magnitude',
                        magnitude_range=(0, 0.45),
                        direction='vertical')
                ],
                num_policies=2,
                total_level=10,
                magnitude_level=9,
                magnitude_std=0.5,
                hparams=dict(pad_val=[104, 116, 124],
                             interpolation='bicubic')),
            dict(
                type='RandomErasing',
                erase_prob=0.25,
                mode='rand',
                min_area_ratio=0.02,
                max_area_ratio=0.3333333333333333,
                fill_color=[103.53, 116.28, 123.675],
                fill_std=[57.375, 57.12, 58.395]),
            dict(
                type='Normalize',
                mean=[123.675, 116.28, 103.53],
                std=[58.395, 57.12, 57.375],
                to_rgb=True),
            dict(type='ImageToTensor', keys=['img']),
            dict(type='ToTensor', keys=['gt_label']),
            dict(type='Collect', keys=['img', 'gt_label'])
        ]),
    val=dict(
        type='CustomDataset',
        data_prefix='/data4/lj/forgery_Detect/dataset/test',
        pipeline=[
            dict(type='LoadImageFromFile'),
            dict(type='Resize', size=512),
            dict(
                type='Normalize',
                mean=[123.675, 116.28, 103.53],
                std=[58.395, 57.12, 57.375],
                to_rgb=True),
            dict(type='ImageToTensor', keys=['img']),
            dict(type='Collect', keys=['img'])
        ]),
    test=dict(
        type='CustomDataset',
        data_prefix='/data4/lj/forgery_Detect/dataset/test',
        pipeline=[
            dict(type='LoadImageFromFile'),
            dict(type='Resize', size=512),
            dict(
                type='Normalize',
                mean=[123.675, 116.28, 103.53],
                std=[58.395, 57.12, 57.375],
                to_rgb=True),
            dict(type='ImageToTensor', keys=['img']),
            dict(type='Collect', keys=['img'])
        ]))
evaluation = dict(interval=10, metric='accuracy')
paramwise_cfg = dict(
    norm_decay_mult=0.0,
    bias_decay_mult=0.0,
    custom_keys=dict({
        '.absolute_pos_embed': dict(decay_mult=0.0),
        '.relative_position_bias_table': dict(decay_mult=0.0)
    }))
optimizer = dict(
    type='AdamW',
    lr=0.001,
    weight_decay=0.05,
    eps=1e-08,
    betas=(0.9, 0.999),
    paramwise_cfg=dict(
        norm_decay_mult=0.0,
        bias_decay_mult=0.0,
        custom_keys=dict({
            '.absolute_pos_embed': dict(decay_mult=0.0),
            '.relative_position_bias_table': dict(decay_mult=0.0)
        })))
optimizer_config = dict(grad_clip=dict(max_norm=5.0))
lr_config = dict(
    policy='CosineAnnealing',
    by_epoch=False,
    min_lr_ratio=0.01,
    warmup='linear',
    warmup_ratio=0.001,
    warmup_iters=20,
    warmup_by_epoch=True)
runner = dict(type='EpochBasedRunner', max_epochs=150)
checkpoint_config = dict(interval=30, save_optimizer=True)
log_config = dict(interval=100, hooks=[dict(type='TextLoggerHook')])
dist_params = dict(backend='nccl')
log_level = 'INFO'
load_from = None
resume_from = None
workflow = [('train', 1)]
work_dir = 'Classification/1.7/work_dirs/swin_tiny/Forgery_Detect'
gpu_ids = [0]

2023-11-03 12:50:41,418 - mmcls - INFO - Set random seed to 390917911, deterministic: False
2023-11-03 12:50:41,681 - mmcls - INFO - initialize ImageClassifier with init_cfg [{'type': 'TruncNormal', 'layer': 'Linear', 'std': 0.02, 'bias': 0.0}, {'type': 'Constant', 'layer': 'LayerNorm', 'val': 1.0, 'bias': 0.0}]
2023-11-03 12:50:41,927 - mmcls - INFO - initialize SwinTransformer with init_cfg {'type': 'Pretrained', 'checkpoint': 'pretrain_model/swin_tiny_224_b16x64_300e_imagenet_20210616_090925-66df6be6.pth', 'prefix': 'backbone'}
Name of parameter - Initialization information

backbone.patch_embed.projection.weight - torch.Size([96, 3, 4, 4]): 
PretrainedInit: load from pretrain_model/swin_tiny_224_b16x64_300e_imagenet_20210616_090925-66df6be6.pth 

backbone.patch_embed.projection.bias - torch.Size([96]): 
PretrainedInit: load from pretrain_model/swin_tiny_224_b16x64_300e_imagenet_20210616_090925-66df6be6.pth 

backbone.patch_embed.norm.weight - torch.Size([96]): 
PretrainedInit: load from pretrain_model/swin_tiny_224_b16x64_300e_imagenet_20210616_090925-66df6be6.pth 

backbone.patch_embed.norm.bias - torch.Size([96]): 
PretrainedInit: load from pretrain_model/swin_tiny_224_b16x64_300e_imagenet_20210616_090925-66df6be6.pth 

backbone.stages.0.blocks.0.norm1.weight - torch.Size([96]): 
PretrainedInit: load from pretrain_model/swin_tiny_224_b16x64_300e_imagenet_20210616_090925-66df6be6.pth 

backbone.stages.0.blocks.0.norm1.bias - torch.Size([96]): 
PretrainedInit: load from pretrain_model/swin_tiny_224_b16x64_300e_imagenet_20210616_090925-66df6be6.pth 

backbone.stages.0.blocks.0.attn.w_msa.relative_position_bias_table - torch.Size([169, 3]): 
PretrainedInit: load from pretrain_model/swin_tiny_224_b16x64_300e_imagenet_20210616_090925-66df6be6.pth 

backbone.stages.0.blocks.0.attn.w_msa.qkv.weight - torch.Size([288, 96]): 
PretrainedInit: load from pretrain_model/swin_tiny_224_b16x64_300e_imagenet_20210616_090925-66df6be6.pth 

backbone.stages.0.blocks.0.attn.w_msa.qkv.bias - torch.Size([288]): 
PretrainedInit: load from pretrain_model/swin_tiny_224_b16x64_300e_imagenet_20210616_090925-66df6be6.pth 

backbone.stages.0.blocks.0.attn.w_msa.proj.weight - torch.Size([96, 96]): 
PretrainedInit: load from pretrain_model/swin_tiny_224_b16x64_300e_imagenet_20210616_090925-66df6be6.pth 

backbone.stages.0.blocks.0.attn.w_msa.proj.bias - torch.Size([96]): 
PretrainedInit: load from pretrain_model/swin_tiny_224_b16x64_300e_imagenet_20210616_090925-66df6be6.pth 

backbone.stages.0.blocks.0.norm2.weight - torch.Size([96]): 
PretrainedInit: load from pretrain_model/swin_tiny_224_b16x64_300e_imagenet_20210616_090925-66df6be6.pth 

backbone.stages.0.blocks.0.norm2.bias - torch.Size([96]): 
PretrainedInit: load from pretrain_model/swin_tiny_224_b16x64_300e_imagenet_20210616_090925-66df6be6.pth 

backbone.stages.0.blocks.0.ffn.layers.0.0.weight - torch.Size([384, 96]): 
PretrainedInit: load from pretrain_model/swin_tiny_224_b16x64_300e_imagenet_20210616_090925-66df6be6.pth 

backbone.stages.0.blocks.0.ffn.layers.0.0.bias - torch.Size([384]): 
PretrainedInit: load from pretrain_model/swin_tiny_224_b16x64_300e_imagenet_20210616_090925-66df6be6.pth 

backbone.stages.0.blocks.0.ffn.layers.1.weight - torch.Size([96, 384]): 
PretrainedInit: load from pretrain_model/swin_tiny_224_b16x64_300e_imagenet_20210616_090925-66df6be6.pth 

backbone.stages.0.blocks.0.ffn.layers.1.bias - torch.Size([96]): 
PretrainedInit: load from pretrain_model/swin_tiny_224_b16x64_300e_imagenet_20210616_090925-66df6be6.pth 

backbone.stages.0.blocks.1.norm1.weight - torch.Size([96]): 
PretrainedInit: load from pretrain_model/swin_tiny_224_b16x64_300e_imagenet_20210616_090925-66df6be6.pth 

backbone.stages.0.blocks.1.norm1.bias - torch.Size([96]): 
PretrainedInit: load from pretrain_model/swin_tiny_224_b16x64_300e_imagenet_20210616_090925-66df6be6.pth 

backbone.stages.0.blocks.1.attn.w_msa.relative_position_bias_table - torch.Size([169, 3]): 
PretrainedInit: load from pretrain_model/swin_tiny_224_b16x64_300e_imagenet_20210616_090925-66df6be6.pth 

backbone.stages.0.blocks.1.attn.w_msa.qkv.weight - torch.Size([288, 96]): 
PretrainedInit: load from pretrain_model/swin_tiny_224_b16x64_300e_imagenet_20210616_090925-66df6be6.pth 

backbone.stages.0.blocks.1.attn.w_msa.qkv.bias - torch.Size([288]): 
PretrainedInit: load from pretrain_model/swin_tiny_224_b16x64_300e_imagenet_20210616_090925-66df6be6.pth 

backbone.stages.0.blocks.1.attn.w_msa.proj.weight - torch.Size([96, 96]): 
PretrainedInit: load from pretrain_model/swin_tiny_224_b16x64_300e_imagenet_20210616_090925-66df6be6.pth 

backbone.stages.0.blocks.1.attn.w_msa.proj.bias - torch.Size([96]): 
PretrainedInit: load from pretrain_model/swin_tiny_224_b16x64_300e_imagenet_20210616_090925-66df6be6.pth 

backbone.stages.0.blocks.1.norm2.weight - torch.Size([96]): 
PretrainedInit: load from pretrain_model/swin_tiny_224_b16x64_300e_imagenet_20210616_090925-66df6be6.pth 

backbone.stages.0.blocks.1.norm2.bias - torch.Size([96]): 
PretrainedInit: load from pretrain_model/swin_tiny_224_b16x64_300e_imagenet_20210616_090925-66df6be6.pth 

backbone.stages.0.blocks.1.ffn.layers.0.0.weight - torch.Size([384, 96]): 
PretrainedInit: load from pretrain_model/swin_tiny_224_b16x64_300e_imagenet_20210616_090925-66df6be6.pth 

backbone.stages.0.blocks.1.ffn.layers.0.0.bias - torch.Size([384]): 
PretrainedInit: load from pretrain_model/swin_tiny_224_b16x64_300e_imagenet_20210616_090925-66df6be6.pth 

backbone.stages.0.blocks.1.ffn.layers.1.weight - torch.Size([96, 384]): 
PretrainedInit: load from pretrain_model/swin_tiny_224_b16x64_300e_imagenet_20210616_090925-66df6be6.pth 

backbone.stages.0.blocks.1.ffn.layers.1.bias - torch.Size([96]): 
PretrainedInit: load from pretrain_model/swin_tiny_224_b16x64_300e_imagenet_20210616_090925-66df6be6.pth 

backbone.stages.0.downsample.norm.weight - torch.Size([384]): 
PretrainedInit: load from pretrain_model/swin_tiny_224_b16x64_300e_imagenet_20210616_090925-66df6be6.pth 

backbone.stages.0.downsample.norm.bias - torch.Size([384]): 
PretrainedInit: load from pretrain_model/swin_tiny_224_b16x64_300e_imagenet_20210616_090925-66df6be6.pth 

backbone.stages.0.downsample.reduction.weight - torch.Size([192, 384]): 
PretrainedInit: load from pretrain_model/swin_tiny_224_b16x64_300e_imagenet_20210616_090925-66df6be6.pth 

backbone.stages.1.blocks.0.norm1.weight - torch.Size([192]): 
PretrainedInit: load from pretrain_model/swin_tiny_224_b16x64_300e_imagenet_20210616_090925-66df6be6.pth 

backbone.stages.1.blocks.0.norm1.bias - torch.Size([192]): 
PretrainedInit: load from pretrain_model/swin_tiny_224_b16x64_300e_imagenet_20210616_090925-66df6be6.pth 

backbone.stages.1.blocks.0.attn.w_msa.relative_position_bias_table - torch.Size([169, 6]): 
PretrainedInit: load from pretrain_model/swin_tiny_224_b16x64_300e_imagenet_20210616_090925-66df6be6.pth 

backbone.stages.1.blocks.0.attn.w_msa.qkv.weight - torch.Size([576, 192]): 
PretrainedInit: load from pretrain_model/swin_tiny_224_b16x64_300e_imagenet_20210616_090925-66df6be6.pth 

backbone.stages.1.blocks.0.attn.w_msa.qkv.bias - torch.Size([576]): 
PretrainedInit: load from pretrain_model/swin_tiny_224_b16x64_300e_imagenet_20210616_090925-66df6be6.pth 

backbone.stages.1.blocks.0.attn.w_msa.proj.weight - torch.Size([192, 192]): 
PretrainedInit: load from pretrain_model/swin_tiny_224_b16x64_300e_imagenet_20210616_090925-66df6be6.pth 

backbone.stages.1.blocks.0.attn.w_msa.proj.bias - torch.Size([192]): 
PretrainedInit: load from pretrain_model/swin_tiny_224_b16x64_300e_imagenet_20210616_090925-66df6be6.pth 

backbone.stages.1.blocks.0.norm2.weight - torch.Size([192]): 
PretrainedInit: load from pretrain_model/swin_tiny_224_b16x64_300e_imagenet_20210616_090925-66df6be6.pth 

backbone.stages.1.blocks.0.norm2.bias - torch.Size([192]): 
PretrainedInit: load from pretrain_model/swin_tiny_224_b16x64_300e_imagenet_20210616_090925-66df6be6.pth 

backbone.stages.1.blocks.0.ffn.layers.0.0.weight - torch.Size([768, 192]): 
PretrainedInit: load from pretrain_model/swin_tiny_224_b16x64_300e_imagenet_20210616_090925-66df6be6.pth 

backbone.stages.1.blocks.0.ffn.layers.0.0.bias - torch.Size([768]): 
PretrainedInit: load from pretrain_model/swin_tiny_224_b16x64_300e_imagenet_20210616_090925-66df6be6.pth 

backbone.stages.1.blocks.0.ffn.layers.1.weight - torch.Size([192, 768]): 
PretrainedInit: load from pretrain_model/swin_tiny_224_b16x64_300e_imagenet_20210616_090925-66df6be6.pth 

backbone.stages.1.blocks.0.ffn.layers.1.bias - torch.Size([192]): 
PretrainedInit: load from pretrain_model/swin_tiny_224_b16x64_300e_imagenet_20210616_090925-66df6be6.pth 

backbone.stages.1.blocks.1.norm1.weight - torch.Size([192]): 
PretrainedInit: load from pretrain_model/swin_tiny_224_b16x64_300e_imagenet_20210616_090925-66df6be6.pth 

backbone.stages.1.blocks.1.norm1.bias - torch.Size([192]): 
PretrainedInit: load from pretrain_model/swin_tiny_224_b16x64_300e_imagenet_20210616_090925-66df6be6.pth 

backbone.stages.1.blocks.1.attn.w_msa.relative_position_bias_table - torch.Size([169, 6]): 
PretrainedInit: load from pretrain_model/swin_tiny_224_b16x64_300e_imagenet_20210616_090925-66df6be6.pth 

backbone.stages.1.blocks.1.attn.w_msa.qkv.weight - torch.Size([576, 192]): 
PretrainedInit: load from pretrain_model/swin_tiny_224_b16x64_300e_imagenet_20210616_090925-66df6be6.pth 

backbone.stages.1.blocks.1.attn.w_msa.qkv.bias - torch.Size([576]): 
PretrainedInit: load from pretrain_model/swin_tiny_224_b16x64_300e_imagenet_20210616_090925-66df6be6.pth 

backbone.stages.1.blocks.1.attn.w_msa.proj.weight - torch.Size([192, 192]): 
PretrainedInit: load from pretrain_model/swin_tiny_224_b16x64_300e_imagenet_20210616_090925-66df6be6.pth 

backbone.stages.1.blocks.1.attn.w_msa.proj.bias - torch.Size([192]): 
PretrainedInit: load from pretrain_model/swin_tiny_224_b16x64_300e_imagenet_20210616_090925-66df6be6.pth 

backbone.stages.1.blocks.1.norm2.weight - torch.Size([192]): 
PretrainedInit: load from pretrain_model/swin_tiny_224_b16x64_300e_imagenet_20210616_090925-66df6be6.pth 

backbone.stages.1.blocks.1.norm2.bias - torch.Size([192]): 
PretrainedInit: load from pretrain_model/swin_tiny_224_b16x64_300e_imagenet_20210616_090925-66df6be6.pth 

backbone.stages.1.blocks.1.ffn.layers.0.0.weight - torch.Size([768, 192]): 
PretrainedInit: load from pretrain_model/swin_tiny_224_b16x64_300e_imagenet_20210616_090925-66df6be6.pth 

backbone.stages.1.blocks.1.ffn.layers.0.0.bias - torch.Size([768]): 
PretrainedInit: load from pretrain_model/swin_tiny_224_b16x64_300e_imagenet_20210616_090925-66df6be6.pth 

backbone.stages.1.blocks.1.ffn.layers.1.weight - torch.Size([192, 768]): 
PretrainedInit: load from pretrain_model/swin_tiny_224_b16x64_300e_imagenet_20210616_090925-66df6be6.pth 

backbone.stages.1.blocks.1.ffn.layers.1.bias - torch.Size([192]): 
PretrainedInit: load from pretrain_model/swin_tiny_224_b16x64_300e_imagenet_20210616_090925-66df6be6.pth 

backbone.stages.1.downsample.norm.weight - torch.Size([768]): 
PretrainedInit: load from pretrain_model/swin_tiny_224_b16x64_300e_imagenet_20210616_090925-66df6be6.pth 

backbone.stages.1.downsample.norm.bias - torch.Size([768]): 
PretrainedInit: load from pretrain_model/swin_tiny_224_b16x64_300e_imagenet_20210616_090925-66df6be6.pth 

backbone.stages.1.downsample.reduction.weight - torch.Size([384, 768]): 
PretrainedInit: load from pretrain_model/swin_tiny_224_b16x64_300e_imagenet_20210616_090925-66df6be6.pth 

backbone.stages.2.blocks.0.norm1.weight - torch.Size([384]): 
PretrainedInit: load from pretrain_model/swin_tiny_224_b16x64_300e_imagenet_20210616_090925-66df6be6.pth 

backbone.stages.2.blocks.0.norm1.bias - torch.Size([384]): 
PretrainedInit: load from pretrain_model/swin_tiny_224_b16x64_300e_imagenet_20210616_090925-66df6be6.pth 

backbone.stages.2.blocks.0.attn.w_msa.relative_position_bias_table - torch.Size([169, 12]): 
PretrainedInit: load from pretrain_model/swin_tiny_224_b16x64_300e_imagenet_20210616_090925-66df6be6.pth 

backbone.stages.2.blocks.0.attn.w_msa.qkv.weight - torch.Size([1152, 384]): 
PretrainedInit: load from pretrain_model/swin_tiny_224_b16x64_300e_imagenet_20210616_090925-66df6be6.pth 

backbone.stages.2.blocks.0.attn.w_msa.qkv.bias - torch.Size([1152]): 
PretrainedInit: load from pretrain_model/swin_tiny_224_b16x64_300e_imagenet_20210616_090925-66df6be6.pth 

backbone.stages.2.blocks.0.attn.w_msa.proj.weight - torch.Size([384, 384]): 
PretrainedInit: load from pretrain_model/swin_tiny_224_b16x64_300e_imagenet_20210616_090925-66df6be6.pth 

backbone.stages.2.blocks.0.attn.w_msa.proj.bias - torch.Size([384]): 
PretrainedInit: load from pretrain_model/swin_tiny_224_b16x64_300e_imagenet_20210616_090925-66df6be6.pth 

backbone.stages.2.blocks.0.norm2.weight - torch.Size([384]): 
PretrainedInit: load from pretrain_model/swin_tiny_224_b16x64_300e_imagenet_20210616_090925-66df6be6.pth 

backbone.stages.2.blocks.0.norm2.bias - torch.Size([384]): 
PretrainedInit: load from pretrain_model/swin_tiny_224_b16x64_300e_imagenet_20210616_090925-66df6be6.pth 

backbone.stages.2.blocks.0.ffn.layers.0.0.weight - torch.Size([1536, 384]): 
PretrainedInit: load from pretrain_model/swin_tiny_224_b16x64_300e_imagenet_20210616_090925-66df6be6.pth 

backbone.stages.2.blocks.0.ffn.layers.0.0.bias - torch.Size([1536]): 
PretrainedInit: load from pretrain_model/swin_tiny_224_b16x64_300e_imagenet_20210616_090925-66df6be6.pth 

backbone.stages.2.blocks.0.ffn.layers.1.weight - torch.Size([384, 1536]): 
PretrainedInit: load from pretrain_model/swin_tiny_224_b16x64_300e_imagenet_20210616_090925-66df6be6.pth 

backbone.stages.2.blocks.0.ffn.layers.1.bias - torch.Size([384]): 
PretrainedInit: load from pretrain_model/swin_tiny_224_b16x64_300e_imagenet_20210616_090925-66df6be6.pth 

backbone.stages.2.blocks.1.norm1.weight - torch.Size([384]): 
PretrainedInit: load from pretrain_model/swin_tiny_224_b16x64_300e_imagenet_20210616_090925-66df6be6.pth 

backbone.stages.2.blocks.1.norm1.bias - torch.Size([384]): 
PretrainedInit: load from pretrain_model/swin_tiny_224_b16x64_300e_imagenet_20210616_090925-66df6be6.pth 

backbone.stages.2.blocks.1.attn.w_msa.relative_position_bias_table - torch.Size([169, 12]): 
PretrainedInit: load from pretrain_model/swin_tiny_224_b16x64_300e_imagenet_20210616_090925-66df6be6.pth 

backbone.stages.2.blocks.1.attn.w_msa.qkv.weight - torch.Size([1152, 384]): 
PretrainedInit: load from pretrain_model/swin_tiny_224_b16x64_300e_imagenet_20210616_090925-66df6be6.pth 

backbone.stages.2.blocks.1.attn.w_msa.qkv.bias - torch.Size([1152]): 
PretrainedInit: load from pretrain_model/swin_tiny_224_b16x64_300e_imagenet_20210616_090925-66df6be6.pth 

backbone.stages.2.blocks.1.attn.w_msa.proj.weight - torch.Size([384, 384]): 
PretrainedInit: load from pretrain_model/swin_tiny_224_b16x64_300e_imagenet_20210616_090925-66df6be6.pth 

backbone.stages.2.blocks.1.attn.w_msa.proj.bias - torch.Size([384]): 
PretrainedInit: load from pretrain_model/swin_tiny_224_b16x64_300e_imagenet_20210616_090925-66df6be6.pth 

backbone.stages.2.blocks.1.norm2.weight - torch.Size([384]): 
PretrainedInit: load from pretrain_model/swin_tiny_224_b16x64_300e_imagenet_20210616_090925-66df6be6.pth 

backbone.stages.2.blocks.1.norm2.bias - torch.Size([384]): 
PretrainedInit: load from pretrain_model/swin_tiny_224_b16x64_300e_imagenet_20210616_090925-66df6be6.pth 

backbone.stages.2.blocks.1.ffn.layers.0.0.weight - torch.Size([1536, 384]): 
PretrainedInit: load from pretrain_model/swin_tiny_224_b16x64_300e_imagenet_20210616_090925-66df6be6.pth 

backbone.stages.2.blocks.1.ffn.layers.0.0.bias - torch.Size([1536]): 
PretrainedInit: load from pretrain_model/swin_tiny_224_b16x64_300e_imagenet_20210616_090925-66df6be6.pth 

backbone.stages.2.blocks.1.ffn.layers.1.weight - torch.Size([384, 1536]): 
PretrainedInit: load from pretrain_model/swin_tiny_224_b16x64_300e_imagenet_20210616_090925-66df6be6.pth 

backbone.stages.2.blocks.1.ffn.layers.1.bias - torch.Size([384]): 
PretrainedInit: load from pretrain_model/swin_tiny_224_b16x64_300e_imagenet_20210616_090925-66df6be6.pth 

backbone.stages.2.blocks.2.norm1.weight - torch.Size([384]): 
PretrainedInit: load from pretrain_model/swin_tiny_224_b16x64_300e_imagenet_20210616_090925-66df6be6.pth 

backbone.stages.2.blocks.2.norm1.bias - torch.Size([384]): 
PretrainedInit: load from pretrain_model/swin_tiny_224_b16x64_300e_imagenet_20210616_090925-66df6be6.pth 

backbone.stages.2.blocks.2.attn.w_msa.relative_position_bias_table - torch.Size([169, 12]): 
PretrainedInit: load from pretrain_model/swin_tiny_224_b16x64_300e_imagenet_20210616_090925-66df6be6.pth 

backbone.stages.2.blocks.2.attn.w_msa.qkv.weight - torch.Size([1152, 384]): 
PretrainedInit: load from pretrain_model/swin_tiny_224_b16x64_300e_imagenet_20210616_090925-66df6be6.pth 

backbone.stages.2.blocks.2.attn.w_msa.qkv.bias - torch.Size([1152]): 
PretrainedInit: load from pretrain_model/swin_tiny_224_b16x64_300e_imagenet_20210616_090925-66df6be6.pth 

backbone.stages.2.blocks.2.attn.w_msa.proj.weight - torch.Size([384, 384]): 
PretrainedInit: load from pretrain_model/swin_tiny_224_b16x64_300e_imagenet_20210616_090925-66df6be6.pth 

backbone.stages.2.blocks.2.attn.w_msa.proj.bias - torch.Size([384]): 
PretrainedInit: load from pretrain_model/swin_tiny_224_b16x64_300e_imagenet_20210616_090925-66df6be6.pth 

backbone.stages.2.blocks.2.norm2.weight - torch.Size([384]): 
PretrainedInit: load from pretrain_model/swin_tiny_224_b16x64_300e_imagenet_20210616_090925-66df6be6.pth 

backbone.stages.2.blocks.2.norm2.bias - torch.Size([384]): 
PretrainedInit: load from pretrain_model/swin_tiny_224_b16x64_300e_imagenet_20210616_090925-66df6be6.pth 

backbone.stages.2.blocks.2.ffn.layers.0.0.weight - torch.Size([1536, 384]): 
PretrainedInit: load from pretrain_model/swin_tiny_224_b16x64_300e_imagenet_20210616_090925-66df6be6.pth 

backbone.stages.2.blocks.2.ffn.layers.0.0.bias - torch.Size([1536]): 
PretrainedInit: load from pretrain_model/swin_tiny_224_b16x64_300e_imagenet_20210616_090925-66df6be6.pth 

backbone.stages.2.blocks.2.ffn.layers.1.weight - torch.Size([384, 1536]): 
PretrainedInit: load from pretrain_model/swin_tiny_224_b16x64_300e_imagenet_20210616_090925-66df6be6.pth 

backbone.stages.2.blocks.2.ffn.layers.1.bias - torch.Size([384]): 
PretrainedInit: load from pretrain_model/swin_tiny_224_b16x64_300e_imagenet_20210616_090925-66df6be6.pth 

backbone.stages.2.blocks.3.norm1.weight - torch.Size([384]): 
PretrainedInit: load from pretrain_model/swin_tiny_224_b16x64_300e_imagenet_20210616_090925-66df6be6.pth 

backbone.stages.2.blocks.3.norm1.bias - torch.Size([384]): 
PretrainedInit: load from pretrain_model/swin_tiny_224_b16x64_300e_imagenet_20210616_090925-66df6be6.pth 

backbone.stages.2.blocks.3.attn.w_msa.relative_position_bias_table - torch.Size([169, 12]): 
PretrainedInit: load from pretrain_model/swin_tiny_224_b16x64_300e_imagenet_20210616_090925-66df6be6.pth 

backbone.stages.2.blocks.3.attn.w_msa.qkv.weight - torch.Size([1152, 384]): 
PretrainedInit: load from pretrain_model/swin_tiny_224_b16x64_300e_imagenet_20210616_090925-66df6be6.pth 

backbone.stages.2.blocks.3.attn.w_msa.qkv.bias - torch.Size([1152]): 
PretrainedInit: load from pretrain_model/swin_tiny_224_b16x64_300e_imagenet_20210616_090925-66df6be6.pth 

backbone.stages.2.blocks.3.attn.w_msa.proj.weight - torch.Size([384, 384]): 
PretrainedInit: load from pretrain_model/swin_tiny_224_b16x64_300e_imagenet_20210616_090925-66df6be6.pth 

backbone.stages.2.blocks.3.attn.w_msa.proj.bias - torch.Size([384]): 
PretrainedInit: load from pretrain_model/swin_tiny_224_b16x64_300e_imagenet_20210616_090925-66df6be6.pth 

backbone.stages.2.blocks.3.norm2.weight - torch.Size([384]): 
PretrainedInit: load from pretrain_model/swin_tiny_224_b16x64_300e_imagenet_20210616_090925-66df6be6.pth 

backbone.stages.2.blocks.3.norm2.bias - torch.Size([384]): 
PretrainedInit: load from pretrain_model/swin_tiny_224_b16x64_300e_imagenet_20210616_090925-66df6be6.pth 

backbone.stages.2.blocks.3.ffn.layers.0.0.weight - torch.Size([1536, 384]): 
PretrainedInit: load from pretrain_model/swin_tiny_224_b16x64_300e_imagenet_20210616_090925-66df6be6.pth 

backbone.stages.2.blocks.3.ffn.layers.0.0.bias - torch.Size([1536]): 
PretrainedInit: load from pretrain_model/swin_tiny_224_b16x64_300e_imagenet_20210616_090925-66df6be6.pth 

backbone.stages.2.blocks.3.ffn.layers.1.weight - torch.Size([384, 1536]): 
PretrainedInit: load from pretrain_model/swin_tiny_224_b16x64_300e_imagenet_20210616_090925-66df6be6.pth 

backbone.stages.2.blocks.3.ffn.layers.1.bias - torch.Size([384]): 
PretrainedInit: load from pretrain_model/swin_tiny_224_b16x64_300e_imagenet_20210616_090925-66df6be6.pth 

backbone.stages.2.blocks.4.norm1.weight - torch.Size([384]): 
PretrainedInit: load from pretrain_model/swin_tiny_224_b16x64_300e_imagenet_20210616_090925-66df6be6.pth 

backbone.stages.2.blocks.4.norm1.bias - torch.Size([384]): 
PretrainedInit: load from pretrain_model/swin_tiny_224_b16x64_300e_imagenet_20210616_090925-66df6be6.pth 

backbone.stages.2.blocks.4.attn.w_msa.relative_position_bias_table - torch.Size([169, 12]): 
PretrainedInit: load from pretrain_model/swin_tiny_224_b16x64_300e_imagenet_20210616_090925-66df6be6.pth 

backbone.stages.2.blocks.4.attn.w_msa.qkv.weight - torch.Size([1152, 384]): 
PretrainedInit: load from pretrain_model/swin_tiny_224_b16x64_300e_imagenet_20210616_090925-66df6be6.pth 

backbone.stages.2.blocks.4.attn.w_msa.qkv.bias - torch.Size([1152]): 
PretrainedInit: load from pretrain_model/swin_tiny_224_b16x64_300e_imagenet_20210616_090925-66df6be6.pth 

backbone.stages.2.blocks.4.attn.w_msa.proj.weight - torch.Size([384, 384]): 
PretrainedInit: load from pretrain_model/swin_tiny_224_b16x64_300e_imagenet_20210616_090925-66df6be6.pth 

backbone.stages.2.blocks.4.attn.w_msa.proj.bias - torch.Size([384]): 
PretrainedInit: load from pretrain_model/swin_tiny_224_b16x64_300e_imagenet_20210616_090925-66df6be6.pth 

backbone.stages.2.blocks.4.norm2.weight - torch.Size([384]): 
PretrainedInit: load from pretrain_model/swin_tiny_224_b16x64_300e_imagenet_20210616_090925-66df6be6.pth 

backbone.stages.2.blocks.4.norm2.bias - torch.Size([384]): 
PretrainedInit: load from pretrain_model/swin_tiny_224_b16x64_300e_imagenet_20210616_090925-66df6be6.pth 

backbone.stages.2.blocks.4.ffn.layers.0.0.weight - torch.Size([1536, 384]): 
PretrainedInit: load from pretrain_model/swin_tiny_224_b16x64_300e_imagenet_20210616_090925-66df6be6.pth 

backbone.stages.2.blocks.4.ffn.layers.0.0.bias - torch.Size([1536]): 
PretrainedInit: load from pretrain_model/swin_tiny_224_b16x64_300e_imagenet_20210616_090925-66df6be6.pth 

backbone.stages.2.blocks.4.ffn.layers.1.weight - torch.Size([384, 1536]): 
PretrainedInit: load from pretrain_model/swin_tiny_224_b16x64_300e_imagenet_20210616_090925-66df6be6.pth 

backbone.stages.2.blocks.4.ffn.layers.1.bias - torch.Size([384]): 
PretrainedInit: load from pretrain_model/swin_tiny_224_b16x64_300e_imagenet_20210616_090925-66df6be6.pth 

backbone.stages.2.blocks.5.norm1.weight - torch.Size([384]): 
PretrainedInit: load from pretrain_model/swin_tiny_224_b16x64_300e_imagenet_20210616_090925-66df6be6.pth 

backbone.stages.2.blocks.5.norm1.bias - torch.Size([384]): 
PretrainedInit: load from pretrain_model/swin_tiny_224_b16x64_300e_imagenet_20210616_090925-66df6be6.pth 

backbone.stages.2.blocks.5.attn.w_msa.relative_position_bias_table - torch.Size([169, 12]): 
PretrainedInit: load from pretrain_model/swin_tiny_224_b16x64_300e_imagenet_20210616_090925-66df6be6.pth 

backbone.stages.2.blocks.5.attn.w_msa.qkv.weight - torch.Size([1152, 384]): 
PretrainedInit: load from pretrain_model/swin_tiny_224_b16x64_300e_imagenet_20210616_090925-66df6be6.pth 

backbone.stages.2.blocks.5.attn.w_msa.qkv.bias - torch.Size([1152]): 
PretrainedInit: load from pretrain_model/swin_tiny_224_b16x64_300e_imagenet_20210616_090925-66df6be6.pth 

backbone.stages.2.blocks.5.attn.w_msa.proj.weight - torch.Size([384, 384]): 
PretrainedInit: load from pretrain_model/swin_tiny_224_b16x64_300e_imagenet_20210616_090925-66df6be6.pth 

backbone.stages.2.blocks.5.attn.w_msa.proj.bias - torch.Size([384]): 
PretrainedInit: load from pretrain_model/swin_tiny_224_b16x64_300e_imagenet_20210616_090925-66df6be6.pth 

backbone.stages.2.blocks.5.norm2.weight - torch.Size([384]): 
PretrainedInit: load from pretrain_model/swin_tiny_224_b16x64_300e_imagenet_20210616_090925-66df6be6.pth 

backbone.stages.2.blocks.5.norm2.bias - torch.Size([384]): 
PretrainedInit: load from pretrain_model/swin_tiny_224_b16x64_300e_imagenet_20210616_090925-66df6be6.pth 

backbone.stages.2.blocks.5.ffn.layers.0.0.weight - torch.Size([1536, 384]): 
PretrainedInit: load from pretrain_model/swin_tiny_224_b16x64_300e_imagenet_20210616_090925-66df6be6.pth 

backbone.stages.2.blocks.5.ffn.layers.0.0.bias - torch.Size([1536]): 
PretrainedInit: load from pretrain_model/swin_tiny_224_b16x64_300e_imagenet_20210616_090925-66df6be6.pth 

backbone.stages.2.blocks.5.ffn.layers.1.weight - torch.Size([384, 1536]): 
PretrainedInit: load from pretrain_model/swin_tiny_224_b16x64_300e_imagenet_20210616_090925-66df6be6.pth 

backbone.stages.2.blocks.5.ffn.layers.1.bias - torch.Size([384]): 
PretrainedInit: load from pretrain_model/swin_tiny_224_b16x64_300e_imagenet_20210616_090925-66df6be6.pth 

backbone.stages.2.downsample.norm.weight - torch.Size([1536]): 
PretrainedInit: load from pretrain_model/swin_tiny_224_b16x64_300e_imagenet_20210616_090925-66df6be6.pth 

backbone.stages.2.downsample.norm.bias - torch.Size([1536]): 
PretrainedInit: load from pretrain_model/swin_tiny_224_b16x64_300e_imagenet_20210616_090925-66df6be6.pth 

backbone.stages.2.downsample.reduction.weight - torch.Size([768, 1536]): 
PretrainedInit: load from pretrain_model/swin_tiny_224_b16x64_300e_imagenet_20210616_090925-66df6be6.pth 

backbone.stages.3.blocks.0.norm1.weight - torch.Size([768]): 
PretrainedInit: load from pretrain_model/swin_tiny_224_b16x64_300e_imagenet_20210616_090925-66df6be6.pth 

backbone.stages.3.blocks.0.norm1.bias - torch.Size([768]): 
PretrainedInit: load from pretrain_model/swin_tiny_224_b16x64_300e_imagenet_20210616_090925-66df6be6.pth 

backbone.stages.3.blocks.0.attn.w_msa.relative_position_bias_table - torch.Size([169, 24]): 
PretrainedInit: load from pretrain_model/swin_tiny_224_b16x64_300e_imagenet_20210616_090925-66df6be6.pth 

backbone.stages.3.blocks.0.attn.w_msa.qkv.weight - torch.Size([2304, 768]): 
PretrainedInit: load from pretrain_model/swin_tiny_224_b16x64_300e_imagenet_20210616_090925-66df6be6.pth 

backbone.stages.3.blocks.0.attn.w_msa.qkv.bias - torch.Size([2304]): 
PretrainedInit: load from pretrain_model/swin_tiny_224_b16x64_300e_imagenet_20210616_090925-66df6be6.pth 

backbone.stages.3.blocks.0.attn.w_msa.proj.weight - torch.Size([768, 768]): 
PretrainedInit: load from pretrain_model/swin_tiny_224_b16x64_300e_imagenet_20210616_090925-66df6be6.pth 

backbone.stages.3.blocks.0.attn.w_msa.proj.bias - torch.Size([768]): 
PretrainedInit: load from pretrain_model/swin_tiny_224_b16x64_300e_imagenet_20210616_090925-66df6be6.pth 

backbone.stages.3.blocks.0.norm2.weight - torch.Size([768]): 
PretrainedInit: load from pretrain_model/swin_tiny_224_b16x64_300e_imagenet_20210616_090925-66df6be6.pth 

backbone.stages.3.blocks.0.norm2.bias - torch.Size([768]): 
PretrainedInit: load from pretrain_model/swin_tiny_224_b16x64_300e_imagenet_20210616_090925-66df6be6.pth 

backbone.stages.3.blocks.0.ffn.layers.0.0.weight - torch.Size([3072, 768]): 
PretrainedInit: load from pretrain_model/swin_tiny_224_b16x64_300e_imagenet_20210616_090925-66df6be6.pth 

backbone.stages.3.blocks.0.ffn.layers.0.0.bias - torch.Size([3072]): 
PretrainedInit: load from pretrain_model/swin_tiny_224_b16x64_300e_imagenet_20210616_090925-66df6be6.pth 

backbone.stages.3.blocks.0.ffn.layers.1.weight - torch.Size([768, 3072]): 
PretrainedInit: load from pretrain_model/swin_tiny_224_b16x64_300e_imagenet_20210616_090925-66df6be6.pth 

backbone.stages.3.blocks.0.ffn.layers.1.bias - torch.Size([768]): 
PretrainedInit: load from pretrain_model/swin_tiny_224_b16x64_300e_imagenet_20210616_090925-66df6be6.pth 

backbone.stages.3.blocks.1.norm1.weight - torch.Size([768]): 
PretrainedInit: load from pretrain_model/swin_tiny_224_b16x64_300e_imagenet_20210616_090925-66df6be6.pth 

backbone.stages.3.blocks.1.norm1.bias - torch.Size([768]): 
PretrainedInit: load from pretrain_model/swin_tiny_224_b16x64_300e_imagenet_20210616_090925-66df6be6.pth 

backbone.stages.3.blocks.1.attn.w_msa.relative_position_bias_table - torch.Size([169, 24]): 
PretrainedInit: load from pretrain_model/swin_tiny_224_b16x64_300e_imagenet_20210616_090925-66df6be6.pth 

backbone.stages.3.blocks.1.attn.w_msa.qkv.weight - torch.Size([2304, 768]): 
PretrainedInit: load from pretrain_model/swin_tiny_224_b16x64_300e_imagenet_20210616_090925-66df6be6.pth 

backbone.stages.3.blocks.1.attn.w_msa.qkv.bias - torch.Size([2304]): 
PretrainedInit: load from pretrain_model/swin_tiny_224_b16x64_300e_imagenet_20210616_090925-66df6be6.pth 

backbone.stages.3.blocks.1.attn.w_msa.proj.weight - torch.Size([768, 768]): 
PretrainedInit: load from pretrain_model/swin_tiny_224_b16x64_300e_imagenet_20210616_090925-66df6be6.pth 

backbone.stages.3.blocks.1.attn.w_msa.proj.bias - torch.Size([768]): 
PretrainedInit: load from pretrain_model/swin_tiny_224_b16x64_300e_imagenet_20210616_090925-66df6be6.pth 

backbone.stages.3.blocks.1.norm2.weight - torch.Size([768]): 
PretrainedInit: load from pretrain_model/swin_tiny_224_b16x64_300e_imagenet_20210616_090925-66df6be6.pth 

backbone.stages.3.blocks.1.norm2.bias - torch.Size([768]): 
PretrainedInit: load from pretrain_model/swin_tiny_224_b16x64_300e_imagenet_20210616_090925-66df6be6.pth 

backbone.stages.3.blocks.1.ffn.layers.0.0.weight - torch.Size([3072, 768]): 
PretrainedInit: load from pretrain_model/swin_tiny_224_b16x64_300e_imagenet_20210616_090925-66df6be6.pth 

backbone.stages.3.blocks.1.ffn.layers.0.0.bias - torch.Size([3072]): 
PretrainedInit: load from pretrain_model/swin_tiny_224_b16x64_300e_imagenet_20210616_090925-66df6be6.pth 

backbone.stages.3.blocks.1.ffn.layers.1.weight - torch.Size([768, 3072]): 
PretrainedInit: load from pretrain_model/swin_tiny_224_b16x64_300e_imagenet_20210616_090925-66df6be6.pth 

backbone.stages.3.blocks.1.ffn.layers.1.bias - torch.Size([768]): 
PretrainedInit: load from pretrain_model/swin_tiny_224_b16x64_300e_imagenet_20210616_090925-66df6be6.pth 

backbone.norm3.weight - torch.Size([768]): 
PretrainedInit: load from pretrain_model/swin_tiny_224_b16x64_300e_imagenet_20210616_090925-66df6be6.pth 

backbone.norm3.bias - torch.Size([768]): 
PretrainedInit: load from pretrain_model/swin_tiny_224_b16x64_300e_imagenet_20210616_090925-66df6be6.pth 

head.fc.weight - torch.Size([2, 768]): 
TruncNormalInit: a=-2, b=2, mean=0, std=0.02, bias=0.0 

head.fc.bias - torch.Size([2]): 
TruncNormalInit: a=-2, b=2, mean=0, std=0.02, bias=0.0 
2023-11-03 12:50:47,525 - mmcls - INFO - Start running, host: root@8F-02-37u-AItest29, work_dir: /data4/lj/Classification/1.7/Classification/1.7/work_dirs/swin_tiny/Forgery_Detect
2023-11-03 12:50:47,525 - mmcls - INFO - Hooks will be executed in the following order:
before_run:
(VERY_HIGH   ) CosineAnnealingLrUpdaterHook       
(NORMAL      ) CheckpointHook                     
(LOW         ) EvalHook                           
(VERY_LOW    ) TextLoggerHook                     
 -------------------- 
before_train_epoch:
(VERY_HIGH   ) CosineAnnealingLrUpdaterHook       
(LOW         ) IterTimerHook                      
(LOW         ) EvalHook                           
(VERY_LOW    ) TextLoggerHook                     
 -------------------- 
before_train_iter:
(VERY_HIGH   ) CosineAnnealingLrUpdaterHook       
(LOW         ) IterTimerHook                      
(LOW         ) EvalHook                           
 -------------------- 
after_train_iter:
(ABOVE_NORMAL) OptimizerHook                      
(NORMAL      ) CheckpointHook                     
(LOW         ) IterTimerHook                      
(LOW         ) EvalHook                           
(VERY_LOW    ) TextLoggerHook                     
 -------------------- 
after_train_epoch:
(NORMAL      ) CheckpointHook                     
(LOW         ) EvalHook                           
(VERY_LOW    ) TextLoggerHook                     
 -------------------- 
before_val_epoch:
(LOW         ) IterTimerHook                      
(VERY_LOW    ) TextLoggerHook                     
 -------------------- 
before_val_iter:
(LOW         ) IterTimerHook                      
 -------------------- 
after_val_iter:
(LOW         ) IterTimerHook                      
 -------------------- 
after_val_epoch:
(VERY_LOW    ) TextLoggerHook                     
 -------------------- 
after_run:
(VERY_LOW    ) TextLoggerHook                     
 -------------------- 
2023-11-03 12:50:47,526 - mmcls - INFO - workflow: [('train', 1)], max: 150 epochs
2023-11-03 12:50:47,526 - mmcls - INFO - Checkpoints will be saved to /data4/lj/Classification/1.7/Classification/1.7/work_dirs/swin_tiny/Forgery_Detect by HardDiskBackend.
2023-11-03 12:51:56,968 - mmcls - INFO - Epoch [1][100/334]	lr: 1.581e-05, eta: 9:38:39, time: 0.694, data_time: 0.038, memory: 19022, loss: 0.1093, grad_norm: 0.7386
2023-11-03 12:53:01,624 - mmcls - INFO - Epoch [1][200/334]	lr: 3.076e-05, eta: 9:17:36, time: 0.647, data_time: 0.001, memory: 19022, loss: 0.0591, grad_norm: 0.9559
2023-11-03 12:54:06,421 - mmcls - INFO - Epoch [1][300/334]	lr: 4.571e-05, eta: 9:10:15, time: 0.648, data_time: 0.001, memory: 19022, loss: 0.0577, grad_norm: 0.8694
2023-11-03 12:55:36,624 - mmcls - INFO - Epoch [2][100/334]	lr: 6.574e-05, eta: 8:29:31, time: 0.683, data_time: 0.038, memory: 19022, loss: 0.0507, grad_norm: 1.0044
2023-11-03 12:56:41,479 - mmcls - INFO - Epoch [2][200/334]	lr: 8.069e-05, eta: 8:33:36, time: 0.649, data_time: 0.001, memory: 19022, loss: 0.0533, grad_norm: 0.8637
2023-11-03 12:57:46,326 - mmcls - INFO - Epoch [2][300/334]	lr: 9.563e-05, eta: 8:36:02, time: 0.648, data_time: 0.001, memory: 19022, loss: 0.0589, grad_norm: 0.8676
2023-11-03 12:59:16,605 - mmcls - INFO - Epoch [3][100/334]	lr: 1.156e-04, eta: 8:17:59, time: 0.683, data_time: 0.037, memory: 19022, loss: 0.0583, grad_norm: 0.6460
2023-11-03 13:00:21,437 - mmcls - INFO - Epoch [3][200/334]	lr: 1.306e-04, eta: 8:21:00, time: 0.648, data_time: 0.001, memory: 19022, loss: 0.0555, grad_norm: 0.5749
2023-11-03 13:01:26,235 - mmcls - INFO - Epoch [3][300/334]	lr: 1.455e-04, eta: 8:23:09, time: 0.648, data_time: 0.001, memory: 19022, loss: 0.0515, grad_norm: 0.6757
2023-11-03 13:02:56,576 - mmcls - INFO - Epoch [4][100/334]	lr: 1.655e-04, eta: 8:11:25, time: 0.684, data_time: 0.038, memory: 19022, loss: 0.0588, grad_norm: 0.5746
2023-11-03 13:04:01,372 - mmcls - INFO - Epoch [4][200/334]	lr: 1.804e-04, eta: 8:13:33, time: 0.648, data_time: 0.001, memory: 19022, loss: 0.0547, grad_norm: 0.5946
2023-11-03 13:05:06,080 - mmcls - INFO - Epoch [4][300/334]	lr: 1.952e-04, eta: 8:15:07, time: 0.647, data_time: 0.001, memory: 19022, loss: 0.0575, grad_norm: 0.6538
2023-11-03 13:06:36,188 - mmcls - INFO - Epoch [5][100/334]	lr: 2.152e-04, eta: 8:06:11, time: 0.682, data_time: 0.036, memory: 19022, loss: 0.0589, grad_norm: 0.5247
2023-11-03 13:07:40,877 - mmcls - INFO - Epoch [5][200/334]	lr: 2.300e-04, eta: 8:07:41, time: 0.647, data_time: 0.001, memory: 19022, loss: 0.0555, grad_norm: 0.5983
2023-11-03 13:08:45,603 - mmcls - INFO - Epoch [5][300/334]	lr: 2.449e-04, eta: 8:08:54, time: 0.647, data_time: 0.001, memory: 19022, loss: 0.0613, grad_norm: 0.5007
2023-11-03 13:10:16,023 - mmcls - INFO - Epoch [6][100/334]	lr: 2.647e-04, eta: 8:01:47, time: 0.685, data_time: 0.038, memory: 19022, loss: 0.0601, grad_norm: 0.4352
2023-11-03 13:11:20,766 - mmcls - INFO - Epoch [6][200/334]	lr: 2.796e-04, eta: 8:02:55, time: 0.647, data_time: 0.001, memory: 19022, loss: 0.0558, grad_norm: 0.4874
2023-11-03 13:12:25,295 - mmcls - INFO - Epoch [6][300/334]	lr: 2.944e-04, eta: 8:03:43, time: 0.645, data_time: 0.001, memory: 19022, loss: 0.0572, grad_norm: 0.4020
2023-11-03 13:13:54,994 - mmcls - INFO - Epoch [7][100/334]	lr: 3.141e-04, eta: 7:57:27, time: 0.678, data_time: 0.037, memory: 19022, loss: 0.0626, grad_norm: 0.4525
2023-11-03 13:14:59,671 - mmcls - INFO - Epoch [7][200/334]	lr: 3.289e-04, eta: 7:58:15, time: 0.647, data_time: 0.001, memory: 19022, loss: 0.0588, grad_norm: 0.4192
2023-11-03 13:16:04,049 - mmcls - INFO - Epoch [7][300/334]	lr: 3.436e-04, eta: 7:58:48, time: 0.644, data_time: 0.001, memory: 19022, loss: 0.0687, grad_norm: 0.4136
2023-11-03 13:17:33,811 - mmcls - INFO - Epoch [8][100/334]	lr: 3.633e-04, eta: 7:53:25, time: 0.681, data_time: 0.037, memory: 19022, loss: 0.0634, grad_norm: 0.4402
2023-11-03 13:18:38,456 - mmcls - INFO - Epoch [8][200/334]	lr: 3.780e-04, eta: 7:54:00, time: 0.646, data_time: 0.001, memory: 19022, loss: 0.0625, grad_norm: 0.3750
2023-11-03 13:19:43,132 - mmcls - INFO - Epoch [8][300/334]	lr: 3.927e-04, eta: 7:54:28, time: 0.647, data_time: 0.001, memory: 19022, loss: 0.0637, grad_norm: 0.4292
2023-11-03 13:21:13,275 - mmcls - INFO - Epoch [9][100/334]	lr: 4.123e-04, eta: 7:49:40, time: 0.682, data_time: 0.038, memory: 19022, loss: 0.0777, grad_norm: 0.5471
2023-11-03 13:22:17,954 - mmcls - INFO - Epoch [9][200/334]	lr: 4.269e-04, eta: 7:50:05, time: 0.647, data_time: 0.001, memory: 19022, loss: 0.0633, grad_norm: 0.3262
2023-11-03 13:23:22,656 - mmcls - INFO - Epoch [9][300/334]	lr: 4.415e-04, eta: 7:50:24, time: 0.647, data_time: 0.001, memory: 19022, loss: 0.0660, grad_norm: 0.3305
2023-11-03 13:24:53,034 - mmcls - INFO - Epoch [10][100/334]	lr: 4.610e-04, eta: 7:46:05, time: 0.684, data_time: 0.039, memory: 19022, loss: 0.0636, grad_norm: 0.3520
2023-11-03 13:25:57,707 - mmcls - INFO - Epoch [10][200/334]	lr: 4.755e-04, eta: 7:46:21, time: 0.647, data_time: 0.001, memory: 19022, loss: 0.0664, grad_norm: 0.3592
2023-11-03 13:27:02,418 - mmcls - INFO - Epoch [10][300/334]	lr: 4.900e-04, eta: 7:46:33, time: 0.647, data_time: 0.001, memory: 19022, loss: 0.0664, grad_norm: 0.3682
2023-11-03 13:27:33,361 - mmcls - INFO - Epoch(val) [10][38]	accuracy_top-1: 97.8417, accuracy_top-2: 100.0000
2023-11-03 13:28:41,361 - mmcls - INFO - Epoch [11][100/334]	lr: 5.094e-04, eta: 7:42:28, time: 0.680, data_time: 0.035, memory: 19022, loss: 0.0707, grad_norm: 0.3224
2023-11-03 13:29:45,959 - mmcls - INFO - Epoch [11][200/334]	lr: 5.238e-04, eta: 7:42:36, time: 0.646, data_time: 0.001, memory: 19022, loss: 0.0702, grad_norm: 0.3609
2023-11-03 13:30:50,661 - mmcls - INFO - Epoch [11][300/334]	lr: 5.382e-04, eta: 7:42:41, time: 0.647, data_time: 0.001, memory: 19022, loss: 0.0698, grad_norm: 0.2476
2023-11-03 13:32:20,825 - mmcls - INFO - Epoch [12][100/334]	lr: 5.575e-04, eta: 7:38:56, time: 0.683, data_time: 0.037, memory: 19022, loss: 0.0693, grad_norm: 0.2868
2023-11-03 13:33:25,490 - mmcls - INFO - Epoch [12][200/334]	lr: 5.718e-04, eta: 7:38:59, time: 0.647, data_time: 0.001, memory: 19022, loss: 0.0679, grad_norm: 0.3294
2023-11-03 13:34:30,099 - mmcls - INFO - Epoch [12][300/334]	lr: 5.861e-04, eta: 7:38:58, time: 0.646, data_time: 0.001, memory: 19022, loss: 0.0681, grad_norm: 0.3113
2023-11-03 13:36:00,145 - mmcls - INFO - Epoch [13][100/334]	lr: 6.052e-04, eta: 7:35:24, time: 0.681, data_time: 0.036, memory: 19022, loss: 0.0766, grad_norm: 0.3392
2023-11-03 13:37:04,785 - mmcls - INFO - Epoch [13][200/334]	lr: 6.194e-04, eta: 7:35:22, time: 0.646, data_time: 0.001, memory: 19022, loss: 0.0706, grad_norm: 0.2778
2023-11-03 13:38:09,451 - mmcls - INFO - Epoch [13][300/334]	lr: 6.335e-04, eta: 7:35:17, time: 0.647, data_time: 0.001, memory: 19022, loss: 0.0681, grad_norm: 0.2932
2023-11-03 13:39:39,630 - mmcls - INFO - Epoch [14][100/334]	lr: 6.525e-04, eta: 7:31:57, time: 0.682, data_time: 0.037, memory: 19022, loss: 0.0687, grad_norm: 0.2689
2023-11-03 13:40:44,299 - mmcls - INFO - Epoch [14][200/334]	lr: 6.666e-04, eta: 7:31:50, time: 0.647, data_time: 0.001, memory: 19022, loss: 0.0783, grad_norm: 0.2538
2023-11-03 13:41:48,922 - mmcls - INFO - Epoch [14][300/334]	lr: 6.806e-04, eta: 7:31:41, time: 0.646, data_time: 0.001, memory: 19022, loss: 0.0719, grad_norm: 0.2539
2023-11-03 13:43:19,014 - mmcls - INFO - Epoch [15][100/334]	lr: 6.994e-04, eta: 7:28:30, time: 0.682, data_time: 0.038, memory: 19022, loss: 0.0673, grad_norm: 0.2597
2023-11-03 13:44:23,611 - mmcls - INFO - Epoch [15][200/334]	lr: 7.133e-04, eta: 7:28:19, time: 0.646, data_time: 0.001, memory: 19022, loss: 0.0696, grad_norm: 0.2609
2023-11-03 13:45:28,259 - mmcls - INFO - Epoch [15][300/334]	lr: 7.272e-04, eta: 7:28:06, time: 0.646, data_time: 0.001, memory: 19022, loss: 0.0707, grad_norm: 0.2916
