2023-11-01 12:30:30,088 - mmcls - INFO - Environment info:
------------------------------------------------------------
sys.platform: linux
Python: 3.8.17 | packaged by conda-forge | (default, Jun 16 2023, 07:06:00) [GCC 11.4.0]
CUDA available: True
GPU 0: NVIDIA GeForce RTX 3090
CUDA_HOME: /usr/local/cuda-11.6
NVCC: Build cuda_11.6.r11.6/compiler.31057947_0
GCC: gcc (GCC) 7.3.0
PyTorch: 1.8.0+cu111
PyTorch compiling details: PyTorch built with:
  - GCC 7.3
  - C++ Version: 201402
  - Intel(R) Math Kernel Library Version 2020.0.0 Product Build 20191122 for Intel(R) 64 architecture applications
  - Intel(R) MKL-DNN v1.7.0 (Git Hash 7aed236906b1f7a05c0917e5257a1af05e9ff683)
  - OpenMP 201511 (a.k.a. OpenMP 4.5)
  - NNPACK is enabled
  - CPU capability usage: AVX2
  - CUDA Runtime 11.1
  - NVCC architecture flags: -gencode;arch=compute_37,code=sm_37;-gencode;arch=compute_50,code=sm_50;-gencode;arch=compute_60,code=sm_60;-gencode;arch=compute_70,code=sm_70;-gencode;arch=compute_75,code=sm_75;-gencode;arch=compute_80,code=sm_80;-gencode;arch=compute_86,code=sm_86
  - CuDNN 8.0.5
  - Magma 2.5.2
  - Build settings: BLAS_INFO=mkl, BUILD_TYPE=Release, CUDA_VERSION=11.1, CUDNN_VERSION=8.0.5, CXX_COMPILER=/opt/rh/devtoolset-7/root/usr/bin/c++, CXX_FLAGS= -Wno-deprecated -fvisibility-inlines-hidden -DUSE_PTHREADPOOL -fopenmp -DNDEBUG -DUSE_KINETO -DUSE_FBGEMM -DUSE_QNNPACK -DUSE_PYTORCH_QNNPACK -DUSE_XNNPACK -O2 -fPIC -Wno-narrowing -Wall -Wextra -Werror=return-type -Wno-missing-field-initializers -Wno-type-limits -Wno-array-bounds -Wno-unknown-pragmas -Wno-sign-compare -Wno-unused-parameter -Wno-unused-variable -Wno-unused-function -Wno-unused-result -Wno-unused-local-typedefs -Wno-strict-overflow -Wno-strict-aliasing -Wno-error=deprecated-declarations -Wno-stringop-overflow -Wno-psabi -Wno-error=pedantic -Wno-error=redundant-decls -Wno-error=old-style-cast -fdiagnostics-color=always -faligned-new -Wno-unused-but-set-variable -Wno-maybe-uninitialized -fno-math-errno -fno-trapping-math -Werror=format -Wno-stringop-overflow, LAPACK_INFO=mkl, PERF_WITH_AVX=1, PERF_WITH_AVX2=1, PERF_WITH_AVX512=1, TORCH_VERSION=1.8.0, USE_CUDA=ON, USE_CUDNN=ON, USE_EXCEPTION_PTR=1, USE_GFLAGS=OFF, USE_GLOG=OFF, USE_MKL=ON, USE_MKLDNN=ON, USE_MPI=OFF, USE_NCCL=ON, USE_NNPACK=ON, USE_OPENMP=ON, 

TorchVision: 0.9.0+cu111
OpenCV: 4.8.0
MMCV: 1.4.2
MMCV Compiler: n/a
MMCV CUDA Compiler: n/a
MMClassification: 0.24.0+
------------------------------------------------------------

2023-11-01 12:30:30,088 - mmcls - INFO - Distributed training: False
2023-11-01 12:30:31,340 - mmcls - INFO - Config:
model = dict(
    type='ImageClassifier',
    backbone=dict(
        type='SwinTransformer',
        arch='tiny',
        init_cfg=dict(
            type='Pretrained',
            checkpoint=
            '/data4/lj/Classification/1.7/work_dirs/swin_tiny/Experience3/Test_Cluster/best_accuracy_top-1_epoch_36.pth',
            prefix='backbone'),
        img_size=224,
        drop_path_rate=0.2),
    neck=dict(type='GlobalAveragePooling'),
    head=dict(
        type='LinearClsHead',
        num_classes=149,
        in_channels=768,
        init_cfg=None,
        loss=dict(
            type='LabelSmoothLoss',
            label_smooth_val=0.1,
            mode='original',
            loss_weight=[
                0.5, 1, 1, 1, 1, 1, 1, 1, 1, 1, 1, 1, 1, 1, 1, 1, 1, 1, 1, 1,
                1, 1, 1, 1, 1, 1, 1, 1, 1, 1, 1, 1, 1, 1, 1, 1, 1, 1, 1, 1, 1,
                1, 1, 1, 1, 1, 1, 1, 1, 1, 1, 1, 1, 1, 1, 1, 1, 1, 1, 1, 1, 1,
                1, 1, 1, 1, 1, 1, 1, 1, 1, 1, 1, 1, 1, 1, 1, 1, 1, 1, 1, 1, 1,
                1, 1, 1, 1, 1, 1, 1, 1, 1, 1, 1, 1, 1, 1, 1, 1, 1, 1, 1, 1, 1,
                1, 1, 1, 1, 1, 1, 1, 1, 1, 1, 1, 1, 1, 1, 1, 1, 1, 1, 1, 1, 1,
                1, 1, 1, 1, 1, 1, 1, 1, 1, 1, 1, 1, 1, 1, 1, 1, 1, 1, 1, 1, 1,
                1, 1, 1
            ]),
        cal_acc=False),
    init_cfg=[
        dict(type='TruncNormal', layer='Linear', std=0.02, bias=0.0),
        dict(type='Constant', layer='LayerNorm', val=1.0, bias=0.0)
    ],
    train_cfg=dict(augments=[
        dict(type='BatchMixup', alpha=0.8, num_classes=149, prob=0.5),
        dict(type='BatchCutMix', alpha=1.0, num_classes=149, prob=0.5)
    ]))
rand_increasing_policies = [
    dict(type='AutoContrast'),
    dict(type='Equalize'),
    dict(type='Invert'),
    dict(type='Rotate', magnitude_key='angle', magnitude_range=(0, 90)),
    dict(type='Posterize', magnitude_key='bits', magnitude_range=(4, 0)),
    dict(type='Solarize', magnitude_key='thr', magnitude_range=(256, 0)),
    dict(
        type='SolarizeAdd',
        magnitude_key='magnitude',
        magnitude_range=(0, 110)),
    dict(
        type='ColorTransform',
        magnitude_key='magnitude',
        magnitude_range=(0, 0.9)),
    dict(type='Contrast', magnitude_key='magnitude', magnitude_range=(0, 0.9)),
    dict(
        type='Brightness', magnitude_key='magnitude',
        magnitude_range=(0, 0.9)),
    dict(
        type='Sharpness', magnitude_key='magnitude', magnitude_range=(0, 0.9)),
    dict(
        type='Shear',
        magnitude_key='magnitude',
        magnitude_range=(0, 0.3),
        direction='horizontal'),
    dict(
        type='Shear',
        magnitude_key='magnitude',
        magnitude_range=(0, 0.3),
        direction='vertical'),
    dict(
        type='Translate',
        magnitude_key='magnitude',
        magnitude_range=(0, 0.45),
        direction='horizontal'),
    dict(
        type='Translate',
        magnitude_key='magnitude',
        magnitude_range=(0, 0.45),
        direction='vertical')
]
dataset_type = 'CustomDataset'
img_norm_cfg = dict(
    mean=[123.675, 116.28, 103.53], std=[58.395, 57.12, 57.375], to_rgb=True)
train_pipeline = [
    dict(type='LoadImageFromFile'),
    dict(type='RandomFlip', flip_prob=0.5, direction='horizontal'),
    dict(
        type='RandAugment',
        policies=[
            dict(type='AutoContrast'),
            dict(type='Equalize'),
            dict(type='Invert'),
            dict(
                type='Rotate', magnitude_key='angle', magnitude_range=(0, 90)),
            dict(
                type='Posterize', magnitude_key='bits',
                magnitude_range=(4, 0)),
            dict(
                type='Solarize', magnitude_key='thr',
                magnitude_range=(256, 0)),
            dict(
                type='SolarizeAdd',
                magnitude_key='magnitude',
                magnitude_range=(0, 110)),
            dict(
                type='ColorTransform',
                magnitude_key='magnitude',
                magnitude_range=(0, 0.9)),
            dict(
                type='Contrast',
                magnitude_key='magnitude',
                magnitude_range=(0, 0.9)),
            dict(
                type='Brightness',
                magnitude_key='magnitude',
                magnitude_range=(0, 0.9)),
            dict(
                type='Sharpness',
                magnitude_key='magnitude',
                magnitude_range=(0, 0.9)),
            dict(
                type='Shear',
                magnitude_key='magnitude',
                magnitude_range=(0, 0.5),
                direction='horizontal'),
            dict(
                type='Shear',
                magnitude_key='magnitude',
                magnitude_range=(0, 0.5),
                direction='vertical'),
            dict(
                type='Translate',
                magnitude_key='magnitude',
                magnitude_range=(0, 0.45),
                direction='horizontal'),
            dict(
                type='Translate',
                magnitude_key='magnitude',
                magnitude_range=(0, 0.45),
                direction='vertical')
        ],
        num_policies=2,
        total_level=10,
        magnitude_level=9,
        magnitude_std=0.5,
        hparams=dict(pad_val=[104, 116, 124], interpolation='bicubic')),
    dict(
        type='RandomErasing',
        erase_prob=0.25,
        mode='rand',
        min_area_ratio=0.02,
        max_area_ratio=0.3333333333333333,
        fill_color=[103.53, 116.28, 123.675],
        fill_std=[57.375, 57.12, 58.395]),
    dict(
        type='Normalize',
        mean=[123.675, 116.28, 103.53],
        std=[58.395, 57.12, 57.375],
        to_rgb=True),
    dict(type='ImageToTensor', keys=['img']),
    dict(type='ToTensor', keys=['gt_label']),
    dict(type='Collect', keys=['img', 'gt_label'])
]
test_pipeline = [
    dict(type='LoadImageFromFile'),
    dict(
        type='Normalize',
        mean=[123.675, 116.28, 103.53],
        std=[58.395, 57.12, 57.375],
        to_rgb=True),
    dict(type='ImageToTensor', keys=['img']),
    dict(type='Collect', keys=['img'])
]
data = dict(
    samples_per_gpu=150,
    workers_per_gpu=4,
    train=dict(
        type='CustomDataset',
        data_prefix='/data4/lj/Dataset/TongYi/Cls_Standard',
        pipeline=[
            dict(type='LoadImageFromFile'),
            dict(type='Jie_Pad', pad_size_h=224, pad_size_w=224),
            dict(type='RandomFlip', flip_prob=0.5, direction='horizontal'),
            dict(
                type='RandAugment',
                policies=[
                    dict(type='AutoContrast'),
                    dict(type='Equalize'),
                    dict(type='Invert'),
                    dict(
                        type='Rotate',
                        magnitude_key='angle',
                        magnitude_range=(0, 180)),
                    dict(
                        type='Posterize',
                        magnitude_key='bits',
                        magnitude_range=(4, 0)),
                    dict(
                        type='Solarize',
                        magnitude_key='thr',
                        magnitude_range=(256, 0)),
                    dict(
                        type='SolarizeAdd',
                        magnitude_key='magnitude',
                        magnitude_range=(0, 110)),
                    dict(
                        type='ColorTransform',
                        magnitude_key='magnitude',
                        magnitude_range=(0, 0.9)),
                    dict(
                        type='Contrast',
                        magnitude_key='magnitude',
                        magnitude_range=(0, 0.9)),
                    dict(
                        type='Brightness',
                        magnitude_key='magnitude',
                        magnitude_range=(0, 0.9)),
                    dict(
                        type='Sharpness',
                        magnitude_key='magnitude',
                        magnitude_range=(0, 0.9)),
                    dict(
                        type='Shear',
                        magnitude_key='magnitude',
                        magnitude_range=(0, 0.7),
                        direction='horizontal'),
                    dict(
                        type='Shear',
                        magnitude_key='magnitude',
                        magnitude_range=(0, 0.7),
                        direction='vertical'),
                    dict(
                        type='Translate',
                        magnitude_key='magnitude',
                        magnitude_range=(0, 0.45),
                        direction='horizontal'),
                    dict(
                        type='Translate',
                        magnitude_key='magnitude',
                        magnitude_range=(0, 0.45),
                        direction='vertical')
                ],
                num_policies=2,
                total_level=10,
                magnitude_level=9,
                magnitude_std=0.5,
                hparams=dict(pad_val=[104, 116, 124],
                             interpolation='bicubic')),
            dict(
                type='RandomErasing',
                erase_prob=0.25,
                mode='rand',
                min_area_ratio=0.02,
                max_area_ratio=0.3333333333333333,
                fill_color=[103.53, 116.28, 123.675],
                fill_std=[57.375, 57.12, 58.395]),
            dict(
                type='Normalize',
                mean=[123.675, 116.28, 103.53],
                std=[58.395, 57.12, 57.375],
                to_rgb=True),
            dict(type='ImageToTensor', keys=['img']),
            dict(type='ToTensor', keys=['gt_label']),
            dict(type='Collect', keys=['img', 'gt_label'])
        ]),
    val=dict(
        type='CustomDataset',
        data_prefix='/data4/lj/Dataset/TongYi/cls_test',
        pipeline=[
            dict(type='LoadImageFromFile'),
            dict(type='Jie_Pad', pad_size_h=224, pad_size_w=224),
            dict(
                type='Normalize',
                mean=[123.675, 116.28, 103.53],
                std=[58.395, 57.12, 57.375],
                to_rgb=True),
            dict(type='ImageToTensor', keys=['img']),
            dict(type='Collect', keys=['img'])
        ]),
    test=dict(
        type='CustomDataset',
        data_prefix='/data4/lj/Dataset/TongYi/cls_test',
        pipeline=[
            dict(type='LoadImageFromFile'),
            dict(type='Jie_Pad', pad_size_h=224, pad_size_w=224),
            dict(
                type='Normalize',
                mean=[123.675, 116.28, 103.53],
                std=[58.395, 57.12, 57.375],
                to_rgb=True),
            dict(type='ImageToTensor', keys=['img']),
            dict(type='Collect', keys=['img'])
        ]))
evaluation = dict(interval=10, metric='accuracy')
paramwise_cfg = dict(
    norm_decay_mult=0.0,
    bias_decay_mult=0.0,
    custom_keys=dict({
        '.absolute_pos_embed': dict(decay_mult=0.0),
        '.relative_position_bias_table': dict(decay_mult=0.0)
    }))
optimizer = dict(
    type='AdamW',
    lr=0.001,
    weight_decay=0.05,
    eps=1e-08,
    betas=(0.9, 0.999),
    paramwise_cfg=dict(
        norm_decay_mult=0.0,
        bias_decay_mult=0.0,
        custom_keys=dict({
            '.absolute_pos_embed': dict(decay_mult=0.0),
            '.relative_position_bias_table': dict(decay_mult=0.0)
        })))
optimizer_config = dict(grad_clip=dict(max_norm=5.0))
lr_config = dict(
    policy='CosineAnnealing',
    by_epoch=False,
    min_lr_ratio=0.01,
    warmup='linear',
    warmup_ratio=0.001,
    warmup_iters=20,
    warmup_by_epoch=True)
runner = dict(type='EpochBasedRunner', max_epochs=150)
checkpoint_config = dict(interval=30, save_optimizer=True)
log_config = dict(interval=100, hooks=[dict(type='TextLoggerHook')])
dist_params = dict(backend='nccl')
log_level = 'INFO'
load_from = None
resume_from = None
workflow = [('train', 1)]
work_dir = '/data4/lj/Classification/1.7/work_dirs/swin_tiny/Tongyi/0_5'
gpu_ids = [0]

2023-11-01 12:30:31,342 - mmcls - INFO - Set random seed to 904488063, deterministic: False
2023-11-01 12:30:36,757 - mmcls - INFO - initialize ImageClassifier with init_cfg [{'type': 'TruncNormal', 'layer': 'Linear', 'std': 0.02, 'bias': 0.0}, {'type': 'Constant', 'layer': 'LayerNorm', 'val': 1.0, 'bias': 0.0}]
2023-11-01 12:30:37,025 - mmcls - INFO - initialize SwinTransformer with init_cfg {'type': 'Pretrained', 'checkpoint': '/data4/lj/Classification/1.7/work_dirs/swin_tiny/Experience3/Test_Cluster/best_accuracy_top-1_epoch_36.pth', 'prefix': 'backbone'}
2023-11-01 12:30:37,491 - mmcls - INFO - Resize the relative_position_bias_table from torch.Size([49, 3]) to torch.Size([169, 3])
2023-11-01 12:30:37,492 - mmcls - INFO - Resize the relative_position_bias_table from torch.Size([49, 3]) to torch.Size([169, 3])
2023-11-01 12:30:37,494 - mmcls - INFO - Resize the relative_position_bias_table from torch.Size([49, 6]) to torch.Size([169, 6])
2023-11-01 12:30:37,496 - mmcls - INFO - Resize the relative_position_bias_table from torch.Size([49, 6]) to torch.Size([169, 6])
2023-11-01 12:30:37,500 - mmcls - INFO - Resize the relative_position_bias_table from torch.Size([49, 12]) to torch.Size([169, 12])
2023-11-01 12:30:37,504 - mmcls - INFO - Resize the relative_position_bias_table from torch.Size([49, 12]) to torch.Size([169, 12])
2023-11-01 12:30:37,508 - mmcls - INFO - Resize the relative_position_bias_table from torch.Size([49, 12]) to torch.Size([169, 12])
2023-11-01 12:30:37,512 - mmcls - INFO - Resize the relative_position_bias_table from torch.Size([49, 12]) to torch.Size([169, 12])
2023-11-01 12:30:37,515 - mmcls - INFO - Resize the relative_position_bias_table from torch.Size([49, 12]) to torch.Size([169, 12])
2023-11-01 12:30:37,519 - mmcls - INFO - Resize the relative_position_bias_table from torch.Size([49, 12]) to torch.Size([169, 12])
2023-11-01 12:30:37,525 - mmcls - INFO - Resize the relative_position_bias_table from torch.Size([49, 24]) to torch.Size([169, 24])
2023-11-01 12:30:37,532 - mmcls - INFO - Resize the relative_position_bias_table from torch.Size([49, 24]) to torch.Size([169, 24])
Name of parameter - Initialization information

backbone.patch_embed.projection.weight - torch.Size([96, 3, 4, 4]): 
PretrainedInit: load from /data4/lj/Classification/1.7/work_dirs/swin_tiny/Experience3/Test_Cluster/best_accuracy_top-1_epoch_36.pth 

backbone.patch_embed.projection.bias - torch.Size([96]): 
PretrainedInit: load from /data4/lj/Classification/1.7/work_dirs/swin_tiny/Experience3/Test_Cluster/best_accuracy_top-1_epoch_36.pth 

backbone.patch_embed.norm.weight - torch.Size([96]): 
PretrainedInit: load from /data4/lj/Classification/1.7/work_dirs/swin_tiny/Experience3/Test_Cluster/best_accuracy_top-1_epoch_36.pth 

backbone.patch_embed.norm.bias - torch.Size([96]): 
PretrainedInit: load from /data4/lj/Classification/1.7/work_dirs/swin_tiny/Experience3/Test_Cluster/best_accuracy_top-1_epoch_36.pth 

backbone.stages.0.blocks.0.norm1.weight - torch.Size([96]): 
PretrainedInit: load from /data4/lj/Classification/1.7/work_dirs/swin_tiny/Experience3/Test_Cluster/best_accuracy_top-1_epoch_36.pth 

backbone.stages.0.blocks.0.norm1.bias - torch.Size([96]): 
PretrainedInit: load from /data4/lj/Classification/1.7/work_dirs/swin_tiny/Experience3/Test_Cluster/best_accuracy_top-1_epoch_36.pth 

backbone.stages.0.blocks.0.attn.w_msa.relative_position_bias_table - torch.Size([169, 3]): 
PretrainedInit: load from /data4/lj/Classification/1.7/work_dirs/swin_tiny/Experience3/Test_Cluster/best_accuracy_top-1_epoch_36.pth 

backbone.stages.0.blocks.0.attn.w_msa.qkv.weight - torch.Size([288, 96]): 
PretrainedInit: load from /data4/lj/Classification/1.7/work_dirs/swin_tiny/Experience3/Test_Cluster/best_accuracy_top-1_epoch_36.pth 

backbone.stages.0.blocks.0.attn.w_msa.qkv.bias - torch.Size([288]): 
PretrainedInit: load from /data4/lj/Classification/1.7/work_dirs/swin_tiny/Experience3/Test_Cluster/best_accuracy_top-1_epoch_36.pth 

backbone.stages.0.blocks.0.attn.w_msa.proj.weight - torch.Size([96, 96]): 
PretrainedInit: load from /data4/lj/Classification/1.7/work_dirs/swin_tiny/Experience3/Test_Cluster/best_accuracy_top-1_epoch_36.pth 

backbone.stages.0.blocks.0.attn.w_msa.proj.bias - torch.Size([96]): 
PretrainedInit: load from /data4/lj/Classification/1.7/work_dirs/swin_tiny/Experience3/Test_Cluster/best_accuracy_top-1_epoch_36.pth 

backbone.stages.0.blocks.0.norm2.weight - torch.Size([96]): 
PretrainedInit: load from /data4/lj/Classification/1.7/work_dirs/swin_tiny/Experience3/Test_Cluster/best_accuracy_top-1_epoch_36.pth 

backbone.stages.0.blocks.0.norm2.bias - torch.Size([96]): 
PretrainedInit: load from /data4/lj/Classification/1.7/work_dirs/swin_tiny/Experience3/Test_Cluster/best_accuracy_top-1_epoch_36.pth 

backbone.stages.0.blocks.0.ffn.layers.0.0.weight - torch.Size([384, 96]): 
PretrainedInit: load from /data4/lj/Classification/1.7/work_dirs/swin_tiny/Experience3/Test_Cluster/best_accuracy_top-1_epoch_36.pth 

backbone.stages.0.blocks.0.ffn.layers.0.0.bias - torch.Size([384]): 
PretrainedInit: load from /data4/lj/Classification/1.7/work_dirs/swin_tiny/Experience3/Test_Cluster/best_accuracy_top-1_epoch_36.pth 

backbone.stages.0.blocks.0.ffn.layers.1.weight - torch.Size([96, 384]): 
PretrainedInit: load from /data4/lj/Classification/1.7/work_dirs/swin_tiny/Experience3/Test_Cluster/best_accuracy_top-1_epoch_36.pth 

backbone.stages.0.blocks.0.ffn.layers.1.bias - torch.Size([96]): 
PretrainedInit: load from /data4/lj/Classification/1.7/work_dirs/swin_tiny/Experience3/Test_Cluster/best_accuracy_top-1_epoch_36.pth 

backbone.stages.0.blocks.1.norm1.weight - torch.Size([96]): 
PretrainedInit: load from /data4/lj/Classification/1.7/work_dirs/swin_tiny/Experience3/Test_Cluster/best_accuracy_top-1_epoch_36.pth 

backbone.stages.0.blocks.1.norm1.bias - torch.Size([96]): 
PretrainedInit: load from /data4/lj/Classification/1.7/work_dirs/swin_tiny/Experience3/Test_Cluster/best_accuracy_top-1_epoch_36.pth 

backbone.stages.0.blocks.1.attn.w_msa.relative_position_bias_table - torch.Size([169, 3]): 
PretrainedInit: load from /data4/lj/Classification/1.7/work_dirs/swin_tiny/Experience3/Test_Cluster/best_accuracy_top-1_epoch_36.pth 

backbone.stages.0.blocks.1.attn.w_msa.qkv.weight - torch.Size([288, 96]): 
PretrainedInit: load from /data4/lj/Classification/1.7/work_dirs/swin_tiny/Experience3/Test_Cluster/best_accuracy_top-1_epoch_36.pth 

backbone.stages.0.blocks.1.attn.w_msa.qkv.bias - torch.Size([288]): 
PretrainedInit: load from /data4/lj/Classification/1.7/work_dirs/swin_tiny/Experience3/Test_Cluster/best_accuracy_top-1_epoch_36.pth 

backbone.stages.0.blocks.1.attn.w_msa.proj.weight - torch.Size([96, 96]): 
PretrainedInit: load from /data4/lj/Classification/1.7/work_dirs/swin_tiny/Experience3/Test_Cluster/best_accuracy_top-1_epoch_36.pth 

backbone.stages.0.blocks.1.attn.w_msa.proj.bias - torch.Size([96]): 
PretrainedInit: load from /data4/lj/Classification/1.7/work_dirs/swin_tiny/Experience3/Test_Cluster/best_accuracy_top-1_epoch_36.pth 

backbone.stages.0.blocks.1.norm2.weight - torch.Size([96]): 
PretrainedInit: load from /data4/lj/Classification/1.7/work_dirs/swin_tiny/Experience3/Test_Cluster/best_accuracy_top-1_epoch_36.pth 

backbone.stages.0.blocks.1.norm2.bias - torch.Size([96]): 
PretrainedInit: load from /data4/lj/Classification/1.7/work_dirs/swin_tiny/Experience3/Test_Cluster/best_accuracy_top-1_epoch_36.pth 

backbone.stages.0.blocks.1.ffn.layers.0.0.weight - torch.Size([384, 96]): 
PretrainedInit: load from /data4/lj/Classification/1.7/work_dirs/swin_tiny/Experience3/Test_Cluster/best_accuracy_top-1_epoch_36.pth 

backbone.stages.0.blocks.1.ffn.layers.0.0.bias - torch.Size([384]): 
PretrainedInit: load from /data4/lj/Classification/1.7/work_dirs/swin_tiny/Experience3/Test_Cluster/best_accuracy_top-1_epoch_36.pth 

backbone.stages.0.blocks.1.ffn.layers.1.weight - torch.Size([96, 384]): 
PretrainedInit: load from /data4/lj/Classification/1.7/work_dirs/swin_tiny/Experience3/Test_Cluster/best_accuracy_top-1_epoch_36.pth 

backbone.stages.0.blocks.1.ffn.layers.1.bias - torch.Size([96]): 
PretrainedInit: load from /data4/lj/Classification/1.7/work_dirs/swin_tiny/Experience3/Test_Cluster/best_accuracy_top-1_epoch_36.pth 

backbone.stages.0.downsample.norm.weight - torch.Size([384]): 
PretrainedInit: load from /data4/lj/Classification/1.7/work_dirs/swin_tiny/Experience3/Test_Cluster/best_accuracy_top-1_epoch_36.pth 

backbone.stages.0.downsample.norm.bias - torch.Size([384]): 
PretrainedInit: load from /data4/lj/Classification/1.7/work_dirs/swin_tiny/Experience3/Test_Cluster/best_accuracy_top-1_epoch_36.pth 

backbone.stages.0.downsample.reduction.weight - torch.Size([192, 384]): 
PretrainedInit: load from /data4/lj/Classification/1.7/work_dirs/swin_tiny/Experience3/Test_Cluster/best_accuracy_top-1_epoch_36.pth 

backbone.stages.1.blocks.0.norm1.weight - torch.Size([192]): 
PretrainedInit: load from /data4/lj/Classification/1.7/work_dirs/swin_tiny/Experience3/Test_Cluster/best_accuracy_top-1_epoch_36.pth 

backbone.stages.1.blocks.0.norm1.bias - torch.Size([192]): 
PretrainedInit: load from /data4/lj/Classification/1.7/work_dirs/swin_tiny/Experience3/Test_Cluster/best_accuracy_top-1_epoch_36.pth 

backbone.stages.1.blocks.0.attn.w_msa.relative_position_bias_table - torch.Size([169, 6]): 
PretrainedInit: load from /data4/lj/Classification/1.7/work_dirs/swin_tiny/Experience3/Test_Cluster/best_accuracy_top-1_epoch_36.pth 

backbone.stages.1.blocks.0.attn.w_msa.qkv.weight - torch.Size([576, 192]): 
PretrainedInit: load from /data4/lj/Classification/1.7/work_dirs/swin_tiny/Experience3/Test_Cluster/best_accuracy_top-1_epoch_36.pth 

backbone.stages.1.blocks.0.attn.w_msa.qkv.bias - torch.Size([576]): 
PretrainedInit: load from /data4/lj/Classification/1.7/work_dirs/swin_tiny/Experience3/Test_Cluster/best_accuracy_top-1_epoch_36.pth 

backbone.stages.1.blocks.0.attn.w_msa.proj.weight - torch.Size([192, 192]): 
PretrainedInit: load from /data4/lj/Classification/1.7/work_dirs/swin_tiny/Experience3/Test_Cluster/best_accuracy_top-1_epoch_36.pth 

backbone.stages.1.blocks.0.attn.w_msa.proj.bias - torch.Size([192]): 
PretrainedInit: load from /data4/lj/Classification/1.7/work_dirs/swin_tiny/Experience3/Test_Cluster/best_accuracy_top-1_epoch_36.pth 

backbone.stages.1.blocks.0.norm2.weight - torch.Size([192]): 
PretrainedInit: load from /data4/lj/Classification/1.7/work_dirs/swin_tiny/Experience3/Test_Cluster/best_accuracy_top-1_epoch_36.pth 

backbone.stages.1.blocks.0.norm2.bias - torch.Size([192]): 
PretrainedInit: load from /data4/lj/Classification/1.7/work_dirs/swin_tiny/Experience3/Test_Cluster/best_accuracy_top-1_epoch_36.pth 

backbone.stages.1.blocks.0.ffn.layers.0.0.weight - torch.Size([768, 192]): 
PretrainedInit: load from /data4/lj/Classification/1.7/work_dirs/swin_tiny/Experience3/Test_Cluster/best_accuracy_top-1_epoch_36.pth 

backbone.stages.1.blocks.0.ffn.layers.0.0.bias - torch.Size([768]): 
PretrainedInit: load from /data4/lj/Classification/1.7/work_dirs/swin_tiny/Experience3/Test_Cluster/best_accuracy_top-1_epoch_36.pth 

backbone.stages.1.blocks.0.ffn.layers.1.weight - torch.Size([192, 768]): 
PretrainedInit: load from /data4/lj/Classification/1.7/work_dirs/swin_tiny/Experience3/Test_Cluster/best_accuracy_top-1_epoch_36.pth 

backbone.stages.1.blocks.0.ffn.layers.1.bias - torch.Size([192]): 
PretrainedInit: load from /data4/lj/Classification/1.7/work_dirs/swin_tiny/Experience3/Test_Cluster/best_accuracy_top-1_epoch_36.pth 

backbone.stages.1.blocks.1.norm1.weight - torch.Size([192]): 
PretrainedInit: load from /data4/lj/Classification/1.7/work_dirs/swin_tiny/Experience3/Test_Cluster/best_accuracy_top-1_epoch_36.pth 

backbone.stages.1.blocks.1.norm1.bias - torch.Size([192]): 
PretrainedInit: load from /data4/lj/Classification/1.7/work_dirs/swin_tiny/Experience3/Test_Cluster/best_accuracy_top-1_epoch_36.pth 

backbone.stages.1.blocks.1.attn.w_msa.relative_position_bias_table - torch.Size([169, 6]): 
PretrainedInit: load from /data4/lj/Classification/1.7/work_dirs/swin_tiny/Experience3/Test_Cluster/best_accuracy_top-1_epoch_36.pth 

backbone.stages.1.blocks.1.attn.w_msa.qkv.weight - torch.Size([576, 192]): 
PretrainedInit: load from /data4/lj/Classification/1.7/work_dirs/swin_tiny/Experience3/Test_Cluster/best_accuracy_top-1_epoch_36.pth 

backbone.stages.1.blocks.1.attn.w_msa.qkv.bias - torch.Size([576]): 
PretrainedInit: load from /data4/lj/Classification/1.7/work_dirs/swin_tiny/Experience3/Test_Cluster/best_accuracy_top-1_epoch_36.pth 

backbone.stages.1.blocks.1.attn.w_msa.proj.weight - torch.Size([192, 192]): 
PretrainedInit: load from /data4/lj/Classification/1.7/work_dirs/swin_tiny/Experience3/Test_Cluster/best_accuracy_top-1_epoch_36.pth 

backbone.stages.1.blocks.1.attn.w_msa.proj.bias - torch.Size([192]): 
PretrainedInit: load from /data4/lj/Classification/1.7/work_dirs/swin_tiny/Experience3/Test_Cluster/best_accuracy_top-1_epoch_36.pth 

backbone.stages.1.blocks.1.norm2.weight - torch.Size([192]): 
PretrainedInit: load from /data4/lj/Classification/1.7/work_dirs/swin_tiny/Experience3/Test_Cluster/best_accuracy_top-1_epoch_36.pth 

backbone.stages.1.blocks.1.norm2.bias - torch.Size([192]): 
PretrainedInit: load from /data4/lj/Classification/1.7/work_dirs/swin_tiny/Experience3/Test_Cluster/best_accuracy_top-1_epoch_36.pth 

backbone.stages.1.blocks.1.ffn.layers.0.0.weight - torch.Size([768, 192]): 
PretrainedInit: load from /data4/lj/Classification/1.7/work_dirs/swin_tiny/Experience3/Test_Cluster/best_accuracy_top-1_epoch_36.pth 

backbone.stages.1.blocks.1.ffn.layers.0.0.bias - torch.Size([768]): 
PretrainedInit: load from /data4/lj/Classification/1.7/work_dirs/swin_tiny/Experience3/Test_Cluster/best_accuracy_top-1_epoch_36.pth 

backbone.stages.1.blocks.1.ffn.layers.1.weight - torch.Size([192, 768]): 
PretrainedInit: load from /data4/lj/Classification/1.7/work_dirs/swin_tiny/Experience3/Test_Cluster/best_accuracy_top-1_epoch_36.pth 

backbone.stages.1.blocks.1.ffn.layers.1.bias - torch.Size([192]): 
PretrainedInit: load from /data4/lj/Classification/1.7/work_dirs/swin_tiny/Experience3/Test_Cluster/best_accuracy_top-1_epoch_36.pth 

backbone.stages.1.downsample.norm.weight - torch.Size([768]): 
PretrainedInit: load from /data4/lj/Classification/1.7/work_dirs/swin_tiny/Experience3/Test_Cluster/best_accuracy_top-1_epoch_36.pth 

backbone.stages.1.downsample.norm.bias - torch.Size([768]): 
PretrainedInit: load from /data4/lj/Classification/1.7/work_dirs/swin_tiny/Experience3/Test_Cluster/best_accuracy_top-1_epoch_36.pth 

backbone.stages.1.downsample.reduction.weight - torch.Size([384, 768]): 
PretrainedInit: load from /data4/lj/Classification/1.7/work_dirs/swin_tiny/Experience3/Test_Cluster/best_accuracy_top-1_epoch_36.pth 

backbone.stages.2.blocks.0.norm1.weight - torch.Size([384]): 
PretrainedInit: load from /data4/lj/Classification/1.7/work_dirs/swin_tiny/Experience3/Test_Cluster/best_accuracy_top-1_epoch_36.pth 

backbone.stages.2.blocks.0.norm1.bias - torch.Size([384]): 
PretrainedInit: load from /data4/lj/Classification/1.7/work_dirs/swin_tiny/Experience3/Test_Cluster/best_accuracy_top-1_epoch_36.pth 

backbone.stages.2.blocks.0.attn.w_msa.relative_position_bias_table - torch.Size([169, 12]): 
PretrainedInit: load from /data4/lj/Classification/1.7/work_dirs/swin_tiny/Experience3/Test_Cluster/best_accuracy_top-1_epoch_36.pth 

backbone.stages.2.blocks.0.attn.w_msa.qkv.weight - torch.Size([1152, 384]): 
PretrainedInit: load from /data4/lj/Classification/1.7/work_dirs/swin_tiny/Experience3/Test_Cluster/best_accuracy_top-1_epoch_36.pth 

backbone.stages.2.blocks.0.attn.w_msa.qkv.bias - torch.Size([1152]): 
PretrainedInit: load from /data4/lj/Classification/1.7/work_dirs/swin_tiny/Experience3/Test_Cluster/best_accuracy_top-1_epoch_36.pth 

backbone.stages.2.blocks.0.attn.w_msa.proj.weight - torch.Size([384, 384]): 
PretrainedInit: load from /data4/lj/Classification/1.7/work_dirs/swin_tiny/Experience3/Test_Cluster/best_accuracy_top-1_epoch_36.pth 

backbone.stages.2.blocks.0.attn.w_msa.proj.bias - torch.Size([384]): 
PretrainedInit: load from /data4/lj/Classification/1.7/work_dirs/swin_tiny/Experience3/Test_Cluster/best_accuracy_top-1_epoch_36.pth 

backbone.stages.2.blocks.0.norm2.weight - torch.Size([384]): 
PretrainedInit: load from /data4/lj/Classification/1.7/work_dirs/swin_tiny/Experience3/Test_Cluster/best_accuracy_top-1_epoch_36.pth 

backbone.stages.2.blocks.0.norm2.bias - torch.Size([384]): 
PretrainedInit: load from /data4/lj/Classification/1.7/work_dirs/swin_tiny/Experience3/Test_Cluster/best_accuracy_top-1_epoch_36.pth 

backbone.stages.2.blocks.0.ffn.layers.0.0.weight - torch.Size([1536, 384]): 
PretrainedInit: load from /data4/lj/Classification/1.7/work_dirs/swin_tiny/Experience3/Test_Cluster/best_accuracy_top-1_epoch_36.pth 

backbone.stages.2.blocks.0.ffn.layers.0.0.bias - torch.Size([1536]): 
PretrainedInit: load from /data4/lj/Classification/1.7/work_dirs/swin_tiny/Experience3/Test_Cluster/best_accuracy_top-1_epoch_36.pth 

backbone.stages.2.blocks.0.ffn.layers.1.weight - torch.Size([384, 1536]): 
PretrainedInit: load from /data4/lj/Classification/1.7/work_dirs/swin_tiny/Experience3/Test_Cluster/best_accuracy_top-1_epoch_36.pth 

backbone.stages.2.blocks.0.ffn.layers.1.bias - torch.Size([384]): 
PretrainedInit: load from /data4/lj/Classification/1.7/work_dirs/swin_tiny/Experience3/Test_Cluster/best_accuracy_top-1_epoch_36.pth 

backbone.stages.2.blocks.1.norm1.weight - torch.Size([384]): 
PretrainedInit: load from /data4/lj/Classification/1.7/work_dirs/swin_tiny/Experience3/Test_Cluster/best_accuracy_top-1_epoch_36.pth 

backbone.stages.2.blocks.1.norm1.bias - torch.Size([384]): 
PretrainedInit: load from /data4/lj/Classification/1.7/work_dirs/swin_tiny/Experience3/Test_Cluster/best_accuracy_top-1_epoch_36.pth 

backbone.stages.2.blocks.1.attn.w_msa.relative_position_bias_table - torch.Size([169, 12]): 
PretrainedInit: load from /data4/lj/Classification/1.7/work_dirs/swin_tiny/Experience3/Test_Cluster/best_accuracy_top-1_epoch_36.pth 

backbone.stages.2.blocks.1.attn.w_msa.qkv.weight - torch.Size([1152, 384]): 
PretrainedInit: load from /data4/lj/Classification/1.7/work_dirs/swin_tiny/Experience3/Test_Cluster/best_accuracy_top-1_epoch_36.pth 

backbone.stages.2.blocks.1.attn.w_msa.qkv.bias - torch.Size([1152]): 
PretrainedInit: load from /data4/lj/Classification/1.7/work_dirs/swin_tiny/Experience3/Test_Cluster/best_accuracy_top-1_epoch_36.pth 

backbone.stages.2.blocks.1.attn.w_msa.proj.weight - torch.Size([384, 384]): 
PretrainedInit: load from /data4/lj/Classification/1.7/work_dirs/swin_tiny/Experience3/Test_Cluster/best_accuracy_top-1_epoch_36.pth 

backbone.stages.2.blocks.1.attn.w_msa.proj.bias - torch.Size([384]): 
PretrainedInit: load from /data4/lj/Classification/1.7/work_dirs/swin_tiny/Experience3/Test_Cluster/best_accuracy_top-1_epoch_36.pth 

backbone.stages.2.blocks.1.norm2.weight - torch.Size([384]): 
PretrainedInit: load from /data4/lj/Classification/1.7/work_dirs/swin_tiny/Experience3/Test_Cluster/best_accuracy_top-1_epoch_36.pth 

backbone.stages.2.blocks.1.norm2.bias - torch.Size([384]): 
PretrainedInit: load from /data4/lj/Classification/1.7/work_dirs/swin_tiny/Experience3/Test_Cluster/best_accuracy_top-1_epoch_36.pth 

backbone.stages.2.blocks.1.ffn.layers.0.0.weight - torch.Size([1536, 384]): 
PretrainedInit: load from /data4/lj/Classification/1.7/work_dirs/swin_tiny/Experience3/Test_Cluster/best_accuracy_top-1_epoch_36.pth 

backbone.stages.2.blocks.1.ffn.layers.0.0.bias - torch.Size([1536]): 
PretrainedInit: load from /data4/lj/Classification/1.7/work_dirs/swin_tiny/Experience3/Test_Cluster/best_accuracy_top-1_epoch_36.pth 

backbone.stages.2.blocks.1.ffn.layers.1.weight - torch.Size([384, 1536]): 
PretrainedInit: load from /data4/lj/Classification/1.7/work_dirs/swin_tiny/Experience3/Test_Cluster/best_accuracy_top-1_epoch_36.pth 

backbone.stages.2.blocks.1.ffn.layers.1.bias - torch.Size([384]): 
PretrainedInit: load from /data4/lj/Classification/1.7/work_dirs/swin_tiny/Experience3/Test_Cluster/best_accuracy_top-1_epoch_36.pth 

backbone.stages.2.blocks.2.norm1.weight - torch.Size([384]): 
PretrainedInit: load from /data4/lj/Classification/1.7/work_dirs/swin_tiny/Experience3/Test_Cluster/best_accuracy_top-1_epoch_36.pth 

backbone.stages.2.blocks.2.norm1.bias - torch.Size([384]): 
PretrainedInit: load from /data4/lj/Classification/1.7/work_dirs/swin_tiny/Experience3/Test_Cluster/best_accuracy_top-1_epoch_36.pth 

backbone.stages.2.blocks.2.attn.w_msa.relative_position_bias_table - torch.Size([169, 12]): 
PretrainedInit: load from /data4/lj/Classification/1.7/work_dirs/swin_tiny/Experience3/Test_Cluster/best_accuracy_top-1_epoch_36.pth 

backbone.stages.2.blocks.2.attn.w_msa.qkv.weight - torch.Size([1152, 384]): 
PretrainedInit: load from /data4/lj/Classification/1.7/work_dirs/swin_tiny/Experience3/Test_Cluster/best_accuracy_top-1_epoch_36.pth 

backbone.stages.2.blocks.2.attn.w_msa.qkv.bias - torch.Size([1152]): 
PretrainedInit: load from /data4/lj/Classification/1.7/work_dirs/swin_tiny/Experience3/Test_Cluster/best_accuracy_top-1_epoch_36.pth 

backbone.stages.2.blocks.2.attn.w_msa.proj.weight - torch.Size([384, 384]): 
PretrainedInit: load from /data4/lj/Classification/1.7/work_dirs/swin_tiny/Experience3/Test_Cluster/best_accuracy_top-1_epoch_36.pth 

backbone.stages.2.blocks.2.attn.w_msa.proj.bias - torch.Size([384]): 
PretrainedInit: load from /data4/lj/Classification/1.7/work_dirs/swin_tiny/Experience3/Test_Cluster/best_accuracy_top-1_epoch_36.pth 

backbone.stages.2.blocks.2.norm2.weight - torch.Size([384]): 
PretrainedInit: load from /data4/lj/Classification/1.7/work_dirs/swin_tiny/Experience3/Test_Cluster/best_accuracy_top-1_epoch_36.pth 

backbone.stages.2.blocks.2.norm2.bias - torch.Size([384]): 
PretrainedInit: load from /data4/lj/Classification/1.7/work_dirs/swin_tiny/Experience3/Test_Cluster/best_accuracy_top-1_epoch_36.pth 

backbone.stages.2.blocks.2.ffn.layers.0.0.weight - torch.Size([1536, 384]): 
PretrainedInit: load from /data4/lj/Classification/1.7/work_dirs/swin_tiny/Experience3/Test_Cluster/best_accuracy_top-1_epoch_36.pth 

backbone.stages.2.blocks.2.ffn.layers.0.0.bias - torch.Size([1536]): 
PretrainedInit: load from /data4/lj/Classification/1.7/work_dirs/swin_tiny/Experience3/Test_Cluster/best_accuracy_top-1_epoch_36.pth 

backbone.stages.2.blocks.2.ffn.layers.1.weight - torch.Size([384, 1536]): 
PretrainedInit: load from /data4/lj/Classification/1.7/work_dirs/swin_tiny/Experience3/Test_Cluster/best_accuracy_top-1_epoch_36.pth 

backbone.stages.2.blocks.2.ffn.layers.1.bias - torch.Size([384]): 
PretrainedInit: load from /data4/lj/Classification/1.7/work_dirs/swin_tiny/Experience3/Test_Cluster/best_accuracy_top-1_epoch_36.pth 

backbone.stages.2.blocks.3.norm1.weight - torch.Size([384]): 
PretrainedInit: load from /data4/lj/Classification/1.7/work_dirs/swin_tiny/Experience3/Test_Cluster/best_accuracy_top-1_epoch_36.pth 

backbone.stages.2.blocks.3.norm1.bias - torch.Size([384]): 
PretrainedInit: load from /data4/lj/Classification/1.7/work_dirs/swin_tiny/Experience3/Test_Cluster/best_accuracy_top-1_epoch_36.pth 

backbone.stages.2.blocks.3.attn.w_msa.relative_position_bias_table - torch.Size([169, 12]): 
PretrainedInit: load from /data4/lj/Classification/1.7/work_dirs/swin_tiny/Experience3/Test_Cluster/best_accuracy_top-1_epoch_36.pth 

backbone.stages.2.blocks.3.attn.w_msa.qkv.weight - torch.Size([1152, 384]): 
PretrainedInit: load from /data4/lj/Classification/1.7/work_dirs/swin_tiny/Experience3/Test_Cluster/best_accuracy_top-1_epoch_36.pth 

backbone.stages.2.blocks.3.attn.w_msa.qkv.bias - torch.Size([1152]): 
PretrainedInit: load from /data4/lj/Classification/1.7/work_dirs/swin_tiny/Experience3/Test_Cluster/best_accuracy_top-1_epoch_36.pth 

backbone.stages.2.blocks.3.attn.w_msa.proj.weight - torch.Size([384, 384]): 
PretrainedInit: load from /data4/lj/Classification/1.7/work_dirs/swin_tiny/Experience3/Test_Cluster/best_accuracy_top-1_epoch_36.pth 

backbone.stages.2.blocks.3.attn.w_msa.proj.bias - torch.Size([384]): 
PretrainedInit: load from /data4/lj/Classification/1.7/work_dirs/swin_tiny/Experience3/Test_Cluster/best_accuracy_top-1_epoch_36.pth 

backbone.stages.2.blocks.3.norm2.weight - torch.Size([384]): 
PretrainedInit: load from /data4/lj/Classification/1.7/work_dirs/swin_tiny/Experience3/Test_Cluster/best_accuracy_top-1_epoch_36.pth 

backbone.stages.2.blocks.3.norm2.bias - torch.Size([384]): 
PretrainedInit: load from /data4/lj/Classification/1.7/work_dirs/swin_tiny/Experience3/Test_Cluster/best_accuracy_top-1_epoch_36.pth 

backbone.stages.2.blocks.3.ffn.layers.0.0.weight - torch.Size([1536, 384]): 
PretrainedInit: load from /data4/lj/Classification/1.7/work_dirs/swin_tiny/Experience3/Test_Cluster/best_accuracy_top-1_epoch_36.pth 

backbone.stages.2.blocks.3.ffn.layers.0.0.bias - torch.Size([1536]): 
PretrainedInit: load from /data4/lj/Classification/1.7/work_dirs/swin_tiny/Experience3/Test_Cluster/best_accuracy_top-1_epoch_36.pth 

backbone.stages.2.blocks.3.ffn.layers.1.weight - torch.Size([384, 1536]): 
PretrainedInit: load from /data4/lj/Classification/1.7/work_dirs/swin_tiny/Experience3/Test_Cluster/best_accuracy_top-1_epoch_36.pth 

backbone.stages.2.blocks.3.ffn.layers.1.bias - torch.Size([384]): 
PretrainedInit: load from /data4/lj/Classification/1.7/work_dirs/swin_tiny/Experience3/Test_Cluster/best_accuracy_top-1_epoch_36.pth 

backbone.stages.2.blocks.4.norm1.weight - torch.Size([384]): 
PretrainedInit: load from /data4/lj/Classification/1.7/work_dirs/swin_tiny/Experience3/Test_Cluster/best_accuracy_top-1_epoch_36.pth 

backbone.stages.2.blocks.4.norm1.bias - torch.Size([384]): 
PretrainedInit: load from /data4/lj/Classification/1.7/work_dirs/swin_tiny/Experience3/Test_Cluster/best_accuracy_top-1_epoch_36.pth 

backbone.stages.2.blocks.4.attn.w_msa.relative_position_bias_table - torch.Size([169, 12]): 
PretrainedInit: load from /data4/lj/Classification/1.7/work_dirs/swin_tiny/Experience3/Test_Cluster/best_accuracy_top-1_epoch_36.pth 

backbone.stages.2.blocks.4.attn.w_msa.qkv.weight - torch.Size([1152, 384]): 
PretrainedInit: load from /data4/lj/Classification/1.7/work_dirs/swin_tiny/Experience3/Test_Cluster/best_accuracy_top-1_epoch_36.pth 

backbone.stages.2.blocks.4.attn.w_msa.qkv.bias - torch.Size([1152]): 
PretrainedInit: load from /data4/lj/Classification/1.7/work_dirs/swin_tiny/Experience3/Test_Cluster/best_accuracy_top-1_epoch_36.pth 

backbone.stages.2.blocks.4.attn.w_msa.proj.weight - torch.Size([384, 384]): 
PretrainedInit: load from /data4/lj/Classification/1.7/work_dirs/swin_tiny/Experience3/Test_Cluster/best_accuracy_top-1_epoch_36.pth 

backbone.stages.2.blocks.4.attn.w_msa.proj.bias - torch.Size([384]): 
PretrainedInit: load from /data4/lj/Classification/1.7/work_dirs/swin_tiny/Experience3/Test_Cluster/best_accuracy_top-1_epoch_36.pth 

backbone.stages.2.blocks.4.norm2.weight - torch.Size([384]): 
PretrainedInit: load from /data4/lj/Classification/1.7/work_dirs/swin_tiny/Experience3/Test_Cluster/best_accuracy_top-1_epoch_36.pth 

backbone.stages.2.blocks.4.norm2.bias - torch.Size([384]): 
PretrainedInit: load from /data4/lj/Classification/1.7/work_dirs/swin_tiny/Experience3/Test_Cluster/best_accuracy_top-1_epoch_36.pth 

backbone.stages.2.blocks.4.ffn.layers.0.0.weight - torch.Size([1536, 384]): 
PretrainedInit: load from /data4/lj/Classification/1.7/work_dirs/swin_tiny/Experience3/Test_Cluster/best_accuracy_top-1_epoch_36.pth 

backbone.stages.2.blocks.4.ffn.layers.0.0.bias - torch.Size([1536]): 
PretrainedInit: load from /data4/lj/Classification/1.7/work_dirs/swin_tiny/Experience3/Test_Cluster/best_accuracy_top-1_epoch_36.pth 

backbone.stages.2.blocks.4.ffn.layers.1.weight - torch.Size([384, 1536]): 
PretrainedInit: load from /data4/lj/Classification/1.7/work_dirs/swin_tiny/Experience3/Test_Cluster/best_accuracy_top-1_epoch_36.pth 

backbone.stages.2.blocks.4.ffn.layers.1.bias - torch.Size([384]): 
PretrainedInit: load from /data4/lj/Classification/1.7/work_dirs/swin_tiny/Experience3/Test_Cluster/best_accuracy_top-1_epoch_36.pth 

backbone.stages.2.blocks.5.norm1.weight - torch.Size([384]): 
PretrainedInit: load from /data4/lj/Classification/1.7/work_dirs/swin_tiny/Experience3/Test_Cluster/best_accuracy_top-1_epoch_36.pth 

backbone.stages.2.blocks.5.norm1.bias - torch.Size([384]): 
PretrainedInit: load from /data4/lj/Classification/1.7/work_dirs/swin_tiny/Experience3/Test_Cluster/best_accuracy_top-1_epoch_36.pth 

backbone.stages.2.blocks.5.attn.w_msa.relative_position_bias_table - torch.Size([169, 12]): 
PretrainedInit: load from /data4/lj/Classification/1.7/work_dirs/swin_tiny/Experience3/Test_Cluster/best_accuracy_top-1_epoch_36.pth 

backbone.stages.2.blocks.5.attn.w_msa.qkv.weight - torch.Size([1152, 384]): 
PretrainedInit: load from /data4/lj/Classification/1.7/work_dirs/swin_tiny/Experience3/Test_Cluster/best_accuracy_top-1_epoch_36.pth 

backbone.stages.2.blocks.5.attn.w_msa.qkv.bias - torch.Size([1152]): 
PretrainedInit: load from /data4/lj/Classification/1.7/work_dirs/swin_tiny/Experience3/Test_Cluster/best_accuracy_top-1_epoch_36.pth 

backbone.stages.2.blocks.5.attn.w_msa.proj.weight - torch.Size([384, 384]): 
PretrainedInit: load from /data4/lj/Classification/1.7/work_dirs/swin_tiny/Experience3/Test_Cluster/best_accuracy_top-1_epoch_36.pth 

backbone.stages.2.blocks.5.attn.w_msa.proj.bias - torch.Size([384]): 
PretrainedInit: load from /data4/lj/Classification/1.7/work_dirs/swin_tiny/Experience3/Test_Cluster/best_accuracy_top-1_epoch_36.pth 

backbone.stages.2.blocks.5.norm2.weight - torch.Size([384]): 
PretrainedInit: load from /data4/lj/Classification/1.7/work_dirs/swin_tiny/Experience3/Test_Cluster/best_accuracy_top-1_epoch_36.pth 

backbone.stages.2.blocks.5.norm2.bias - torch.Size([384]): 
PretrainedInit: load from /data4/lj/Classification/1.7/work_dirs/swin_tiny/Experience3/Test_Cluster/best_accuracy_top-1_epoch_36.pth 

backbone.stages.2.blocks.5.ffn.layers.0.0.weight - torch.Size([1536, 384]): 
PretrainedInit: load from /data4/lj/Classification/1.7/work_dirs/swin_tiny/Experience3/Test_Cluster/best_accuracy_top-1_epoch_36.pth 

backbone.stages.2.blocks.5.ffn.layers.0.0.bias - torch.Size([1536]): 
PretrainedInit: load from /data4/lj/Classification/1.7/work_dirs/swin_tiny/Experience3/Test_Cluster/best_accuracy_top-1_epoch_36.pth 

backbone.stages.2.blocks.5.ffn.layers.1.weight - torch.Size([384, 1536]): 
PretrainedInit: load from /data4/lj/Classification/1.7/work_dirs/swin_tiny/Experience3/Test_Cluster/best_accuracy_top-1_epoch_36.pth 

backbone.stages.2.blocks.5.ffn.layers.1.bias - torch.Size([384]): 
PretrainedInit: load from /data4/lj/Classification/1.7/work_dirs/swin_tiny/Experience3/Test_Cluster/best_accuracy_top-1_epoch_36.pth 

backbone.stages.2.downsample.norm.weight - torch.Size([1536]): 
PretrainedInit: load from /data4/lj/Classification/1.7/work_dirs/swin_tiny/Experience3/Test_Cluster/best_accuracy_top-1_epoch_36.pth 

backbone.stages.2.downsample.norm.bias - torch.Size([1536]): 
PretrainedInit: load from /data4/lj/Classification/1.7/work_dirs/swin_tiny/Experience3/Test_Cluster/best_accuracy_top-1_epoch_36.pth 

backbone.stages.2.downsample.reduction.weight - torch.Size([768, 1536]): 
PretrainedInit: load from /data4/lj/Classification/1.7/work_dirs/swin_tiny/Experience3/Test_Cluster/best_accuracy_top-1_epoch_36.pth 

backbone.stages.3.blocks.0.norm1.weight - torch.Size([768]): 
PretrainedInit: load from /data4/lj/Classification/1.7/work_dirs/swin_tiny/Experience3/Test_Cluster/best_accuracy_top-1_epoch_36.pth 

backbone.stages.3.blocks.0.norm1.bias - torch.Size([768]): 
PretrainedInit: load from /data4/lj/Classification/1.7/work_dirs/swin_tiny/Experience3/Test_Cluster/best_accuracy_top-1_epoch_36.pth 

backbone.stages.3.blocks.0.attn.w_msa.relative_position_bias_table - torch.Size([169, 24]): 
PretrainedInit: load from /data4/lj/Classification/1.7/work_dirs/swin_tiny/Experience3/Test_Cluster/best_accuracy_top-1_epoch_36.pth 

backbone.stages.3.blocks.0.attn.w_msa.qkv.weight - torch.Size([2304, 768]): 
PretrainedInit: load from /data4/lj/Classification/1.7/work_dirs/swin_tiny/Experience3/Test_Cluster/best_accuracy_top-1_epoch_36.pth 

backbone.stages.3.blocks.0.attn.w_msa.qkv.bias - torch.Size([2304]): 
PretrainedInit: load from /data4/lj/Classification/1.7/work_dirs/swin_tiny/Experience3/Test_Cluster/best_accuracy_top-1_epoch_36.pth 

backbone.stages.3.blocks.0.attn.w_msa.proj.weight - torch.Size([768, 768]): 
PretrainedInit: load from /data4/lj/Classification/1.7/work_dirs/swin_tiny/Experience3/Test_Cluster/best_accuracy_top-1_epoch_36.pth 

backbone.stages.3.blocks.0.attn.w_msa.proj.bias - torch.Size([768]): 
PretrainedInit: load from /data4/lj/Classification/1.7/work_dirs/swin_tiny/Experience3/Test_Cluster/best_accuracy_top-1_epoch_36.pth 

backbone.stages.3.blocks.0.norm2.weight - torch.Size([768]): 
PretrainedInit: load from /data4/lj/Classification/1.7/work_dirs/swin_tiny/Experience3/Test_Cluster/best_accuracy_top-1_epoch_36.pth 

backbone.stages.3.blocks.0.norm2.bias - torch.Size([768]): 
PretrainedInit: load from /data4/lj/Classification/1.7/work_dirs/swin_tiny/Experience3/Test_Cluster/best_accuracy_top-1_epoch_36.pth 

backbone.stages.3.blocks.0.ffn.layers.0.0.weight - torch.Size([3072, 768]): 
PretrainedInit: load from /data4/lj/Classification/1.7/work_dirs/swin_tiny/Experience3/Test_Cluster/best_accuracy_top-1_epoch_36.pth 

backbone.stages.3.blocks.0.ffn.layers.0.0.bias - torch.Size([3072]): 
PretrainedInit: load from /data4/lj/Classification/1.7/work_dirs/swin_tiny/Experience3/Test_Cluster/best_accuracy_top-1_epoch_36.pth 

backbone.stages.3.blocks.0.ffn.layers.1.weight - torch.Size([768, 3072]): 
PretrainedInit: load from /data4/lj/Classification/1.7/work_dirs/swin_tiny/Experience3/Test_Cluster/best_accuracy_top-1_epoch_36.pth 

backbone.stages.3.blocks.0.ffn.layers.1.bias - torch.Size([768]): 
PretrainedInit: load from /data4/lj/Classification/1.7/work_dirs/swin_tiny/Experience3/Test_Cluster/best_accuracy_top-1_epoch_36.pth 

backbone.stages.3.blocks.1.norm1.weight - torch.Size([768]): 
PretrainedInit: load from /data4/lj/Classification/1.7/work_dirs/swin_tiny/Experience3/Test_Cluster/best_accuracy_top-1_epoch_36.pth 

backbone.stages.3.blocks.1.norm1.bias - torch.Size([768]): 
PretrainedInit: load from /data4/lj/Classification/1.7/work_dirs/swin_tiny/Experience3/Test_Cluster/best_accuracy_top-1_epoch_36.pth 

backbone.stages.3.blocks.1.attn.w_msa.relative_position_bias_table - torch.Size([169, 24]): 
PretrainedInit: load from /data4/lj/Classification/1.7/work_dirs/swin_tiny/Experience3/Test_Cluster/best_accuracy_top-1_epoch_36.pth 

backbone.stages.3.blocks.1.attn.w_msa.qkv.weight - torch.Size([2304, 768]): 
PretrainedInit: load from /data4/lj/Classification/1.7/work_dirs/swin_tiny/Experience3/Test_Cluster/best_accuracy_top-1_epoch_36.pth 

backbone.stages.3.blocks.1.attn.w_msa.qkv.bias - torch.Size([2304]): 
PretrainedInit: load from /data4/lj/Classification/1.7/work_dirs/swin_tiny/Experience3/Test_Cluster/best_accuracy_top-1_epoch_36.pth 

backbone.stages.3.blocks.1.attn.w_msa.proj.weight - torch.Size([768, 768]): 
PretrainedInit: load from /data4/lj/Classification/1.7/work_dirs/swin_tiny/Experience3/Test_Cluster/best_accuracy_top-1_epoch_36.pth 

backbone.stages.3.blocks.1.attn.w_msa.proj.bias - torch.Size([768]): 
PretrainedInit: load from /data4/lj/Classification/1.7/work_dirs/swin_tiny/Experience3/Test_Cluster/best_accuracy_top-1_epoch_36.pth 

backbone.stages.3.blocks.1.norm2.weight - torch.Size([768]): 
PretrainedInit: load from /data4/lj/Classification/1.7/work_dirs/swin_tiny/Experience3/Test_Cluster/best_accuracy_top-1_epoch_36.pth 

backbone.stages.3.blocks.1.norm2.bias - torch.Size([768]): 
PretrainedInit: load from /data4/lj/Classification/1.7/work_dirs/swin_tiny/Experience3/Test_Cluster/best_accuracy_top-1_epoch_36.pth 

backbone.stages.3.blocks.1.ffn.layers.0.0.weight - torch.Size([3072, 768]): 
PretrainedInit: load from /data4/lj/Classification/1.7/work_dirs/swin_tiny/Experience3/Test_Cluster/best_accuracy_top-1_epoch_36.pth 

backbone.stages.3.blocks.1.ffn.layers.0.0.bias - torch.Size([3072]): 
PretrainedInit: load from /data4/lj/Classification/1.7/work_dirs/swin_tiny/Experience3/Test_Cluster/best_accuracy_top-1_epoch_36.pth 

backbone.stages.3.blocks.1.ffn.layers.1.weight - torch.Size([768, 3072]): 
PretrainedInit: load from /data4/lj/Classification/1.7/work_dirs/swin_tiny/Experience3/Test_Cluster/best_accuracy_top-1_epoch_36.pth 

backbone.stages.3.blocks.1.ffn.layers.1.bias - torch.Size([768]): 
PretrainedInit: load from /data4/lj/Classification/1.7/work_dirs/swin_tiny/Experience3/Test_Cluster/best_accuracy_top-1_epoch_36.pth 

backbone.norm3.weight - torch.Size([768]): 
PretrainedInit: load from /data4/lj/Classification/1.7/work_dirs/swin_tiny/Experience3/Test_Cluster/best_accuracy_top-1_epoch_36.pth 

backbone.norm3.bias - torch.Size([768]): 
PretrainedInit: load from /data4/lj/Classification/1.7/work_dirs/swin_tiny/Experience3/Test_Cluster/best_accuracy_top-1_epoch_36.pth 

head.fc.weight - torch.Size([149, 768]): 
TruncNormalInit: a=-2, b=2, mean=0, std=0.02, bias=0.0 

head.fc.bias - torch.Size([149]): 
TruncNormalInit: a=-2, b=2, mean=0, std=0.02, bias=0.0 
2023-11-01 12:30:50,684 - mmcls - INFO - Start running, host: root@8F-02-37u-AItest29, work_dir: /data4/lj/Classification/1.7/work_dirs/swin_tiny/Tongyi/0_5
2023-11-01 12:30:50,684 - mmcls - INFO - Hooks will be executed in the following order:
before_run:
(VERY_HIGH   ) CosineAnnealingLrUpdaterHook       
(NORMAL      ) CheckpointHook                     
(LOW         ) EvalHook                           
(VERY_LOW    ) TextLoggerHook                     
 -------------------- 
before_train_epoch:
(VERY_HIGH   ) CosineAnnealingLrUpdaterHook       
(LOW         ) IterTimerHook                      
(LOW         ) EvalHook                           
(VERY_LOW    ) TextLoggerHook                     
 -------------------- 
before_train_iter:
(VERY_HIGH   ) CosineAnnealingLrUpdaterHook       
(LOW         ) IterTimerHook                      
(LOW         ) EvalHook                           
 -------------------- 
after_train_iter:
(ABOVE_NORMAL) OptimizerHook                      
(NORMAL      ) CheckpointHook                     
(LOW         ) IterTimerHook                      
(LOW         ) EvalHook                           
(VERY_LOW    ) TextLoggerHook                     
 -------------------- 
after_train_epoch:
(NORMAL      ) CheckpointHook                     
(LOW         ) EvalHook                           
(VERY_LOW    ) TextLoggerHook                     
 -------------------- 
before_val_epoch:
(LOW         ) IterTimerHook                      
(VERY_LOW    ) TextLoggerHook                     
 -------------------- 
before_val_iter:
(LOW         ) IterTimerHook                      
 -------------------- 
after_val_iter:
(LOW         ) IterTimerHook                      
 -------------------- 
after_val_epoch:
(VERY_LOW    ) TextLoggerHook                     
 -------------------- 
after_run:
(VERY_LOW    ) TextLoggerHook                     
 -------------------- 
2023-11-01 12:30:50,685 - mmcls - INFO - workflow: [('train', 1)], max: 150 epochs
2023-11-01 12:30:50,685 - mmcls - INFO - Checkpoints will be saved to /data4/lj/Classification/1.7/work_dirs/swin_tiny/Tongyi/0_5 by HardDiskBackend.
2023-11-01 12:31:54,259 - mmcls - INFO - Epoch [1][100/719]	lr: 7.878e-06, eta: 19:01:36, time: 0.636, data_time: 0.038, memory: 17105, loss: 4.8860, grad_norm: 1.7749
2023-11-01 12:32:53,151 - mmcls - INFO - Epoch [1][200/719]	lr: 1.482e-05, eta: 18:18:34, time: 0.589, data_time: 0.001, memory: 17105, loss: 4.2208, grad_norm: 2.5957
2023-11-01 12:33:52,667 - mmcls - INFO - Epoch [1][300/719]	lr: 2.177e-05, eta: 18:07:18, time: 0.595, data_time: 0.001, memory: 17105, loss: 4.0766, grad_norm: 1.6996
2023-11-01 12:34:52,270 - mmcls - INFO - Epoch [1][400/719]	lr: 2.872e-05, eta: 18:01:33, time: 0.596, data_time: 0.001, memory: 17105, loss: 3.9669, grad_norm: 1.7730
2023-11-01 12:35:51,842 - mmcls - INFO - Epoch [1][500/719]	lr: 3.566e-05, eta: 17:57:36, time: 0.596, data_time: 0.001, memory: 17105, loss: 3.7857, grad_norm: 2.3255
2023-11-01 12:36:51,517 - mmcls - INFO - Epoch [1][600/719]	lr: 4.261e-05, eta: 17:54:56, time: 0.597, data_time: 0.001, memory: 17105, loss: 3.4245, grad_norm: 2.5059
2023-11-01 12:37:51,071 - mmcls - INFO - Epoch [1][700/719]	lr: 4.956e-05, eta: 17:52:27, time: 0.596, data_time: 0.001, memory: 17105, loss: 3.1313, grad_norm: 2.4711
2023-11-01 12:39:06,201 - mmcls - INFO - Epoch [2][100/719]	lr: 5.782e-05, eta: 17:32:09, time: 0.627, data_time: 0.034, memory: 17105, loss: 2.8109, grad_norm: 2.4264
2023-11-01 12:40:05,898 - mmcls - INFO - Epoch [2][200/719]	lr: 6.476e-05, eta: 17:32:33, time: 0.597, data_time: 0.001, memory: 17105, loss: 2.7117, grad_norm: 2.3522
2023-11-01 12:41:05,463 - mmcls - INFO - Epoch [2][300/719]	lr: 7.171e-05, eta: 17:32:26, time: 0.596, data_time: 0.001, memory: 17105, loss: 2.7014, grad_norm: 2.3116
2023-11-01 12:42:05,081 - mmcls - INFO - Epoch [2][400/719]	lr: 7.865e-05, eta: 17:32:16, time: 0.596, data_time: 0.001, memory: 17105, loss: 2.6765, grad_norm: 2.3605
2023-11-01 12:43:04,721 - mmcls - INFO - Epoch [2][500/719]	lr: 8.559e-05, eta: 17:31:59, time: 0.596, data_time: 0.001, memory: 17105, loss: 2.5386, grad_norm: 2.3635
2023-11-01 12:44:04,242 - mmcls - INFO - Epoch [2][600/719]	lr: 9.253e-05, eta: 17:31:26, time: 0.595, data_time: 0.001, memory: 17105, loss: 2.3983, grad_norm: 2.3434
2023-11-01 12:45:03,766 - mmcls - INFO - Epoch [2][700/719]	lr: 9.947e-05, eta: 17:30:50, time: 0.595, data_time: 0.001, memory: 17105, loss: 2.4591, grad_norm: 2.3612
2023-11-01 12:46:19,402 - mmcls - INFO - Epoch [3][100/719]	lr: 1.077e-04, eta: 17:21:08, time: 0.631, data_time: 0.036, memory: 17105, loss: 2.3909, grad_norm: 2.3012
2023-11-01 12:47:18,911 - mmcls - INFO - Epoch [3][200/719]	lr: 1.147e-04, eta: 17:20:58, time: 0.595, data_time: 0.001, memory: 17105, loss: 2.3917, grad_norm: 2.2532
2023-11-01 12:48:18,526 - mmcls - INFO - Epoch [3][300/719]	lr: 1.216e-04, eta: 17:20:48, time: 0.596, data_time: 0.001, memory: 17105, loss: 2.3324, grad_norm: 2.2728
2023-11-01 12:49:18,111 - mmcls - INFO - Epoch [3][400/719]	lr: 1.285e-04, eta: 17:20:32, time: 0.596, data_time: 0.001, memory: 17105, loss: 2.3488, grad_norm: 2.1695
2023-11-01 12:50:17,718 - mmcls - INFO - Epoch [3][500/719]	lr: 1.355e-04, eta: 17:20:12, time: 0.596, data_time: 0.001, memory: 17105, loss: 2.3237, grad_norm: 2.2508
2023-11-01 12:51:17,345 - mmcls - INFO - Epoch [3][600/719]	lr: 1.424e-04, eta: 17:19:49, time: 0.596, data_time: 0.001, memory: 17105, loss: 2.2917, grad_norm: 2.2107
2023-11-01 12:52:16,774 - mmcls - INFO - Epoch [3][700/719]	lr: 1.493e-04, eta: 17:19:13, time: 0.594, data_time: 0.001, memory: 17105, loss: 2.2580, grad_norm: 2.1065
2023-11-01 12:53:31,848 - mmcls - INFO - Epoch [4][100/719]	lr: 1.576e-04, eta: 17:12:06, time: 0.626, data_time: 0.035, memory: 17105, loss: 2.1753, grad_norm: 2.1751
2023-11-01 12:54:31,438 - mmcls - INFO - Epoch [4][200/719]	lr: 1.645e-04, eta: 17:11:50, time: 0.596, data_time: 0.001, memory: 17105, loss: 2.2380, grad_norm: 2.1332
2023-11-01 12:55:30,902 - mmcls - INFO - Epoch [4][300/719]	lr: 1.714e-04, eta: 17:11:24, time: 0.595, data_time: 0.001, memory: 17105, loss: 2.1835, grad_norm: 2.1081
2023-11-01 12:56:30,477 - mmcls - INFO - Epoch [4][400/719]	lr: 1.783e-04, eta: 17:11:01, time: 0.596, data_time: 0.001, memory: 17105, loss: 2.1531, grad_norm: 2.1271
2023-11-01 12:57:30,137 - mmcls - INFO - Epoch [4][500/719]	lr: 1.852e-04, eta: 17:10:38, time: 0.597, data_time: 0.001, memory: 17105, loss: 2.2299, grad_norm: 2.2091
2023-11-01 12:58:29,823 - mmcls - INFO - Epoch [4][600/719]	lr: 1.922e-04, eta: 17:10:13, time: 0.597, data_time: 0.001, memory: 17105, loss: 2.1988, grad_norm: 2.2362
2023-11-01 12:59:30,984 - mmcls - INFO - Epoch [4][700/719]	lr: 1.991e-04, eta: 17:09:51, time: 0.598, data_time: 0.001, memory: 17105, loss: 2.1623, grad_norm: 2.0857
2023-11-01 13:00:44,999 - mmcls - INFO - Epoch [5][100/719]	lr: 2.073e-04, eta: 17:04:26, time: 0.628, data_time: 0.035, memory: 17105, loss: 2.1321, grad_norm: 2.0617
2023-11-01 13:01:44,496 - mmcls - INFO - Epoch [5][200/719]	lr: 2.142e-04, eta: 17:03:58, time: 0.595, data_time: 0.001, memory: 17105, loss: 2.1163, grad_norm: 2.1273
2023-11-01 13:02:44,280 - mmcls - INFO - Epoch [5][300/719]	lr: 2.211e-04, eta: 17:03:37, time: 0.598, data_time: 0.001, memory: 17105, loss: 2.1675, grad_norm: 1.9932
2023-11-01 13:03:43,674 - mmcls - INFO - Epoch [5][400/719]	lr: 2.280e-04, eta: 17:03:01, time: 0.594, data_time: 0.001, memory: 17105, loss: 2.1496, grad_norm: 2.1199
2023-11-01 13:04:43,172 - mmcls - INFO - Epoch [5][500/719]	lr: 2.349e-04, eta: 17:02:27, time: 0.595, data_time: 0.001, memory: 17105, loss: 2.0459, grad_norm: 2.1760
2023-11-01 13:05:42,366 - mmcls - INFO - Epoch [5][600/719]	lr: 2.418e-04, eta: 17:01:43, time: 0.592, data_time: 0.001, memory: 17105, loss: 2.1432, grad_norm: 2.1249
2023-11-01 13:06:42,772 - mmcls - INFO - Epoch [5][700/719]	lr: 2.487e-04, eta: 17:01:33, time: 0.604, data_time: 0.014, memory: 17105, loss: 2.1002, grad_norm: 2.0626
2023-11-01 13:07:56,086 - mmcls - INFO - Epoch [6][100/719]	lr: 2.569e-04, eta: 16:56:45, time: 0.622, data_time: 0.037, memory: 17105, loss: 2.0468, grad_norm: 1.9675
2023-11-01 13:08:55,058 - mmcls - INFO - Epoch [6][200/719]	lr: 2.638e-04, eta: 16:55:58, time: 0.590, data_time: 0.001, memory: 17105, loss: 2.0986, grad_norm: 2.0650
2023-11-01 13:09:53,798 - mmcls - INFO - Epoch [6][300/719]	lr: 2.707e-04, eta: 16:55:03, time: 0.587, data_time: 0.001, memory: 17105, loss: 2.1210, grad_norm: 2.0059
2023-11-01 13:10:52,705 - mmcls - INFO - Epoch [6][400/719]	lr: 2.775e-04, eta: 16:54:13, time: 0.589, data_time: 0.001, memory: 17105, loss: 2.0907, grad_norm: 2.1284
2023-11-01 13:11:51,514 - mmcls - INFO - Epoch [6][500/719]	lr: 2.844e-04, eta: 16:53:20, time: 0.588, data_time: 0.001, memory: 17105, loss: 2.1202, grad_norm: 2.0472
2023-11-01 13:12:50,398 - mmcls - INFO - Epoch [6][600/719]	lr: 2.913e-04, eta: 16:52:28, time: 0.589, data_time: 0.001, memory: 17105, loss: 2.0541, grad_norm: 2.0379
2023-11-01 13:13:50,558 - mmcls - INFO - Epoch [6][700/719]	lr: 2.982e-04, eta: 16:52:07, time: 0.602, data_time: 0.015, memory: 17105, loss: 2.0676, grad_norm: 1.9672
2023-11-01 13:15:03,813 - mmcls - INFO - Epoch [7][100/719]	lr: 3.063e-04, eta: 16:47:57, time: 0.621, data_time: 0.035, memory: 17105, loss: 1.9998, grad_norm: 2.1106
2023-11-01 13:16:02,810 - mmcls - INFO - Epoch [7][200/719]	lr: 3.132e-04, eta: 16:47:11, time: 0.590, data_time: 0.001, memory: 17105, loss: 2.0659, grad_norm: 1.9656
2023-11-01 13:17:01,747 - mmcls - INFO - Epoch [7][300/719]	lr: 3.200e-04, eta: 16:46:22, time: 0.589, data_time: 0.001, memory: 17105, loss: 2.0167, grad_norm: 2.0336
2023-11-01 13:18:00,250 - mmcls - INFO - Epoch [7][400/719]	lr: 3.269e-04, eta: 16:45:24, time: 0.585, data_time: 0.001, memory: 17105, loss: 2.0488, grad_norm: 2.0903
2023-11-01 13:18:59,056 - mmcls - INFO - Epoch [7][500/719]	lr: 3.337e-04, eta: 16:44:33, time: 0.588, data_time: 0.001, memory: 17105, loss: 1.9790, grad_norm: 1.8561
2023-11-01 13:19:57,890 - mmcls - INFO - Epoch [7][600/719]	lr: 3.406e-04, eta: 16:43:41, time: 0.588, data_time: 0.001, memory: 17105, loss: 1.9879, grad_norm: 2.0117
2023-11-01 13:20:58,122 - mmcls - INFO - Epoch [7][700/719]	lr: 3.474e-04, eta: 16:43:18, time: 0.602, data_time: 0.015, memory: 17105, loss: 2.0592, grad_norm: 1.8186
2023-11-01 13:22:11,377 - mmcls - INFO - Epoch [8][100/719]	lr: 3.556e-04, eta: 16:39:38, time: 0.621, data_time: 0.037, memory: 17105, loss: 2.0179, grad_norm: 1.8811
2023-11-01 13:23:10,125 - mmcls - INFO - Epoch [8][200/719]	lr: 3.624e-04, eta: 16:38:46, time: 0.587, data_time: 0.001, memory: 17105, loss: 2.0378, grad_norm: 1.8403
2023-11-01 13:24:08,818 - mmcls - INFO - Epoch [8][300/719]	lr: 3.692e-04, eta: 16:37:54, time: 0.587, data_time: 0.001, memory: 17105, loss: 1.9974, grad_norm: 1.8758
2023-11-01 13:25:07,656 - mmcls - INFO - Epoch [8][400/719]	lr: 3.760e-04, eta: 16:37:03, time: 0.588, data_time: 0.001, memory: 17105, loss: 1.9965, grad_norm: 1.9247
2023-11-01 13:26:06,372 - mmcls - INFO - Epoch [8][500/719]	lr: 3.828e-04, eta: 16:36:11, time: 0.587, data_time: 0.001, memory: 17105, loss: 2.0146, grad_norm: 1.8848
2023-11-01 13:27:05,098 - mmcls - INFO - Epoch [8][600/719]	lr: 3.897e-04, eta: 16:35:18, time: 0.587, data_time: 0.001, memory: 17105, loss: 1.9655, grad_norm: 1.8938
2023-11-01 13:28:05,222 - mmcls - INFO - Epoch [8][700/719]	lr: 3.965e-04, eta: 16:34:50, time: 0.601, data_time: 0.016, memory: 17105, loss: 1.9702, grad_norm: 1.9642
2023-11-01 13:29:18,479 - mmcls - INFO - Epoch [9][100/719]	lr: 4.046e-04, eta: 16:31:31, time: 0.621, data_time: 0.037, memory: 17105, loss: 1.9409, grad_norm: 1.9119
2023-11-01 13:30:17,356 - mmcls - INFO - Epoch [9][200/719]	lr: 4.114e-04, eta: 16:30:42, time: 0.589, data_time: 0.001, memory: 17105, loss: 1.9656, grad_norm: 1.8884
2023-11-01 13:31:16,172 - mmcls - INFO - Epoch [9][300/719]	lr: 4.181e-04, eta: 16:29:52, time: 0.588, data_time: 0.001, memory: 17105, loss: 1.9570, grad_norm: 1.8311
2023-11-01 13:32:15,039 - mmcls - INFO - Epoch [9][400/719]	lr: 4.249e-04, eta: 16:29:02, time: 0.589, data_time: 0.001, memory: 17105, loss: 1.9732, grad_norm: 1.8176
2023-11-01 13:33:13,854 - mmcls - INFO - Epoch [9][500/719]	lr: 4.317e-04, eta: 16:28:11, time: 0.588, data_time: 0.001, memory: 17105, loss: 1.9457, grad_norm: 1.7584
2023-11-01 13:34:12,622 - mmcls - INFO - Epoch [9][600/719]	lr: 4.385e-04, eta: 16:27:19, time: 0.588, data_time: 0.001, memory: 17105, loss: 1.9498, grad_norm: 1.8226
